

<!DOCTYPE html>
<html>
<head>
<meta charset="UTF-8">
<meta name="viewport" content="width=device-width, initial-scale=1, shrink-to-fit=no">
<title>eatOS</title>
<link rel="apple-touch-icon" href="https://cdn.jsdelivr.net/gh/extent-framework/extent-github-cdn@b00a2d0486596e73dd7326beacf352c639623a0e/commons/img/logo.png">
<link rel="shortcut icon" href="https://cdn.jsdelivr.net/gh/extent-framework/extent-github-cdn@b00a2d0486596e73dd7326beacf352c639623a0e/commons/img/logo.png">
<link href="https://cdn.jsdelivr.net/gh/extent-framework/extent-github-cdn@d6562a79075e061305ccfdb82f01e5e195e2d307/spark/css/spark-style.css" rel="stylesheet" />
<link href="https://stackpath.bootstrapcdn.com/font-awesome/4.7.0/css/font-awesome.min.css" rel="stylesheet">
<script src="https://cdn.jsdelivr.net/gh/extent-framework/extent-github-cdn@7cc78ce/spark/js/jsontree.js"></script>
<style type="text/css"></style></head><body class="spa bdd-report standard">
  <div class="app">
    <div class="layout">
<div class="header navbar">
<div class="vheader">
<div class="nav-logo">
<a href="#">
<div class="logo" style="background-image: url('https://cdn.jsdelivr.net/gh/extent-framework/extent-github-cdn@b00a2d0486596e73dd7326beacf352c639623a0e/commons/img/logo.png')"></div>
</a>
</div>
<ul class="nav-left">
<li class="search-box">
<a class="search-toggle" href="#">
<i class="search-icon fa fa-search"></i>
<i class="search-icon-close fa fa-close"></i>
</a>
</li>
<li class="search-input"><input id="search-tests" class="form-control" type="text" placeholder="Search..."></li>
</ul>
<ul class="nav-right">
<li class="m-r-10">
<a href="#"><span class="badge badge-primary">POS Automation Report</span></a>
</li>
<li class="m-r-10">
<a href="#"><span class="badge badge-primary">Jun 3, 2024 11:16:43 am</span></a>
</li>
</ul>
</div>
</div><div class="side-nav">
<div class="side-nav-inner">
<ul class="side-nav-menu">
<li class="nav-item dropdown" onclick="toggleView('dashboard-view')">
<a id="nav-dashboard" class="dropdown-toggle" href="#">
<span class="ico"><i class="fa fa-bar-chart"></i></span>
</a>
</li>
<li class="nav-item dropdown" onclick="toggleView('test-view')">
<a id="nav-test" class="dropdown-toggle" href="#">
<span class="ico"><i class="fa fa-list"></i></span>
</a>
</li>
<li class="nav-item dropdown" onclick="toggleView('category-view')">
<a id="nav-category" class="dropdown-toggle" href="#">
<span class="ico"><i class="fa fa-tag"></i></span>
</a>
</li>
<li class="nav-item dropdown" onclick="toggleView('exception-view')">
<a id="nav-exception" class="dropdown-toggle" href="#">
<span class="ico"><i class="fa fa-bug"></i></span>
</a>
</li>
</ul>
</div>
</div>      <div class="vcontainer">
        <div class="main-content">
<div class="container-fluid p-4 view dashboard-view">
<div class="row">
<div class="col-md-3">
<div class="card"><div class="card-body">
<p class="m-b-0">Started</p>
<h3>Jun 3, 2024 11:16:43 am</h3>
</div></div>
</div>
<div class="col-md-3">
<div class="card"><div class="card-body">
<p class="m-b-0">Ended</p>
<h3>Jun 3, 2024 11:46:58 am</h3>
</div></div>
</div>
<div class="col-md-3">
<div class="card"><div class="card-body">
<p class="m-b-0 text-pass">Features Passed</p>
<h3>2</h3>
</div></div>
</div>
<div class="col-md-3">
<div class="card"><div class="card-body">
<p class="m-b-0 text-fail">Features Failed</p>
<h3>3</h3>
</div></div>
</div>
</div>
<div class="row">
<div class="col-md-4">
<div class="card">
<div class="card-header">
<h6 class="card-title">Features</h6>
</div>
<div class="card-body">
<div class="">
<canvas id='parent-analysis' width='115' height='90'></canvas>
</div>
</div>
<div class="card-footer">
<div><small data-tooltip='40%'>
<b>2</b> features passed
</small>
</div>
<div>
<small data-tooltip='60%'><b>3</b> features failed,
<b>0</b> skipped, <b data-tooltip='0%'>0</b> others
</small>
</div>
</div>
</div>
</div>
<div class="col-md-4">
<div class="card">
<div class="card-header">
<h6 class="card-title">Scenarios</h6>
</div>
<div class="card-body">
<div class="">
<canvas id='child-analysis' width='115' height='90'></canvas>
</div>
</div>
<div class="card-footer">
<div><small data-tooltip='89%'><b>58</b> scenarios passed</small></div>
<div>
<small data-tooltip='10%'><b>7</b> scenarios failed,
<b>0</b> skipped, <b data-tooltip='%'>0</b> others
</small>
</div>
</div>
</div>
</div>
<div class="col-md-4">
<div class="card">
<div class="card-header">
<h6 class="card-title">Steps</h6>
</div>
<div class="card-body">
<div class="">
<canvas id='grandchild-analysis' width='115' height='90'></canvas>
</div>
</div>
<div class="card-footer">
<div><small data-tooltip='95%'><b>193</b> steps passed</small></div>
<div>
<small data-tooltip='3%'><b>7</b> steps failed,
<b>3</b> skipped, <b data-tooltip='%'>0</b> others
</small>
</div>
</div>
</div>
</div>
</div>
<div class="row"><div class="col-md-12">
<div class="card"><div class="card-header"><p>Timeline</p></div>
<div class="card-body pt-0"><div>
<canvas id="timeline" height="120"></canvas>
</div></div>
</div>
</div></div>
<script>
var timeline = {
"Login scenarios":222.704,"Menu Management":696.649,"Payments":370.096,"Restaurant":255.326,"Workforce Feature":250.197
};
</script>
<div class="row">
<div class="col-lg-6 col-md-12 category-container">
<div class="card">
<div class="card-header"><p>Tags</p></div>
<div class="card-body pb-0 pt-0"><table class="table table-sm table-bordered">
<thead><tr class="bg-gray"><th>Name</th><th>Passed</th><th>Failed</th><th>Skipped</th><th>Others</th><th>Passed %</th></tr></thead><tbody>
<tr>
<td>@products</td>
<td>3</td>
<td>0</td>
<td>0</td>
<td>0</td>
<td>100%</td>
</tr>
<tr>
<td>@serviceCharge</td>
<td>3</td>
<td>0</td>
<td>0</td>
<td>0</td>
<td>100%</td>
</tr>
<tr>
<td>@category</td>
<td>4</td>
<td>0</td>
<td>0</td>
<td>0</td>
<td>100%</td>
</tr>
<tr>
<td>@login</td>
<td>4</td>
<td>0</td>
<td>0</td>
<td>0</td>
<td>100%</td>
</tr>
<tr>
<td>@All</td>
<td>58</td>
<td>7</td>
<td>0</td>
<td>0</td>
<td>89.231%</td>
</tr>
<tr>
<td>@menu</td>
<td>3</td>
<td>1</td>
<td>0</td>
<td>0</td>
<td>75%</td>
</tr>
<tr>
<td>@locationSettings</td>
<td>0</td>
<td>1</td>
<td>0</td>
<td>0</td>
<td>0%</td>
</tr>
<tr>
<td>@menuManagement</td>
<td>22</td>
<td>1</td>
<td>0</td>
<td>0</td>
<td>95.652%</td>
</tr>
<tr>
<td>@search</td>
<td>10</td>
<td>4</td>
<td>0</td>
<td>0</td>
<td>71.429%</td>
</tr>
<tr>
<td>@ingredients</td>
<td>3</td>
<td>0</td>
<td>0</td>
<td>0</td>
<td>100%</td>
</tr>
<tr>
<td>@createAnAccount</td>
<td>8</td>
<td>0</td>
<td>0</td>
<td>0</td>
<td>100%</td>
</tr>
<tr>
<td>@guestbook</td>
<td>2</td>
<td>0</td>
<td>0</td>
<td>0</td>
<td>100%</td>
</tr>
<tr>
<td>@groups</td>
<td>3</td>
<td>0</td>
<td>0</td>
<td>0</td>
<td>100%</td>
</tr>
<tr>
<td>@loginModule</td>
<td>14</td>
<td>0</td>
<td>0</td>
<td>0</td>
<td>100%</td>
</tr>
<tr>
<td>@payments</td>
<td>10</td>
<td>2</td>
<td>0</td>
<td>0</td>
<td>83.333%</td>
</tr>
<tr>
<td>@timedPricing</td>
<td>1</td>
<td>0</td>
<td>0</td>
<td>0</td>
<td>100%</td>
</tr>
<tr>
<td>@modifiers</td>
<td>3</td>
<td>0</td>
<td>0</td>
<td>0</td>
<td>100%</td>
</tr>
<tr>
<td>@discount</td>
<td>3</td>
<td>0</td>
<td>0</td>
<td>0</td>
<td>100%</td>
</tr>
<tr>
<td>@Addons</td>
<td>3</td>
<td>0</td>
<td>0</td>
<td>0</td>
<td>100%</td>
</tr>
<tr>
<td>@taxes</td>
<td>10</td>
<td>0</td>
<td>0</td>
<td>0</td>
<td>100%</td>
</tr>
<tr>
<td>@sample</td>
<td>2</td>
<td>0</td>
<td>0</td>
<td>0</td>
<td>100%</td>
</tr>
<tr>
<td>@workforce</td>
<td>8</td>
<td>0</td>
<td>0</td>
<td>0</td>
<td>100%</td>
</tr>
<tr>
<td>@scheduleInfo</td>
<td>0</td>
<td>1</td>
<td>0</td>
<td>0</td>
<td>0%</td>
</tr>
</tbody>
</table></div>
</div>
</div>
<div class="col-lg-6 col-md-12 sysenv-container">
<div class="card">
<div class="card-header"><p>System/Environment</p></div>
<div class="card-body pb-0 pt-0"><table class="table table-sm table-bordered">
<thead><tr class="bg-gray"><th>Name</th><th>Value</th></tr></thead>
<tbody>
<tr>
<td>Build</td>
<td>4.1.12</td>
</tr>
<tr>
<td>AppName</td>
<td>eatOS_POS</td>
</tr>
<tr>
<td>Tester</td>
<td>NoushadPathan</td>
</tr>
<tr>
<td>OS</td>
<td>Windows 11</td>
</tr>
</tbody>
</table></div>
</div>
</div>
</div>
</div>
<script>
var statusGroup = {
parentCount: 5,
passParent: 2,
failParent: 3,
warningParent: 0,
skipParent: 0,
childCount: 5,
passChild: 58,
failChild: 7,
warningChild: 0,
skipChild: 0,
infoChild: 0,
grandChildCount: 5,
passGrandChild: 193,
failGrandChild: 7,
warningGrandChild: 0,
skipGrandChild: 3,
infoGrandChild: 0,
eventsCount: 5,
};
</script><div class="test-wrapper row view test-view">
  <div class="test-list">
    <div class="test-list-tools">
<ul class="tools pull-left">
<li><a href="#"><span class="font-size-14">Tests</span></a></li>
</ul>
<ul class="tools text-right">
<li class="dropdown">
<a href="#" class="dropdown-toggle" data-toggle="dropdown"><i class="fa fa-exclamation-circle"></i></a>
<ul id="status-toggle" class="dropdown-menu dropdown-md p-v-0">
<a class="dropdown-item" status="pass" href="#"><span>Pass</span><span class="status success"></span></a>
<a class="dropdown-item" status="fail" href="#"><span>Fail</span><span class="status danger"></span></a>
<div class="dropdown-divider"></div>
<a status="clear" class="dropdown-item" href="#"><span>Clear</span><span class="pull-right"><i class="fa fa-close"></i></span></a>
</ul>
</li>
<li class="dropdown">
<a href="#" class="dropdown-toggle" data-toggle="dropdown"><i class="fa fa-tag"></i></a>
<ul id="tag-toggle" class="dropdown-menu dropdown-md p-v-0">
<a class="dropdown-item" href="#">@products</a><a class="dropdown-item" href="#">@serviceCharge</a><a class="dropdown-item" href="#">@category</a><a class="dropdown-item" href="#">@login</a><a class="dropdown-item" href="#">@All</a><a class="dropdown-item" href="#">@menu</a><a class="dropdown-item" href="#">@locationSettings</a><a class="dropdown-item" href="#">@menuManagement</a><a class="dropdown-item" href="#">@search</a><a class="dropdown-item" href="#">@ingredients</a><a class="dropdown-item" href="#">@createAnAccount</a><a class="dropdown-item" href="#">@guestbook</a><a class="dropdown-item" href="#">@groups</a><a class="dropdown-item" href="#">@loginModule</a><a class="dropdown-item" href="#">@payments</a><a class="dropdown-item" href="#">@timedPricing</a><a class="dropdown-item" href="#">@modifiers</a><a class="dropdown-item" href="#">@discount</a><a class="dropdown-item" href="#">@Addons</a><a class="dropdown-item" href="#">@taxes</a><a class="dropdown-item" href="#">@sample</a><a class="dropdown-item" href="#">@workforce</a><a class="dropdown-item" href="#">@scheduleInfo</a>
</ul>
</li>
</ul>
</div>    <div class="test-list-wrapper scrollable">
      <ul class="test-list-item">
        <li class="test-item"  status="pass" test-id="1"
          author=""
          tag=""
          device="">
          <div class="test-detail">
            <p class="name">Login scenarios</p>
            <p class="text-sm">
              <span>11:17:02 am</span> / <span>00:03:42:704</span>
              <span class="badge pass-bg log float-right">Pass</span>
            </p>
          </div>
          <div class="test-contents d-none">
<div class="detail-head">
<div class="p-v-10">
<div class="info">
<h5 class="test-status text-pass">Login scenarios</h5>
<span class='badge badge-success'>06.03.2024 11:17:02 am</span>
<span class='badge badge-danger'>06.03.2024 11:20:45 am</span>
<span class='badge badge-default'>00:03:42:704</span>
&middot; <span class='uri-anchor badge badge-default'>#test-id=1</span>
<span class='badge badge-default pointer float-right ml-1 et'><i class="fa fa-chevron-down"></i></span>
<span class='badge badge-default pointer float-right ct'><i class="fa fa-chevron-up"></i></span>
</div>
<div class="m-t-10 m-l-5"></div>
</div>
</div>
<div class="accordion mt-4">
  <div class="card">
    <div class="card-header" role="tab">
      <div class="card-title">
        <div class="node" id="2"><span class="badge log pass-bg mr-2">Pass</span>Create An Account With Negative Scenario</div>
      </div>
    </div>
        <div class="scenario_outline collapse">
            <div class="card-body l1">
              <div class="card-header">
                <div class="card-title outline-child">
                  <div class="node" id="3"><span class="badge log pass-bg mr-2">Pass</span>Create An Account With Negative Scenario</div>
                </div>
              </div>
              <div class="card-body mt-3 collapse">
                  <div class="step pass-bg">
                    <span>Given User opens the Applications</span>
      <div>
      </div>
                  </div>
                  <div class="step pass-bg">
                    <span>And Tap on Create an Account</span>
      <div>
      </div>
                  </div>
                  <div class="step pass-bg">
                    <span>When User enter "VerifyTitle" in Create An Account screen</span>
      <div>
      </div>
                  </div>
                  <div class="step pass-bg">
                    <span>Then User should get a warning message "VerifyTitle"</span>
      <div>
      </div>
                  </div>
              </div>
            </div>
            <div class="card-body l1">
              <div class="card-header">
                <div class="card-title outline-child">
                  <div class="node" id="10"><span class="badge log pass-bg mr-2">Pass</span>Create An Account With Negative Scenario</div>
                </div>
              </div>
              <div class="card-body mt-3 collapse">
                  <div class="step pass-bg">
                    <span>Given User opens the Applications</span>
      <div>
      </div>
                  </div>
                  <div class="step pass-bg">
                    <span>And Tap on Create an Account</span>
      <div>
      </div>
                  </div>
                  <div class="step pass-bg">
                    <span>When User enter "emptyFirstName" in Create An Account screen</span>
      <div>
      </div>
                  </div>
                  <div class="step pass-bg">
                    <span>Then User should get a warning message "emptyFirstName"</span>
      <div>
      </div>
                  </div>
              </div>
            </div>
            <div class="card-body l1">
              <div class="card-header">
                <div class="card-title outline-child">
                  <div class="node" id="17"><span class="badge log pass-bg mr-2">Pass</span>Create An Account With Negative Scenario</div>
                </div>
              </div>
              <div class="card-body mt-3 collapse">
                  <div class="step pass-bg">
                    <span>Given User opens the Applications</span>
      <div>
      </div>
                  </div>
                  <div class="step pass-bg">
                    <span>And Tap on Create an Account</span>
      <div>
      </div>
                  </div>
                  <div class="step pass-bg">
                    <span>When User enter "emptyLastName" in Create An Account screen</span>
      <div>
      </div>
                  </div>
                  <div class="step pass-bg">
                    <span>Then User should get a warning message "emptyLastName"</span>
      <div>
      </div>
                  </div>
              </div>
            </div>
            <div class="card-body l1">
              <div class="card-header">
                <div class="card-title outline-child">
                  <div class="node" id="24"><span class="badge log pass-bg mr-2">Pass</span>Create An Account With Negative Scenario</div>
                </div>
              </div>
              <div class="card-body mt-3 collapse">
                  <div class="step pass-bg">
                    <span>Given User opens the Applications</span>
      <div>
      </div>
                  </div>
                  <div class="step pass-bg">
                    <span>And Tap on Create an Account</span>
      <div>
      </div>
                  </div>
                  <div class="step pass-bg">
                    <span>When User enter "emptyEmail" in Create An Account screen</span>
      <div>
      </div>
                  </div>
                  <div class="step pass-bg">
                    <span>Then User should get a warning message "emptyEmail"</span>
      <div>
      </div>
                  </div>
              </div>
            </div>
            <div class="card-body l1">
              <div class="card-header">
                <div class="card-title outline-child">
                  <div class="node" id="31"><span class="badge log pass-bg mr-2">Pass</span>Create An Account With Negative Scenario</div>
                </div>
              </div>
              <div class="card-body mt-3 collapse">
                  <div class="step pass-bg">
                    <span>Given User opens the Applications</span>
      <div>
      </div>
                  </div>
                  <div class="step pass-bg">
                    <span>And Tap on Create an Account</span>
      <div>
      </div>
                  </div>
                  <div class="step pass-bg">
                    <span>When User enter "emptyPhoneNum" in Create An Account screen</span>
      <div>
      </div>
                  </div>
                  <div class="step pass-bg">
                    <span>Then User should get a warning message "emptyPhoneNum"</span>
      <div>
      </div>
                  </div>
              </div>
            </div>
            <div class="card-body l1">
              <div class="card-header">
                <div class="card-title outline-child">
                  <div class="node" id="38"><span class="badge log pass-bg mr-2">Pass</span>Create An Account With Negative Scenario</div>
                </div>
              </div>
              <div class="card-body mt-3 collapse">
                  <div class="step pass-bg">
                    <span>Given User opens the Applications</span>
      <div>
      </div>
                  </div>
                  <div class="step pass-bg">
                    <span>And Tap on Create an Account</span>
      <div>
      </div>
                  </div>
                  <div class="step pass-bg">
                    <span>When User enter "emptyPassword" in Create An Account screen</span>
      <div>
      </div>
                  </div>
                  <div class="step pass-bg">
                    <span>Then User should get a warning message "emptyPassword"</span>
      <div>
      </div>
                  </div>
              </div>
            </div>
            <div class="card-body l1">
              <div class="card-header">
                <div class="card-title outline-child">
                  <div class="node" id="45"><span class="badge log pass-bg mr-2">Pass</span>Create An Account With Negative Scenario</div>
                </div>
              </div>
              <div class="card-body mt-3 collapse">
                  <div class="step pass-bg">
                    <span>Given User opens the Applications</span>
      <div>
      </div>
                  </div>
                  <div class="step pass-bg">
                    <span>And Tap on Create an Account</span>
      <div>
      </div>
                  </div>
                  <div class="step pass-bg">
                    <span>When User enter "restaurantName" in Create An Account screen</span>
      <div>
      </div>
                  </div>
                  <div class="step pass-bg">
                    <span>Then User should get a warning message "restaurantName"</span>
      <div>
      </div>
                  </div>
              </div>
            </div>
            <div class="card-body l1">
              <div class="card-header">
                <div class="card-title outline-child">
                  <div class="node" id="52"><span class="badge log pass-bg mr-2">Pass</span>Create An Account With Negative Scenario</div>
                </div>
              </div>
              <div class="card-body mt-3 collapse">
                  <div class="step pass-bg">
                    <span>Given User opens the Applications</span>
      <div>
      </div>
                  </div>
                  <div class="step pass-bg">
                    <span>And Tap on Create an Account</span>
      <div>
      </div>
                  </div>
                  <div class="step pass-bg">
                    <span>When User enter "allEmptyFields" in Create An Account screen</span>
      <div>
      </div>
                  </div>
                  <div class="step pass-bg">
                    <span>Then User should get a warning message "allEmptyFields"</span>
      <div>
      </div>
                  </div>
              </div>
            </div>
        </div>
  </div>
  <div class="card">
    <div class="card-header" role="tab">
      <div class="card-title">
        <div class="node" id="59"><span class="badge log pass-bg mr-2">Pass</span>Validate Login Functionality</div>
      </div>
    </div>
        <div class="scenario_outline collapse">
            <div class="card-body l1">
              <div class="card-header">
                <div class="card-title outline-child">
                  <div class="node" id="60"><span class="badge log pass-bg mr-2">Pass</span>Validate Login Functionality</div>
                </div>
              </div>
              <div class="card-body mt-3 collapse">
                  <div class="step pass-bg">
                    <span>When User enter "InvalidUsername" Credentials</span>
      <div>
      </div>
                  </div>
                  <div class="step pass-bg">
                    <span>Then User gets "InvalidUsername" errorMsg</span>
      <div>
      </div>
                  </div>
              </div>
            </div>
            <div class="card-body l1">
              <div class="card-header">
                <div class="card-title outline-child">
                  <div class="node" id="65"><span class="badge log pass-bg mr-2">Pass</span>Validate Login Functionality</div>
                </div>
              </div>
              <div class="card-body mt-3 collapse">
                  <div class="step pass-bg">
                    <span>When User enter "InvalidPassword" Credentials</span>
      <div>
      </div>
                  </div>
                  <div class="step pass-bg">
                    <span>Then User gets "InvalidPassword" errorMsg</span>
      <div>
      </div>
                  </div>
              </div>
            </div>
            <div class="card-body l1">
              <div class="card-header">
                <div class="card-title outline-child">
                  <div class="node" id="70"><span class="badge log pass-bg mr-2">Pass</span>Validate Login Functionality</div>
                </div>
              </div>
              <div class="card-body mt-3 collapse">
                  <div class="step pass-bg">
                    <span>When User enter "EmptyUsername" Credentials</span>
      <div>
      </div>
                  </div>
                  <div class="step pass-bg">
                    <span>Then User gets "EmptyUsername" errorMsg</span>
      <div>
      </div>
                  </div>
              </div>
            </div>
            <div class="card-body l1">
              <div class="card-header">
                <div class="card-title outline-child">
                  <div class="node" id="75"><span class="badge log pass-bg mr-2">Pass</span>Validate Login Functionality</div>
                </div>
              </div>
              <div class="card-body mt-3 collapse">
                  <div class="step pass-bg">
                    <span>When User enter "EmptyPassword" Credentials</span>
      <div>
      </div>
                  </div>
                  <div class="step pass-bg">
                    <span>Then User gets "EmptyPassword" errorMsg</span>
      <div>
      </div>
                  </div>
              </div>
            </div>
        </div>
  </div>
  <div class="card">
    <div class="card-header" role="tab">
      <div class="card-title">
        <div class="node" id="80"><span class="badge log pass-bg mr-2">Pass</span>Validate Login Functionality</div>
      </div>
    </div>
        <div class="scenario_outline collapse">
            <div class="card-body l1">
              <div class="card-header">
                <div class="card-title outline-child">
                  <div class="node" id="81"><span class="badge log pass-bg mr-2">Pass</span>Validate Login Functionality</div>
                </div>
              </div>
              <div class="card-body mt-3 collapse">
                  <div class="step pass-bg">
                    <span>When User enter "EmptyFields" Credentials</span>
      <div>
      </div>
                  </div>
                  <div class="step pass-bg">
                    <span>Then User gets "EmptyFields" errorMsg</span>
      <div>
      </div>
                  </div>
              </div>
            </div>
            <div class="card-body l1">
              <div class="card-header">
                <div class="card-title outline-child">
                  <div class="node" id="86"><span class="badge log pass-bg mr-2">Pass</span>Validate Login Functionality</div>
                </div>
              </div>
              <div class="card-body mt-3 collapse">
                  <div class="step pass-bg">
                    <span>When User enter "ValidCredentials" Credentials</span>
      <div>
      </div>
                  </div>
                  <div class="step pass-bg">
                    <span>Then User gets "ValidCredentials" errorMsg</span>
      <div>
      </div>
                  </div>
              </div>
            </div>
        </div>
  </div>
</div>
          </div>
        </li>
        <li class="test-item"  status="fail" test-id="91"
          author=""
          tag=""
          device="">
          <div class="test-detail">
            <p class="name">Menu Management</p>
            <p class="text-sm">
              <span>11:20:45 am</span> / <span>00:11:36:649</span>
              <span class="badge fail-bg log float-right">Fail</span>
            </p>
          </div>
          <div class="test-contents d-none">
<div class="detail-head">
<div class="p-v-10">
<div class="info">
<h5 class="test-status text-fail">Menu Management</h5>
<span class='badge badge-success'>06.03.2024 11:20:45 am</span>
<span class='badge badge-danger'>06.03.2024 11:32:22 am</span>
<span class='badge badge-default'>00:11:36:649</span>
&middot; <span class='uri-anchor badge badge-default'>#test-id=91</span>
<span class='badge badge-default pointer float-right ml-1 et'><i class="fa fa-chevron-down"></i></span>
<span class='badge badge-default pointer float-right ct'><i class="fa fa-chevron-up"></i></span>
</div>
<div class="m-t-10 m-l-5"></div>
</div>
</div>
<div class="accordion mt-4">
  <div class="card">
    <div class="card-header" role="tab">
      <div class="card-title">
        <div class="node" id="92"><span class="badge log fail-bg mr-2">Fail</span>Validate Menu Details for Different "<condition>"</div>
          <div class="status-avatar float-right mr-4">
            <i class="fa fa-paperclip"></i>
          </div>
      </div>
    </div>
        <div class="scenario_outline ">
            <div class="card-body l1">
              <div class="card-header">
                <div class="card-title outline-child">
                  <div class="node" id="93"><span class="badge log fail-bg mr-2">Fail</span>Validate Menu Details for Different "ValidMenuDetails"</div>
                    <div class="status-avatar float-right">
                      <i class="fa fa-paperclip"></i>
                    </div>
                </div>
              </div>
              <div class="card-body mt-3 ">
                  <div class="step pass-bg">
                    <span>Given User is on Menu management Screen</span>
      <div>
      </div>
                  </div>
                  <div class="step pass-bg">
                    <span>When User adds "ValidMenuDetails" Menu details</span>
      <div>
      </div>
                  </div>
                  <div class="step fail-bg">
                    <span>Then User gets errorMsg for "ValidMenuDetails" Menu Details</span>
      <div>
        <textarea disabled class="code-block">org.openqa.selenium.TimeoutException: Expected condition failed: waiting for visibility of Located by By.chained({By.xpath: ((//android.view.View[@content-desc='Menu'])[2])/android.view.View[2]}) (tried for 10 second(s) with 500 milliseconds interval)
	at org.openqa.selenium.support.ui.WebDriverWait.timeoutException(WebDriverWait.java:84)
	at org.openqa.selenium.support.ui.FluentWait.until(FluentWait.java:228)
	at com.qa.pages.BasePage.waitForVisibility(BasePage.java:34)
	at com.qa.pages.BasePage.clickOnElement(BasePage.java:51)
	at com.qa.pages.MenuManagementScreen.getMenuErrorMsg(MenuManagementScreen.java:128)
	at com.qa.stepdef.MenuManagementStepDef.userGetsErrorMsgOnMenuDetails(MenuManagementStepDef.java:42)
	at âœ½.User gets errorMsg for "ValidMenuDetails" Menu Details(file:///D:/eatOS/Appium/POS_eatOS/src/test/resources/MenuManagement.feature:8)
Caused by: org.openqa.selenium.NoSuchElementException: Can't locate an element by this strategy: By.chained({By.xpath: ((//android.view.View[@content-desc='Menu'])[2])/android.view.View[2]})
	at io.appium.java_client.pagefactory.AppiumElementLocator.findElement(AppiumElementLocator.java:166)
	at io.appium.java_client.pagefactory.interceptors.InterceptorOfASingleElement.call(InterceptorOfASingleElement.java:75)
	at io.appium.java_client.proxy.Interceptor.intercept(Interceptor.java:78)
	at org.openqa.selenium.remote.RemoteWebElement$ByteBuddy$4MXzxfHg.isDisplayed(Unknown Source)
	at org.openqa.selenium.support.ui.ExpectedConditions.elementIfVisible(ExpectedConditions.java:304)
	at org.openqa.selenium.support.ui.ExpectedConditions$10.apply(ExpectedConditions.java:290)
	at org.openqa.selenium.support.ui.ExpectedConditions$10.apply(ExpectedConditions.java:287)
	at org.openqa.selenium.support.ui.FluentWait.until(FluentWait.java:203)
	at com.qa.pages.BasePage.waitForVisibility(BasePage.java:34)
	at com.qa.pages.BasePage.clickOnElement(BasePage.java:51)
	at com.qa.pages.MenuManagementScreen.getMenuErrorMsg(MenuManagementScreen.java:128)
	at com.qa.stepdef.MenuManagementStepDef.userGetsErrorMsgOnMenuDetails(MenuManagementStepDef.java:42)
	at java.base/jdk.internal.reflect.DirectMethodHandleAccessor.invoke(DirectMethodHandleAccessor.java:104)
	at java.base/java.lang.reflect.Method.invoke(Method.java:578)
	at io.cucumber.java.Invoker.doInvoke(Invoker.java:66)
	at io.cucumber.java.Invoker.invoke(Invoker.java:24)
	at io.cucumber.java.AbstractGlueDefinition.invokeMethod(AbstractGlueDefinition.java:47)
	at io.cucumber.java.JavaStepDefinition.execute(JavaStepDefinition.java:29)
	at io.cucumber.core.runner.CoreStepDefinition.execute(CoreStepDefinition.java:66)
	at io.cucumber.core.runner.PickleStepDefinitionMatch.runStep(PickleStepDefinitionMatch.java:63)
	at io.cucumber.core.runner.ExecutionMode$1.execute(ExecutionMode.java:10)
	at io.cucumber.core.runner.TestStep.executeStep(TestStep.java:84)
	at io.cucumber.core.runner.TestStep.run(TestStep.java:56)
	at io.cucumber.core.runner.PickleStepTestStep.run(PickleStepTestStep.java:51)
	at io.cucumber.core.runner.TestCase.run(TestCase.java:84)
	at io.cucumber.core.runner.Runner.runPickle(Runner.java:75)
	at io.cucumber.testng.TestNGCucumberRunner.lambda$runScenario$1(TestNGCucumberRunner.java:132)
	at io.cucumber.core.runtime.CucumberExecutionContext.lambda$runTestCase$5(CucumberExecutionContext.java:137)
	at io.cucumber.core.runtime.RethrowingThrowableCollector.executeAndThrow(RethrowingThrowableCollector.java:23)
	at io.cucumber.core.runtime.CucumberExecutionContext.runTestCase(CucumberExecutionContext.java:137)
	at io.cucumber.testng.TestNGCucumberRunner.runScenario(TestNGCucumberRunner.java:129)
	at io.cucumber.testng.AbstractTestNGCucumberTests.runScenario(AbstractTestNGCucumberTests.java:35)
	at java.base/jdk.internal.reflect.DirectMethodHandleAccessor.invoke(DirectMethodHandleAccessor.java:104)
	at java.base/java.lang.reflect.Method.invoke(Method.java:578)
	at org.testng.internal.invokers.MethodInvocationHelper.invokeMethod(MethodInvocationHelper.java:139)
	at org.testng.internal.invokers.TestInvoker.invokeMethod(TestInvoker.java:664)
	at org.testng.internal.invokers.TestInvoker.invokeTestMethod(TestInvoker.java:228)
	at org.testng.internal.invokers.MethodRunner.runInSequence(MethodRunner.java:63)
	at org.testng.internal.invokers.TestInvoker$MethodInvocationAgent.invoke(TestInvoker.java:961)
	at org.testng.internal.invokers.TestInvoker.invokeTestMethods(TestInvoker.java:201)
	at org.testng.internal.invokers.TestMethodWorker.invokeTestMethods(TestMethodWorker.java:148)
	at org.testng.internal.invokers.TestMethodWorker.run(TestMethodWorker.java:128)
	at java.base/java.util.ArrayList.forEach(ArrayList.java:1511)
	at org.testng.TestRunner.privateRun(TestRunner.java:819)
	at org.testng.TestRunner.run(TestRunner.java:619)
	at org.testng.SuiteRunner.runTest(SuiteRunner.java:443)
	at org.testng.SuiteRunner.runSequentially(SuiteRunner.java:437)
	at org.testng.SuiteRunner.privateRun(SuiteRunner.java:397)
	at org.testng.SuiteRunner.run(SuiteRunner.java:336)
	at org.testng.SuiteRunnerWorker.runSuite(SuiteRunnerWorker.java:52)
	at org.testng.SuiteRunnerWorker.run(SuiteRunnerWorker.java:95)
	at org.testng.TestNG.runSuitesSequentially(TestNG.java:1301)
	at org.testng.TestNG.runSuitesLocally(TestNG.java:1228)
	at org.testng.TestNG.runSuites(TestNG.java:1134)
	at org.testng.TestNG.run(TestNG.java:1101)
	at com.intellij.rt.testng.IDEARemoteTestNG.run(IDEARemoteTestNG.java:66)
	at com.intellij.rt.testng.RemoteTestNGStarter.main(RemoteTestNGStarter.java:109)
Caused by: org.openqa.selenium.TimeoutException: Expected condition failed: waiting for io.appium.java_client.pagefactory.AppiumElementLocator$WaitingFunction@4742466e (tried for 1 second(s) with 500 milliseconds interval)
	at org.openqa.selenium.support.ui.FluentWait.timeoutException(FluentWait.java:265)
	at org.openqa.selenium.support.ui.FluentWait.until(FluentWait.java:228)
	at io.appium.java_client.pagefactory.AppiumElementLocator.waitFor(AppiumElementLocator.java:135)
	at io.appium.java_client.pagefactory.AppiumElementLocator.findElement(AppiumElementLocator.java:160)
	... 56 more
Caused by: org.openqa.selenium.NoSuchElementException: Cannot locate an element using By.chained({By.xpath: ((//android.view.View[@content-desc='Menu'])[2])/android.view.View[2]})
For documentation on this error, please visit: https://www.selenium.dev/documentation/webdriver/troubleshooting/errors#no-such-element-exception
Build info: version: '4.21.0', revision: '79ed462ef4'
System info: os.name: 'Windows 11', os.arch: 'amd64', os.version: '10.0', java.version: '19'
Driver info: driver.version: RemoteWebDriver
	at io.appium.java_client.pagefactory.bys.builder.ByChained.findElement(ByChained.java:74)
	at org.openqa.selenium.remote.ElementLocation$ElementFinder$1.findElement(ElementLocation.java:139)
	at org.openqa.selenium.remote.ElementLocation.findElement(ElementLocation.java:59)
	at org.openqa.selenium.remote.RemoteWebDriver.findElement(RemoteWebDriver.java:355)
	at org.openqa.selenium.remote.RemoteWebDriver.findElement(RemoteWebDriver.java:349)
	at io.appium.java_client.pagefactory.bys.ContentMappedBy.findElement(ContentMappedBy.java:53)
	at org.openqa.selenium.remote.ElementLocation$ElementFinder$1.findElement(ElementLocation.java:139)
	at org.openqa.selenium.remote.ElementLocation.findElement(ElementLocation.java:59)
	at org.openqa.selenium.remote.RemoteWebDriver.findElement(RemoteWebDriver.java:355)
	at org.openqa.selenium.remote.RemoteWebDriver.findElement(RemoteWebDriver.java:349)
	at io.appium.java_client.pagefactory.AppiumElementLocator.lambda$findElement$1(AppiumElementLocator.java:160)
	at io.appium.java_client.pagefactory.AppiumElementLocator$WaitingFunction.apply(AppiumElementLocator.java:217)
	at io.appium.java_client.pagefactory.AppiumElementLocator$WaitingFunction.apply(AppiumElementLocator.java:210)
	at org.openqa.selenium.support.ui.FluentWait.until(FluentWait.java:203)
	... 58 more
</textarea>
      
      </div>
                  </div>
                  <div class="step pass-bg">
                    <span>com.qa.stepdef.Hooks.quit(io.cucumber.java.Scenario)</span>
      <div>Validate Menu Details for Different "ValidMenuDetails"
          <div class="row mb-3"><div class="col-md-3">
<img data-featherlight='../embedded1.png' src="../embedded1.png">
    
    </div></div>
</div>
      <div>
      </div>
                  </div>
              </div>
            </div>
            <div class="card-body l1">
              <div class="card-header">
                <div class="card-title outline-child">
                  <div class="node" id="99"><span class="badge log pass-bg mr-2">Pass</span>Validate Menu Details for Different "EmptyMenuName"</div>
                </div>
              </div>
              <div class="card-body mt-3 collapse">
                  <div class="step pass-bg">
                    <span>Given User is on Menu management Screen</span>
      <div>
      </div>
                  </div>
                  <div class="step pass-bg">
                    <span>When User adds "EmptyMenuName" Menu details</span>
      <div>
      </div>
                  </div>
                  <div class="step pass-bg">
                    <span>Then User gets errorMsg for "EmptyMenuName" Menu Details</span>
      <div>
      </div>
                  </div>
              </div>
            </div>
            <div class="card-body l1">
              <div class="card-header">
                <div class="card-title outline-child">
                  <div class="node" id="105"><span class="badge log pass-bg mr-2">Pass</span>Validate Menu Details for Different "NumMenuName"</div>
                </div>
              </div>
              <div class="card-body mt-3 collapse">
                  <div class="step pass-bg">
                    <span>Given User is on Menu management Screen</span>
      <div>
      </div>
                  </div>
                  <div class="step pass-bg">
                    <span>When User adds "NumMenuName" Menu details</span>
      <div>
      </div>
                  </div>
                  <div class="step pass-bg">
                    <span>Then User gets errorMsg for "NumMenuName" Menu Details</span>
      <div>
      </div>
                  </div>
              </div>
            </div>
        </div>
  </div>
  <div class="card">
    <div class="card-header" role="tab">
      <div class="card-title">
        <div class="node" id="111"><span class="badge log pass-bg mr-2">Pass</span>Verify Search functionality on Menu</div>
      </div>
    </div>
        <div class="collapse">
          <div class="card-body">
              <div class="step pass-bg" title="com.qa.stepdef.MenuManagementStepDef.UserIsOnMenuManagementScreen()">
                <span>Given User is on Menu management Screen</span>
      <div>
      </div>
              </div>
              <div class="step pass-bg" title="com.qa.stepdef.MenuManagementStepDef.userSearchMenuOnSearchBar()">
                <span>When User Search menu on Search Bar</span>
      <div>
      </div>
              </div>
              <div class="step pass-bg" title="com.qa.stepdef.MenuManagementStepDef.uUserAbleToSearchItemOnMenu()">
                <span>Then User Able to Search Item on Menu</span>
      <div>
      </div>
              </div>
          </div>
        </div>
  </div>
  <div class="card">
    <div class="card-header" role="tab">
      <div class="card-title">
        <div class="node" id="117"><span class="badge log pass-bg mr-2">Pass</span>Validate Category Details for Different <condition></div>
      </div>
    </div>
        <div class="scenario_outline collapse">
            <div class="card-body l1">
              <div class="card-header">
                <div class="card-title outline-child">
                  <div class="node" id="118"><span class="badge log pass-bg mr-2">Pass</span>Validate Category Details for Different ExistingCategoryName</div>
                </div>
              </div>
              <div class="card-body mt-3 collapse">
                  <div class="step pass-bg">
                    <span>Given User is on Menu management Screen</span>
      <div>
      </div>
                  </div>
                  <div class="step pass-bg">
                    <span>When User adds "ExistingCategoryName" Category details</span>
      <div>
      </div>
                  </div>
                  <div class="step pass-bg">
                    <span>Then User gets errorMsg for "ExistingCategoryName" Category</span>
      <div>
      </div>
                  </div>
              </div>
            </div>
            <div class="card-body l1">
              <div class="card-header">
                <div class="card-title outline-child">
                  <div class="node" id="124"><span class="badge log pass-bg mr-2">Pass</span>Validate Category Details for Different EmptyCategoryName</div>
                </div>
              </div>
              <div class="card-body mt-3 collapse">
                  <div class="step pass-bg">
                    <span>Given User is on Menu management Screen</span>
      <div>
      </div>
                  </div>
                  <div class="step pass-bg">
                    <span>When User adds "EmptyCategoryName" Category details</span>
      <div>
      </div>
                  </div>
                  <div class="step pass-bg">
                    <span>Then User gets errorMsg for "EmptyCategoryName" Category</span>
      <div>
      </div>
                  </div>
              </div>
            </div>
            <div class="card-body l1">
              <div class="card-header">
                <div class="card-title outline-child">
                  <div class="node" id="130"><span class="badge log pass-bg mr-2">Pass</span>Validate Category Details for Different InvalidCategoryName</div>
                </div>
              </div>
              <div class="card-body mt-3 collapse">
                  <div class="step pass-bg">
                    <span>Given User is on Menu management Screen</span>
      <div>
      </div>
                  </div>
                  <div class="step pass-bg">
                    <span>When User adds "InvalidCategoryName" Category details</span>
      <div>
      </div>
                  </div>
                  <div class="step pass-bg">
                    <span>Then User gets errorMsg for "InvalidCategoryName" Category</span>
      <div>
      </div>
                  </div>
              </div>
            </div>
        </div>
  </div>
  <div class="card">
    <div class="card-header" role="tab">
      <div class="card-title">
        <div class="node" id="136"><span class="badge log pass-bg mr-2">Pass</span>Verify Search functionality on Category</div>
      </div>
    </div>
        <div class="collapse">
          <div class="card-body">
              <div class="step pass-bg" title="com.qa.stepdef.MenuManagementStepDef.UserIsOnMenuManagementScreen()">
                <span>Given User is on Menu management Screen</span>
      <div>
      </div>
              </div>
              <div class="step pass-bg" title="com.qa.stepdef.MenuManagementStepDef.userSearchCategoryOnSearchBar()">
                <span>When User Search Category on Search Bar</span>
      <div>
      </div>
              </div>
              <div class="step pass-bg" title="com.qa.stepdef.MenuManagementStepDef.uUserAbleToSearchItemOnCategory()">
                <span>Then User Able to Search Item on Category</span>
      <div>
      </div>
              </div>
          </div>
        </div>
  </div>
  <div class="card">
    <div class="card-header" role="tab">
      <div class="card-title">
        <div class="node" id="142"><span class="badge log pass-bg mr-2">Pass</span>Validate Modifiers Details for Different <condition></div>
      </div>
    </div>
        <div class="scenario_outline collapse">
            <div class="card-body l1">
              <div class="card-header">
                <div class="card-title outline-child">
                  <div class="node" id="143"><span class="badge log pass-bg mr-2">Pass</span>Validate Modifiers Details for Different EmptyModifierName</div>
                </div>
              </div>
              <div class="card-body mt-3 collapse">
                  <div class="step pass-bg">
                    <span>Given User is on Menu management Screen</span>
      <div>
      </div>
                  </div>
                  <div class="step pass-bg">
                    <span>When User adds "EmptyModifierName" Modifiers details</span>
      <div>
      </div>
                  </div>
                  <div class="step pass-bg">
                    <span>Then User gets errorMsg for "EmptyModifierName" Modifiers</span>
      <div>
      </div>
                  </div>
              </div>
            </div>
            <div class="card-body l1">
              <div class="card-header">
                <div class="card-title outline-child">
                  <div class="node" id="149"><span class="badge log pass-bg mr-2">Pass</span>Validate Modifiers Details for Different EmptyModifierOrderType</div>
                </div>
              </div>
              <div class="card-body mt-3 collapse">
                  <div class="step pass-bg">
                    <span>Given User is on Menu management Screen</span>
      <div>
      </div>
                  </div>
                  <div class="step pass-bg">
                    <span>When User adds "EmptyModifierOrderType" Modifiers details</span>
      <div>
      </div>
                  </div>
                  <div class="step pass-bg">
                    <span>Then User gets errorMsg for "EmptyModifierOrderType" Modifiers</span>
      <div>
      </div>
                  </div>
              </div>
            </div>
        </div>
  </div>
  <div class="card">
    <div class="card-header" role="tab">
      <div class="card-title">
        <div class="node" id="155"><span class="badge log pass-bg mr-2">Pass</span>Verify Search functionality on Modifiers</div>
      </div>
    </div>
        <div class="collapse">
          <div class="card-body">
              <div class="step pass-bg" title="com.qa.stepdef.MenuManagementStepDef.UserIsOnMenuManagementScreen()">
                <span>Given User is on Menu management Screen</span>
      <div>
      </div>
              </div>
              <div class="step pass-bg" title="com.qa.stepdef.MenuManagementStepDef.userSearchModifierOnSearchBar()">
                <span>When User Search Modifier on Search Bar</span>
      <div>
      </div>
              </div>
              <div class="step pass-bg" title="com.qa.stepdef.MenuManagementStepDef.uUserAbleToSearchItemOnModifier()">
                <span>Then User Able to Search Item on Modifier</span>
      <div>
      </div>
              </div>
          </div>
        </div>
  </div>
  <div class="card">
    <div class="card-header" role="tab">
      <div class="card-title">
        <div class="node" id="161"><span class="badge log pass-bg mr-2">Pass</span>Validate Addons Details for Different <condition></div>
      </div>
    </div>
        <div class="scenario_outline collapse">
            <div class="card-body l1">
              <div class="card-header">
                <div class="card-title outline-child">
                  <div class="node" id="162"><span class="badge log pass-bg mr-2">Pass</span>Validate Addons Details for Different EmptyAddonName</div>
                </div>
              </div>
              <div class="card-body mt-3 collapse">
                  <div class="step pass-bg">
                    <span>Given User is on Menu management Screen</span>
      <div>
      </div>
                  </div>
                  <div class="step pass-bg">
                    <span>When User adds "EmptyAddonName" Addons details</span>
      <div>
      </div>
                  </div>
                  <div class="step pass-bg">
                    <span>Then User gets errorMsg for "EmptyAddonName" Addons</span>
      <div>
      </div>
                  </div>
              </div>
            </div>
            <div class="card-body l1">
              <div class="card-header">
                <div class="card-title outline-child">
                  <div class="node" id="168"><span class="badge log pass-bg mr-2">Pass</span>Validate Addons Details for Different EmptyAddonOrderType</div>
                </div>
              </div>
              <div class="card-body mt-3 collapse">
                  <div class="step pass-bg">
                    <span>Given User is on Menu management Screen</span>
      <div>
      </div>
                  </div>
                  <div class="step pass-bg">
                    <span>When User adds "EmptyAddonOrderType" Addons details</span>
      <div>
      </div>
                  </div>
                  <div class="step pass-bg">
                    <span>Then User gets errorMsg for "EmptyAddonOrderType" Addons</span>
      <div>
      </div>
                  </div>
              </div>
            </div>
        </div>
  </div>
  <div class="card">
    <div class="card-header" role="tab">
      <div class="card-title">
        <div class="node" id="174"><span class="badge log pass-bg mr-2">Pass</span>Verify Search functionality on Addons</div>
      </div>
    </div>
        <div class="collapse">
          <div class="card-body">
              <div class="step pass-bg" title="com.qa.stepdef.MenuManagementStepDef.UserIsOnMenuManagementScreen()">
                <span>Given User is on Menu management Screen</span>
      <div>
      </div>
              </div>
              <div class="step pass-bg" title="com.qa.stepdef.MenuManagementStepDef.userSearchAddonsOnSearchBar()">
                <span>When User Search Addons on Search Bar</span>
      <div>
      </div>
              </div>
              <div class="step pass-bg" title="com.qa.stepdef.MenuManagementStepDef.uUserAbleToSearchItemOnAddons()">
                <span>Then User Able to Search Item on Addons</span>
      <div>
      </div>
              </div>
          </div>
        </div>
  </div>
  <div class="card">
    <div class="card-header" role="tab">
      <div class="card-title">
        <div class="node" id="180"><span class="badge log pass-bg mr-2">Pass</span>Validate Products Details for Different "<condition>"</div>
      </div>
    </div>
        <div class="scenario_outline collapse">
            <div class="card-body l1">
              <div class="card-header">
                <div class="card-title outline-child">
                  <div class="node" id="181"><span class="badge log pass-bg mr-2">Pass</span>Validate Products Details for Different "EmptyProductsName"</div>
                </div>
              </div>
              <div class="card-body mt-3 collapse">
                  <div class="step pass-bg">
                    <span>Given User is on Menu management Screen</span>
      <div>
      </div>
                  </div>
                  <div class="step pass-bg">
                    <span>When User adds "EmptyProductsName" Products details</span>
      <div>
      </div>
                  </div>
                  <div class="step pass-bg">
                    <span>Then User gets errorMsg for "EmptyProductsName" Products</span>
      <div>
      </div>
                  </div>
              </div>
            </div>
            <div class="card-body l1">
              <div class="card-header">
                <div class="card-title outline-child">
                  <div class="node" id="187"><span class="badge log pass-bg mr-2">Pass</span>Validate Products Details for Different "ExistingProductName"</div>
                </div>
              </div>
              <div class="card-body mt-3 collapse">
                  <div class="step pass-bg">
                    <span>Given User is on Menu management Screen</span>
      <div>
      </div>
                  </div>
                  <div class="step pass-bg">
                    <span>When User adds "ExistingProductName" Products details</span>
      <div>
      </div>
                  </div>
                  <div class="step pass-bg">
                    <span>Then User gets errorMsg for "ExistingProductName" Products</span>
      <div>
      </div>
                  </div>
              </div>
            </div>
        </div>
  </div>
  <div class="card">
    <div class="card-header" role="tab">
      <div class="card-title">
        <div class="node" id="193"><span class="badge log pass-bg mr-2">Pass</span>Verify Search functionality on Products</div>
      </div>
    </div>
        <div class="collapse">
          <div class="card-body">
              <div class="step pass-bg" title="com.qa.stepdef.MenuManagementStepDef.UserIsOnMenuManagementScreen()">
                <span>Given User is on Menu management Screen</span>
      <div>
      </div>
              </div>
              <div class="step pass-bg" title="com.qa.stepdef.MenuManagementStepDef.userSearchProductsOnSearchBar()">
                <span>When User Search Products on Search Bar</span>
      <div>
      </div>
              </div>
              <div class="step pass-bg" title="com.qa.stepdef.MenuManagementStepDef.uUserAbleToSearchItemOnProducts()">
                <span>Then User Able to Search Item on Products</span>
      <div>
      </div>
              </div>
          </div>
        </div>
  </div>
  <div class="card">
    <div class="card-header" role="tab">
      <div class="card-title">
        <div class="node" id="199"><span class="badge log pass-bg mr-2">Pass</span>Validate Ingredients Details for Different "<condition>"</div>
      </div>
    </div>
        <div class="scenario_outline collapse">
            <div class="card-body l1">
              <div class="card-header">
                <div class="card-title outline-child">
                  <div class="node" id="200"><span class="badge log pass-bg mr-2">Pass</span>Validate Ingredients Details for Different "EmptyIngredientsName"</div>
                </div>
              </div>
              <div class="card-body mt-3 collapse">
                  <div class="step pass-bg">
                    <span>Given User is on Menu management Screen</span>
      <div>
      </div>
                  </div>
                  <div class="step pass-bg">
                    <span>When User adds "EmptyIngredientsName" Ingredients details</span>
      <div>
      </div>
                  </div>
                  <div class="step pass-bg">
                    <span>Then User gets errorMsg for "EmptyIngredientsName" Ingredients</span>
      <div>
      </div>
                  </div>
              </div>
            </div>
            <div class="card-body l1">
              <div class="card-header">
                <div class="card-title outline-child">
                  <div class="node" id="206"><span class="badge log pass-bg mr-2">Pass</span>Validate Ingredients Details for Different "ExistingIngredientsName"</div>
                </div>
              </div>
              <div class="card-body mt-3 collapse">
                  <div class="step pass-bg">
                    <span>Given User is on Menu management Screen</span>
      <div>
      </div>
                  </div>
                  <div class="step pass-bg">
                    <span>When User adds "ExistingIngredientsName" Ingredients details</span>
      <div>
      </div>
                  </div>
                  <div class="step pass-bg">
                    <span>Then User gets errorMsg for "ExistingIngredientsName" Ingredients</span>
      <div>
      </div>
                  </div>
              </div>
            </div>
        </div>
  </div>
  <div class="card">
    <div class="card-header" role="tab">
      <div class="card-title">
        <div class="node" id="212"><span class="badge log pass-bg mr-2">Pass</span>Verify Search functionality on Ingredients</div>
      </div>
    </div>
        <div class="collapse">
          <div class="card-body">
              <div class="step pass-bg" title="com.qa.stepdef.MenuManagementStepDef.UserIsOnMenuManagementScreen()">
                <span>Given User is on Menu management Screen</span>
      <div>
      </div>
              </div>
              <div class="step pass-bg" title="com.qa.stepdef.MenuManagementStepDef.userSearchIngredientsOnSearchBar()">
                <span>When User Search Ingredients on Search Bar</span>
      <div>
      </div>
              </div>
              <div class="step pass-bg" title="com.qa.stepdef.MenuManagementStepDef.uUserAbleToSearchItemOnIngredients()">
                <span>Then User Able to Search Item on Ingredients</span>
      <div>
      </div>
              </div>
          </div>
        </div>
  </div>
  <div class="card">
    <div class="card-header" role="tab">
      <div class="card-title">
        <div class="node" id="218"><span class="badge log pass-bg mr-2">Pass</span>Validate Groups Details for Different "<condition>"</div>
      </div>
    </div>
        <div class="scenario_outline collapse">
            <div class="card-body l1">
              <div class="card-header">
                <div class="card-title outline-child">
                  <div class="node" id="219"><span class="badge log pass-bg mr-2">Pass</span>Validate Groups Details for Different "EmptyGroupsName"</div>
                </div>
              </div>
              <div class="card-body mt-3 collapse">
                  <div class="step pass-bg">
                    <span>Given User is on Menu management Screen</span>
      <div>
      </div>
                  </div>
                  <div class="step pass-bg">
                    <span>When User adds "EmptyGroupsName" Groups details</span>
      <div>
      </div>
                  </div>
                  <div class="step pass-bg">
                    <span>Then User gets errorMsg for "EmptyGroupsName" Groups</span>
      <div>
      </div>
                  </div>
              </div>
            </div>
            <div class="card-body l1">
              <div class="card-header">
                <div class="card-title outline-child">
                  <div class="node" id="225"><span class="badge log pass-bg mr-2">Pass</span>Validate Groups Details for Different "ExistingGroupsName"</div>
                </div>
              </div>
              <div class="card-body mt-3 collapse">
                  <div class="step pass-bg">
                    <span>Given User is on Menu management Screen</span>
      <div>
      </div>
                  </div>
                  <div class="step pass-bg">
                    <span>When User adds "ExistingGroupsName" Groups details</span>
      <div>
      </div>
                  </div>
                  <div class="step pass-bg">
                    <span>Then User gets errorMsg for "ExistingGroupsName" Groups</span>
      <div>
      </div>
                  </div>
              </div>
            </div>
        </div>
  </div>
  <div class="card">
    <div class="card-header" role="tab">
      <div class="card-title">
        <div class="node" id="231"><span class="badge log pass-bg mr-2">Pass</span>Verify Search functionality on Groups</div>
      </div>
    </div>
        <div class="collapse">
          <div class="card-body">
              <div class="step pass-bg" title="com.qa.stepdef.MenuManagementStepDef.UserIsOnMenuManagementScreen()">
                <span>Given User is on Menu management Screen</span>
      <div>
      </div>
              </div>
              <div class="step pass-bg" title="com.qa.stepdef.MenuManagementStepDef.userSearchGroupsOnSearchBar()">
                <span>When User Search Groups on Search Bar</span>
      <div>
      </div>
              </div>
              <div class="step pass-bg" title="com.qa.stepdef.MenuManagementStepDef.uUserAbleToSearchItemOnGroups()">
                <span>Then User Able to Search Item on Groups</span>
      <div>
      </div>
              </div>
          </div>
        </div>
  </div>
</div>
          </div>
        </li>
        <li class="test-item"  status="fail" test-id="237"
          author=""
          tag=""
          device="">
          <div class="test-detail">
            <p class="name">Payments</p>
            <p class="text-sm">
              <span>11:32:22 am</span> / <span>00:06:10:096</span>
              <span class="badge fail-bg log float-right">Fail</span>
            </p>
          </div>
          <div class="test-contents d-none">
<div class="detail-head">
<div class="p-v-10">
<div class="info">
<h5 class="test-status text-fail">Payments</h5>
<span class='badge badge-success'>06.03.2024 11:32:22 am</span>
<span class='badge badge-danger'>06.03.2024 11:38:32 am</span>
<span class='badge badge-default'>00:06:10:096</span>
&middot; <span class='uri-anchor badge badge-default'>#test-id=237</span>
<span class='badge badge-default pointer float-right ml-1 et'><i class="fa fa-chevron-down"></i></span>
<span class='badge badge-default pointer float-right ct'><i class="fa fa-chevron-up"></i></span>
</div>
<div class="m-t-10 m-l-5"></div>
</div>
</div>
<div class="accordion mt-4">
  <div class="card">
    <div class="card-header" role="tab">
      <div class="card-title">
        <div class="node" id="238"><span class="badge log pass-bg mr-2">Pass</span>Validate Tax Details  <condition></div>
      </div>
    </div>
        <div class="scenario_outline collapse">
            <div class="card-body l1">
              <div class="card-header">
                <div class="card-title outline-child">
                  <div class="node" id="239"><span class="badge log pass-bg mr-2">Pass</span>Validate Tax Details  EmptyTaxName</div>
                </div>
              </div>
              <div class="card-body mt-3 collapse">
                  <div class="step pass-bg">
                    <span>Given User is on Payments Screen</span>
      <div>
      </div>
                  </div>
                  <div class="step pass-bg">
                    <span>When User adds "EmptyTaxName" Tax details</span>
      <div>
      </div>
                  </div>
                  <div class="step pass-bg">
                    <span>Then User gets errorMsg for "EmptyTaxName" Tax Details</span>
      <div>
      </div>
                  </div>
              </div>
            </div>
            <div class="card-body l1">
              <div class="card-header">
                <div class="card-title outline-child">
                  <div class="node" id="245"><span class="badge log pass-bg mr-2">Pass</span>Validate Tax Details  EmptyTaxAmount</div>
                </div>
              </div>
              <div class="card-body mt-3 collapse">
                  <div class="step pass-bg">
                    <span>Given User is on Payments Screen</span>
      <div>
      </div>
                  </div>
                  <div class="step pass-bg">
                    <span>When User adds "EmptyTaxAmount" Tax details</span>
      <div>
      </div>
                  </div>
                  <div class="step pass-bg">
                    <span>Then User gets errorMsg for "EmptyTaxAmount" Tax Details</span>
      <div>
      </div>
                  </div>
              </div>
            </div>
            <div class="card-body l1">
              <div class="card-header">
                <div class="card-title outline-child">
                  <div class="node" id="251"><span class="badge log pass-bg mr-2">Pass</span>Validate Tax Details  EmptyAllFields</div>
                </div>
              </div>
              <div class="card-body mt-3 collapse">
                  <div class="step pass-bg">
                    <span>Given User is on Payments Screen</span>
      <div>
      </div>
                  </div>
                  <div class="step pass-bg">
                    <span>When User adds "EmptyAllFields" Tax details</span>
      <div>
      </div>
                  </div>
                  <div class="step pass-bg">
                    <span>Then User gets errorMsg for "EmptyAllFields" Tax Details</span>
      <div>
      </div>
                  </div>
              </div>
            </div>
        </div>
  </div>
  <div class="card">
    <div class="card-header" role="tab">
      <div class="card-title">
        <div class="node" id="257"><span class="badge log pass-bg mr-2">Pass</span>Verify Search functionality on Taxes</div>
      </div>
    </div>
        <div class="collapse">
          <div class="card-body">
              <div class="step pass-bg" title="com.qa.stepdef.PaymentsStepDef.userIsOnPaymentsScreen()">
                <span>Given User is on Payments Screen</span>
      <div>
      </div>
              </div>
              <div class="step pass-bg" title="com.qa.stepdef.PaymentsStepDef.userSearchTaxOnSearchBar()">
                <span>When User Search Tax on Search Bar</span>
      <div>
      </div>
              </div>
              <div class="step pass-bg" title="com.qa.stepdef.PaymentsStepDef.userAbleToSearchItemOnTax()">
                <span>Then User Able to Search Item on Tax</span>
      <div>
      </div>
              </div>
          </div>
        </div>
  </div>
  <div class="card">
    <div class="card-header" role="tab">
      <div class="card-title">
        <div class="node" id="263"><span class="badge log pass-bg mr-2">Pass</span>Validate Discount Details  <condition></div>
      </div>
    </div>
        <div class="scenario_outline collapse">
            <div class="card-body l1">
              <div class="card-header">
                <div class="card-title outline-child">
                  <div class="node" id="264"><span class="badge log pass-bg mr-2">Pass</span>Validate Discount Details  EmptyDiscountName</div>
                </div>
              </div>
              <div class="card-body mt-3 collapse">
                  <div class="step pass-bg">
                    <span>Given User is on Payments Screen</span>
      <div>
      </div>
                  </div>
                  <div class="step pass-bg">
                    <span>When User adds "EmptyDiscountName" Discount details</span>
      <div>
      </div>
                  </div>
                  <div class="step pass-bg">
                    <span>Then User gets errorMsg for "EmptyDiscountName" Discount Details</span>
      <div>
      </div>
                  </div>
              </div>
            </div>
            <div class="card-body l1">
              <div class="card-header">
                <div class="card-title outline-child">
                  <div class="node" id="270"><span class="badge log pass-bg mr-2">Pass</span>Validate Discount Details  EmptyDiscountAmount</div>
                </div>
              </div>
              <div class="card-body mt-3 collapse">
                  <div class="step pass-bg">
                    <span>Given User is on Payments Screen</span>
      <div>
      </div>
                  </div>
                  <div class="step pass-bg">
                    <span>When User adds "EmptyDiscountAmount" Discount details</span>
      <div>
      </div>
                  </div>
                  <div class="step pass-bg">
                    <span>Then User gets errorMsg for "EmptyDiscountAmount" Discount Details</span>
      <div>
      </div>
                  </div>
              </div>
            </div>
            <div class="card-body l1">
              <div class="card-header">
                <div class="card-title outline-child">
                  <div class="node" id="276"><span class="badge log pass-bg mr-2">Pass</span>Validate Discount Details  EmptyAllFields</div>
                </div>
              </div>
              <div class="card-body mt-3 collapse">
                  <div class="step pass-bg">
                    <span>Given User is on Payments Screen</span>
      <div>
      </div>
                  </div>
                  <div class="step pass-bg">
                    <span>When User adds "EmptyAllFields" Discount details</span>
      <div>
      </div>
                  </div>
                  <div class="step pass-bg">
                    <span>Then User gets errorMsg for "EmptyAllFields" Discount Details</span>
      <div>
      </div>
                  </div>
              </div>
            </div>
        </div>
  </div>
  <div class="card">
    <div class="card-header" role="tab">
      <div class="card-title">
        <div class="node" id="282"><span class="badge log fail-bg mr-2">Fail</span>Verify Search functionality on Discounts</div>
          <div class="status-avatar float-right mr-4">
            <i class="fa fa-paperclip"></i>
          </div>
      </div>
    </div>
        <div class="">
          <div class="card-body">
              <div class="step pass-bg" title="com.qa.stepdef.PaymentsStepDef.userIsOnPaymentsScreen()">
                <span>Given User is on Payments Screen</span>
      <div>
      </div>
              </div>
              <div class="step pass-bg" title="com.qa.stepdef.PaymentsStepDef.userSearchDiscountOnSearchBar()">
                <span>When User Search Discount on Search Bar</span>
      <div>
      </div>
              </div>
              <div class="step fail-bg" title="com.qa.stepdef.PaymentsStepDef.userAbleToSearchItemOnDiscount()">
                <span>Then User Able to Search Item on Discount</span>
      <div>
        <textarea disabled class="code-block">org.openqa.selenium.NoSuchElementException: Can't locate an element by this strategy: By.chained({By.xpath: //android.view.View[contains(@content-desc, 'Sales discount')]})
	at io.appium.java_client.pagefactory.AppiumElementLocator.findElement(AppiumElementLocator.java:166)
	at io.appium.java_client.pagefactory.interceptors.InterceptorOfASingleElement.call(InterceptorOfASingleElement.java:75)
	at io.appium.java_client.proxy.Interceptor.intercept(Interceptor.java:78)
	at org.openqa.selenium.remote.RemoteWebElement$ByteBuddy$4MXzxfHg.isDisplayed(Unknown Source)
	at com.qa.pages.PaymentsScreen.validateSearchDiscount(PaymentsScreen.java:206)
	at com.qa.stepdef.PaymentsStepDef.userAbleToSearchItemOnDiscount(PaymentsStepDef.java:52)
	at âœ½.User Able to Search Item on Discount(file:///D:/eatOS/Appium/POS_eatOS/src/test/resources/Payments.feature:38)
Caused by: org.openqa.selenium.TimeoutException: Expected condition failed: waiting for io.appium.java_client.pagefactory.AppiumElementLocator$WaitingFunction@24f3e945 (tried for 1 second(s) with 500 milliseconds interval)
	at org.openqa.selenium.support.ui.FluentWait.timeoutException(FluentWait.java:265)
	at org.openqa.selenium.support.ui.FluentWait.until(FluentWait.java:228)
	at io.appium.java_client.pagefactory.AppiumElementLocator.waitFor(AppiumElementLocator.java:135)
	at io.appium.java_client.pagefactory.AppiumElementLocator.findElement(AppiumElementLocator.java:160)
	at io.appium.java_client.pagefactory.interceptors.InterceptorOfASingleElement.call(InterceptorOfASingleElement.java:75)
	at io.appium.java_client.proxy.Interceptor.intercept(Interceptor.java:78)
	at org.openqa.selenium.remote.RemoteWebElement$ByteBuddy$4MXzxfHg.isDisplayed(Unknown Source)
	at com.qa.pages.PaymentsScreen.validateSearchDiscount(PaymentsScreen.java:206)
	at com.qa.stepdef.PaymentsStepDef.userAbleToSearchItemOnDiscount(PaymentsStepDef.java:52)
	at java.base/jdk.internal.reflect.DirectMethodHandleAccessor.invoke(DirectMethodHandleAccessor.java:104)
	at java.base/java.lang.reflect.Method.invoke(Method.java:578)
	at io.cucumber.java.Invoker.doInvoke(Invoker.java:66)
	at io.cucumber.java.Invoker.invoke(Invoker.java:24)
	at io.cucumber.java.AbstractGlueDefinition.invokeMethod(AbstractGlueDefinition.java:47)
	at io.cucumber.java.JavaStepDefinition.execute(JavaStepDefinition.java:29)
	at io.cucumber.core.runner.CoreStepDefinition.execute(CoreStepDefinition.java:66)
	at io.cucumber.core.runner.PickleStepDefinitionMatch.runStep(PickleStepDefinitionMatch.java:63)
	at io.cucumber.core.runner.ExecutionMode$1.execute(ExecutionMode.java:10)
	at io.cucumber.core.runner.TestStep.executeStep(TestStep.java:84)
	at io.cucumber.core.runner.TestStep.run(TestStep.java:56)
	at io.cucumber.core.runner.PickleStepTestStep.run(PickleStepTestStep.java:51)
	at io.cucumber.core.runner.TestCase.run(TestCase.java:84)
	at io.cucumber.core.runner.Runner.runPickle(Runner.java:75)
	at io.cucumber.testng.TestNGCucumberRunner.lambda$runScenario$1(TestNGCucumberRunner.java:132)
	at io.cucumber.core.runtime.CucumberExecutionContext.lambda$runTestCase$5(CucumberExecutionContext.java:137)
	at io.cucumber.core.runtime.RethrowingThrowableCollector.executeAndThrow(RethrowingThrowableCollector.java:23)
	at io.cucumber.core.runtime.CucumberExecutionContext.runTestCase(CucumberExecutionContext.java:137)
	at io.cucumber.testng.TestNGCucumberRunner.runScenario(TestNGCucumberRunner.java:129)
	at io.cucumber.testng.AbstractTestNGCucumberTests.runScenario(AbstractTestNGCucumberTests.java:35)
	at java.base/jdk.internal.reflect.DirectMethodHandleAccessor.invoke(DirectMethodHandleAccessor.java:104)
	at java.base/java.lang.reflect.Method.invoke(Method.java:578)
	at org.testng.internal.invokers.MethodInvocationHelper.invokeMethod(MethodInvocationHelper.java:139)
	at org.testng.internal.invokers.TestInvoker.invokeMethod(TestInvoker.java:664)
	at org.testng.internal.invokers.TestInvoker.invokeTestMethod(TestInvoker.java:228)
	at org.testng.internal.invokers.MethodRunner.runInSequence(MethodRunner.java:63)
	at org.testng.internal.invokers.TestInvoker$MethodInvocationAgent.invoke(TestInvoker.java:961)
	at org.testng.internal.invokers.TestInvoker.invokeTestMethods(TestInvoker.java:201)
	at org.testng.internal.invokers.TestMethodWorker.invokeTestMethods(TestMethodWorker.java:148)
	at org.testng.internal.invokers.TestMethodWorker.run(TestMethodWorker.java:128)
	at java.base/java.util.ArrayList.forEach(ArrayList.java:1511)
	at org.testng.TestRunner.privateRun(TestRunner.java:819)
	at org.testng.TestRunner.run(TestRunner.java:619)
	at org.testng.SuiteRunner.runTest(SuiteRunner.java:443)
	at org.testng.SuiteRunner.runSequentially(SuiteRunner.java:437)
	at org.testng.SuiteRunner.privateRun(SuiteRunner.java:397)
	at org.testng.SuiteRunner.run(SuiteRunner.java:336)
	at org.testng.SuiteRunnerWorker.runSuite(SuiteRunnerWorker.java:52)
	at org.testng.SuiteRunnerWorker.run(SuiteRunnerWorker.java:95)
	at org.testng.TestNG.runSuitesSequentially(TestNG.java:1301)
	at org.testng.TestNG.runSuitesLocally(TestNG.java:1228)
	at org.testng.TestNG.runSuites(TestNG.java:1134)
	at org.testng.TestNG.run(TestNG.java:1101)
	at com.intellij.rt.testng.IDEARemoteTestNG.run(IDEARemoteTestNG.java:66)
	at com.intellij.rt.testng.RemoteTestNGStarter.main(RemoteTestNGStarter.java:109)
Caused by: org.openqa.selenium.NoSuchElementException: Cannot locate an element using By.chained({By.xpath: //android.view.View[contains(@content-desc, 'Sales discount')]})
For documentation on this error, please visit: https://www.selenium.dev/documentation/webdriver/troubleshooting/errors#no-such-element-exception
Build info: version: '4.21.0', revision: '79ed462ef4'
System info: os.name: 'Windows 11', os.arch: 'amd64', os.version: '10.0', java.version: '19'
Driver info: driver.version: RemoteWebDriver
	at io.appium.java_client.pagefactory.bys.builder.ByChained.findElement(ByChained.java:74)
	at org.openqa.selenium.remote.ElementLocation$ElementFinder$1.findElement(ElementLocation.java:139)
	at org.openqa.selenium.remote.ElementLocation.findElement(ElementLocation.java:59)
	at org.openqa.selenium.remote.RemoteWebDriver.findElement(RemoteWebDriver.java:355)
	at org.openqa.selenium.remote.RemoteWebDriver.findElement(RemoteWebDriver.java:349)
	at io.appium.java_client.pagefactory.bys.ContentMappedBy.findElement(ContentMappedBy.java:53)
	at org.openqa.selenium.remote.ElementLocation$ElementFinder$1.findElement(ElementLocation.java:139)
	at org.openqa.selenium.remote.ElementLocation.findElement(ElementLocation.java:59)
	at org.openqa.selenium.remote.RemoteWebDriver.findElement(RemoteWebDriver.java:355)
	at org.openqa.selenium.remote.RemoteWebDriver.findElement(RemoteWebDriver.java:349)
	at io.appium.java_client.pagefactory.AppiumElementLocator.lambda$findElement$1(AppiumElementLocator.java:160)
	at io.appium.java_client.pagefactory.AppiumElementLocator$WaitingFunction.apply(AppiumElementLocator.java:217)
	at io.appium.java_client.pagefactory.AppiumElementLocator$WaitingFunction.apply(AppiumElementLocator.java:210)
	at org.openqa.selenium.support.ui.FluentWait.until(FluentWait.java:203)
	... 52 more
</textarea>
      
      </div>
              </div>
              <div class="step pass-bg" title="AFTER">
                <span>com.qa.stepdef.Hooks.quit(io.cucumber.java.Scenario)</span>
      <div>Verify Search functionality on Discounts
          <div class="row mb-3"><div class="col-md-3">
<img data-featherlight='../embedded2.png' src="../embedded2.png">
    
    </div></div>
</div>
      <div>
      </div>
              </div>
          </div>
        </div>
  </div>
  <div class="card">
    <div class="card-header" role="tab">
      <div class="card-title">
        <div class="node" id="288"><span class="badge log pass-bg mr-2">Pass</span>Validate Service Charge Details  <condition></div>
      </div>
    </div>
        <div class="scenario_outline collapse">
            <div class="card-body l1">
              <div class="card-header">
                <div class="card-title outline-child">
                  <div class="node" id="289"><span class="badge log pass-bg mr-2">Pass</span>Validate Service Charge Details  EmptyServiceChargeName</div>
                </div>
              </div>
              <div class="card-body mt-3 collapse">
                  <div class="step pass-bg">
                    <span>Given User is on Payments Screen</span>
      <div>
      </div>
                  </div>
                  <div class="step pass-bg">
                    <span>When User adds "EmptyServiceChargeName" Service Charge details</span>
      <div>
      </div>
                  </div>
                  <div class="step pass-bg">
                    <span>Then User gets errorMsg for "EmptyServiceChargeName" Service Charge Details</span>
      <div>
      </div>
                  </div>
              </div>
            </div>
            <div class="card-body l1">
              <div class="card-header">
                <div class="card-title outline-child">
                  <div class="node" id="295"><span class="badge log pass-bg mr-2">Pass</span>Validate Service Charge Details  EmptyServiceChargeAmount</div>
                </div>
              </div>
              <div class="card-body mt-3 collapse">
                  <div class="step pass-bg">
                    <span>Given User is on Payments Screen</span>
      <div>
      </div>
                  </div>
                  <div class="step pass-bg">
                    <span>When User adds "EmptyServiceChargeAmount" Service Charge details</span>
      <div>
      </div>
                  </div>
                  <div class="step pass-bg">
                    <span>Then User gets errorMsg for "EmptyServiceChargeAmount" Service Charge Details</span>
      <div>
      </div>
                  </div>
              </div>
            </div>
            <div class="card-body l1">
              <div class="card-header">
                <div class="card-title outline-child">
                  <div class="node" id="301"><span class="badge log pass-bg mr-2">Pass</span>Validate Service Charge Details  EmptyAllFields</div>
                </div>
              </div>
              <div class="card-body mt-3 collapse">
                  <div class="step pass-bg">
                    <span>Given User is on Payments Screen</span>
      <div>
      </div>
                  </div>
                  <div class="step pass-bg">
                    <span>When User adds "EmptyAllFields" Service Charge details</span>
      <div>
      </div>
                  </div>
                  <div class="step pass-bg">
                    <span>Then User gets errorMsg for "EmptyAllFields" Service Charge Details</span>
      <div>
      </div>
                  </div>
              </div>
            </div>
        </div>
  </div>
  <div class="card">
    <div class="card-header" role="tab">
      <div class="card-title">
        <div class="node" id="307"><span class="badge log fail-bg mr-2">Fail</span>Verify Search functionality on Service Charge</div>
          <div class="status-avatar float-right mr-4">
            <i class="fa fa-paperclip"></i>
          </div>
      </div>
    </div>
        <div class="">
          <div class="card-body">
              <div class="step pass-bg" title="com.qa.stepdef.PaymentsStepDef.userIsOnPaymentsScreen()">
                <span>Given User is on Payments Screen</span>
      <div>
      </div>
              </div>
              <div class="step pass-bg" title="com.qa.stepdef.PaymentsStepDef.userSearchServiceChargeOnSearchBar()">
                <span>When User Search Service Charge on Search Bar</span>
      <div>
      </div>
              </div>
              <div class="step fail-bg" title="com.qa.stepdef.PaymentsStepDef.userAbleToSearchItemOnServiceCharge()">
                <span>Then User Able to Search Item on Service Charge</span>
      <div>
        <textarea disabled class="code-block">org.openqa.selenium.NoSuchElementException: Can't locate an element by this strategy: By.chained({By.xpath: //android.view.View[contains(@content-desc, 'Delivery charge')]})
	at io.appium.java_client.pagefactory.AppiumElementLocator.findElement(AppiumElementLocator.java:166)
	at io.appium.java_client.pagefactory.interceptors.InterceptorOfASingleElement.call(InterceptorOfASingleElement.java:75)
	at io.appium.java_client.proxy.Interceptor.intercept(Interceptor.java:78)
	at org.openqa.selenium.remote.RemoteWebElement$ByteBuddy$4MXzxfHg.isDisplayed(Unknown Source)
	at com.qa.pages.PaymentsScreen.validateSearchServiceCharge(PaymentsScreen.java:287)
	at com.qa.stepdef.PaymentsStepDef.userAbleToSearchItemOnServiceCharge(PaymentsStepDef.java:72)
	at âœ½.User Able to Search Item on Service Charge(file:///D:/eatOS/Appium/POS_eatOS/src/test/resources/Payments.feature:56)
Caused by: org.openqa.selenium.TimeoutException: Expected condition failed: waiting for io.appium.java_client.pagefactory.AppiumElementLocator$WaitingFunction@79adc343 (tried for 1 second(s) with 500 milliseconds interval)
	at org.openqa.selenium.support.ui.FluentWait.timeoutException(FluentWait.java:265)
	at org.openqa.selenium.support.ui.FluentWait.until(FluentWait.java:228)
	at io.appium.java_client.pagefactory.AppiumElementLocator.waitFor(AppiumElementLocator.java:135)
	at io.appium.java_client.pagefactory.AppiumElementLocator.findElement(AppiumElementLocator.java:160)
	at io.appium.java_client.pagefactory.interceptors.InterceptorOfASingleElement.call(InterceptorOfASingleElement.java:75)
	at io.appium.java_client.proxy.Interceptor.intercept(Interceptor.java:78)
	at org.openqa.selenium.remote.RemoteWebElement$ByteBuddy$4MXzxfHg.isDisplayed(Unknown Source)
	at com.qa.pages.PaymentsScreen.validateSearchServiceCharge(PaymentsScreen.java:287)
	at com.qa.stepdef.PaymentsStepDef.userAbleToSearchItemOnServiceCharge(PaymentsStepDef.java:72)
	at java.base/jdk.internal.reflect.DirectMethodHandleAccessor.invoke(DirectMethodHandleAccessor.java:104)
	at java.base/java.lang.reflect.Method.invoke(Method.java:578)
	at io.cucumber.java.Invoker.doInvoke(Invoker.java:66)
	at io.cucumber.java.Invoker.invoke(Invoker.java:24)
	at io.cucumber.java.AbstractGlueDefinition.invokeMethod(AbstractGlueDefinition.java:47)
	at io.cucumber.java.JavaStepDefinition.execute(JavaStepDefinition.java:29)
	at io.cucumber.core.runner.CoreStepDefinition.execute(CoreStepDefinition.java:66)
	at io.cucumber.core.runner.PickleStepDefinitionMatch.runStep(PickleStepDefinitionMatch.java:63)
	at io.cucumber.core.runner.ExecutionMode$1.execute(ExecutionMode.java:10)
	at io.cucumber.core.runner.TestStep.executeStep(TestStep.java:84)
	at io.cucumber.core.runner.TestStep.run(TestStep.java:56)
	at io.cucumber.core.runner.PickleStepTestStep.run(PickleStepTestStep.java:51)
	at io.cucumber.core.runner.TestCase.run(TestCase.java:84)
	at io.cucumber.core.runner.Runner.runPickle(Runner.java:75)
	at io.cucumber.testng.TestNGCucumberRunner.lambda$runScenario$1(TestNGCucumberRunner.java:132)
	at io.cucumber.core.runtime.CucumberExecutionContext.lambda$runTestCase$5(CucumberExecutionContext.java:137)
	at io.cucumber.core.runtime.RethrowingThrowableCollector.executeAndThrow(RethrowingThrowableCollector.java:23)
	at io.cucumber.core.runtime.CucumberExecutionContext.runTestCase(CucumberExecutionContext.java:137)
	at io.cucumber.testng.TestNGCucumberRunner.runScenario(TestNGCucumberRunner.java:129)
	at io.cucumber.testng.AbstractTestNGCucumberTests.runScenario(AbstractTestNGCucumberTests.java:35)
	at java.base/jdk.internal.reflect.DirectMethodHandleAccessor.invoke(DirectMethodHandleAccessor.java:104)
	at java.base/java.lang.reflect.Method.invoke(Method.java:578)
	at org.testng.internal.invokers.MethodInvocationHelper.invokeMethod(MethodInvocationHelper.java:139)
	at org.testng.internal.invokers.TestInvoker.invokeMethod(TestInvoker.java:664)
	at org.testng.internal.invokers.TestInvoker.invokeTestMethod(TestInvoker.java:228)
	at org.testng.internal.invokers.MethodRunner.runInSequence(MethodRunner.java:63)
	at org.testng.internal.invokers.TestInvoker$MethodInvocationAgent.invoke(TestInvoker.java:961)
	at org.testng.internal.invokers.TestInvoker.invokeTestMethods(TestInvoker.java:201)
	at org.testng.internal.invokers.TestMethodWorker.invokeTestMethods(TestMethodWorker.java:148)
	at org.testng.internal.invokers.TestMethodWorker.run(TestMethodWorker.java:128)
	at java.base/java.util.ArrayList.forEach(ArrayList.java:1511)
	at org.testng.TestRunner.privateRun(TestRunner.java:819)
	at org.testng.TestRunner.run(TestRunner.java:619)
	at org.testng.SuiteRunner.runTest(SuiteRunner.java:443)
	at org.testng.SuiteRunner.runSequentially(SuiteRunner.java:437)
	at org.testng.SuiteRunner.privateRun(SuiteRunner.java:397)
	at org.testng.SuiteRunner.run(SuiteRunner.java:336)
	at org.testng.SuiteRunnerWorker.runSuite(SuiteRunnerWorker.java:52)
	at org.testng.SuiteRunnerWorker.run(SuiteRunnerWorker.java:95)
	at org.testng.TestNG.runSuitesSequentially(TestNG.java:1301)
	at org.testng.TestNG.runSuitesLocally(TestNG.java:1228)
	at org.testng.TestNG.runSuites(TestNG.java:1134)
	at org.testng.TestNG.run(TestNG.java:1101)
	at com.intellij.rt.testng.IDEARemoteTestNG.run(IDEARemoteTestNG.java:66)
	at com.intellij.rt.testng.RemoteTestNGStarter.main(RemoteTestNGStarter.java:109)
Caused by: org.openqa.selenium.NoSuchElementException: Cannot locate an element using By.chained({By.xpath: //android.view.View[contains(@content-desc, 'Delivery charge')]})
For documentation on this error, please visit: https://www.selenium.dev/documentation/webdriver/troubleshooting/errors#no-such-element-exception
Build info: version: '4.21.0', revision: '79ed462ef4'
System info: os.name: 'Windows 11', os.arch: 'amd64', os.version: '10.0', java.version: '19'
Driver info: driver.version: RemoteWebDriver
	at io.appium.java_client.pagefactory.bys.builder.ByChained.findElement(ByChained.java:74)
	at org.openqa.selenium.remote.ElementLocation$ElementFinder$1.findElement(ElementLocation.java:139)
	at org.openqa.selenium.remote.ElementLocation.findElement(ElementLocation.java:59)
	at org.openqa.selenium.remote.RemoteWebDriver.findElement(RemoteWebDriver.java:355)
	at org.openqa.selenium.remote.RemoteWebDriver.findElement(RemoteWebDriver.java:349)
	at io.appium.java_client.pagefactory.bys.ContentMappedBy.findElement(ContentMappedBy.java:53)
	at org.openqa.selenium.remote.ElementLocation$ElementFinder$1.findElement(ElementLocation.java:139)
	at org.openqa.selenium.remote.ElementLocation.findElement(ElementLocation.java:59)
	at org.openqa.selenium.remote.RemoteWebDriver.findElement(RemoteWebDriver.java:355)
	at org.openqa.selenium.remote.RemoteWebDriver.findElement(RemoteWebDriver.java:349)
	at io.appium.java_client.pagefactory.AppiumElementLocator.lambda$findElement$1(AppiumElementLocator.java:160)
	at io.appium.java_client.pagefactory.AppiumElementLocator$WaitingFunction.apply(AppiumElementLocator.java:217)
	at io.appium.java_client.pagefactory.AppiumElementLocator$WaitingFunction.apply(AppiumElementLocator.java:210)
	at org.openqa.selenium.support.ui.FluentWait.until(FluentWait.java:203)
	... 52 more
</textarea>
      
      </div>
              </div>
              <div class="step pass-bg" title="AFTER">
                <span>com.qa.stepdef.Hooks.quit(io.cucumber.java.Scenario)</span>
      <div>Verify Search functionality on Service Charge
          <div class="row mb-3"><div class="col-md-3">
<img data-featherlight='../embedded3.png' src="../embedded3.png">
    
    </div></div>
</div>
      <div>
      </div>
              </div>
          </div>
        </div>
  </div>
</div>
          </div>
        </li>
        <li class="test-item"  status="fail" test-id="313"
          author=""
          tag=""
          device="">
          <div class="test-detail">
            <p class="name">Restaurant</p>
            <p class="text-sm">
              <span>11:38:32 am</span> / <span>00:04:15:326</span>
              <span class="badge fail-bg log float-right">Fail</span>
            </p>
          </div>
          <div class="test-contents d-none">
<div class="detail-head">
<div class="p-v-10">
<div class="info">
<h5 class="test-status text-fail">Restaurant</h5>
<span class='badge badge-success'>06.03.2024 11:38:32 am</span>
<span class='badge badge-danger'>06.03.2024 11:42:47 am</span>
<span class='badge badge-default'>00:04:15:326</span>
&middot; <span class='uri-anchor badge badge-default'>#test-id=313</span>
<span class='badge badge-default pointer float-right ml-1 et'><i class="fa fa-chevron-down"></i></span>
<span class='badge badge-default pointer float-right ct'><i class="fa fa-chevron-up"></i></span>
</div>
<div class="m-t-10 m-l-5"></div>
</div>
</div>
<div class="accordion mt-4">
  <div class="card">
    <div class="card-header" role="tab">
      <div class="card-title">
        <div class="node" id="314"><span class="badge log pass-bg mr-2">Pass</span>Validate Guestbook Details for Different <condition></div>
      </div>
    </div>
        <div class="scenario_outline collapse">
            <div class="card-body l1">
              <div class="card-header">
                <div class="card-title outline-child">
                  <div class="node" id="315"><span class="badge log pass-bg mr-2">Pass</span>Validate Guestbook Details for Different EmptyGuestbookName</div>
                </div>
              </div>
              <div class="card-body mt-3 collapse">
                  <div class="step pass-bg">
                    <span>Given User is on Restaurant  Screen</span>
      <div>
      </div>
                  </div>
                  <div class="step pass-bg">
                    <span>When User adds "EmptyGuestbookName" Guestbook details</span>
      <div>
      </div>
                  </div>
                  <div class="step pass-bg">
                    <span>Then User gets errorMsg for "EmptyGuestbookName" Guestbook</span>
      <div>
      </div>
                  </div>
              </div>
            </div>
            <div class="card-body l1">
              <div class="card-header">
                <div class="card-title outline-child">
                  <div class="node" id="321"><span class="badge log pass-bg mr-2">Pass</span>Validate Guestbook Details for Different EmptyGuestbookNum</div>
                </div>
              </div>
              <div class="card-body mt-3 collapse">
                  <div class="step pass-bg">
                    <span>Given User is on Restaurant  Screen</span>
      <div>
      </div>
                  </div>
                  <div class="step pass-bg">
                    <span>When User adds "EmptyGuestbookNum" Guestbook details</span>
      <div>
      </div>
                  </div>
                  <div class="step pass-bg">
                    <span>Then User gets errorMsg for "EmptyGuestbookNum" Guestbook</span>
      <div>
      </div>
                  </div>
              </div>
            </div>
        </div>
  </div>
  <div class="card">
    <div class="card-header" role="tab">
      <div class="card-title">
        <div class="node" id="327"><span class="badge log fail-bg mr-2">Fail</span>Verify Search functionality on Guestbook</div>
          <div class="status-avatar float-right mr-4">
            <i class="fa fa-paperclip"></i>
          </div>
      </div>
    </div>
        <div class="">
          <div class="card-body">
              <div class="step pass-bg" title="com.qa.stepdef.RestaurantStepDef.userIsOnRestaurantScreen()">
                <span>Given User is on Restaurant  Screen</span>
      <div>
      </div>
              </div>
              <div class="step fail-bg" title="com.qa.stepdef.RestaurantStepDef.userSearchGuestBookOnSearchBar()">
                <span>When User Search GuestBook on Search Bar</span>
      <div>
        <textarea disabled class="code-block">org.openqa.selenium.TimeoutException: Expected condition failed: waiting for visibility of Located by By.chained({By.xpath: //android.view.View[@bounds='[1638,279][1677,317]']}) (tried for 10 second(s) with 500 milliseconds interval)
	at org.openqa.selenium.support.ui.WebDriverWait.timeoutException(WebDriverWait.java:84)
	at org.openqa.selenium.support.ui.FluentWait.until(FluentWait.java:228)
	at com.qa.pages.BasePage.waitForVisibility(BasePage.java:34)
	at com.qa.pages.BasePage.clickOnElement(BasePage.java:51)
	at com.qa.pages.RestaurantScreen.searchGuestBook(RestaurantScreen.java:112)
	at com.qa.stepdef.RestaurantStepDef.userSearchGuestBookOnSearchBar(RestaurantStepDef.java:28)
	at âœ½.User Search GuestBook on Search Bar(file:///D:/eatOS/Appium/POS_eatOS/src/test/resources/Restaurant.feature:18)
Caused by: org.openqa.selenium.NoSuchElementException: Can't locate an element by this strategy: By.chained({By.xpath: //android.view.View[@bounds='[1638,279][1677,317]']})
	at io.appium.java_client.pagefactory.AppiumElementLocator.findElement(AppiumElementLocator.java:166)
	at io.appium.java_client.pagefactory.interceptors.InterceptorOfASingleElement.call(InterceptorOfASingleElement.java:75)
	at io.appium.java_client.proxy.Interceptor.intercept(Interceptor.java:78)
	at org.openqa.selenium.remote.RemoteWebElement$ByteBuddy$4MXzxfHg.isDisplayed(Unknown Source)
	at org.openqa.selenium.support.ui.ExpectedConditions.elementIfVisible(ExpectedConditions.java:304)
	at org.openqa.selenium.support.ui.ExpectedConditions$10.apply(ExpectedConditions.java:290)
	at org.openqa.selenium.support.ui.ExpectedConditions$10.apply(ExpectedConditions.java:287)
	at org.openqa.selenium.support.ui.FluentWait.until(FluentWait.java:203)
	at com.qa.pages.BasePage.waitForVisibility(BasePage.java:34)
	at com.qa.pages.BasePage.clickOnElement(BasePage.java:51)
	at com.qa.pages.RestaurantScreen.searchGuestBook(RestaurantScreen.java:112)
	at com.qa.stepdef.RestaurantStepDef.userSearchGuestBookOnSearchBar(RestaurantStepDef.java:28)
	at java.base/jdk.internal.reflect.DirectMethodHandleAccessor.invoke(DirectMethodHandleAccessor.java:104)
	at java.base/java.lang.reflect.Method.invoke(Method.java:578)
	at io.cucumber.java.Invoker.doInvoke(Invoker.java:66)
	at io.cucumber.java.Invoker.invoke(Invoker.java:24)
	at io.cucumber.java.AbstractGlueDefinition.invokeMethod(AbstractGlueDefinition.java:47)
	at io.cucumber.java.JavaStepDefinition.execute(JavaStepDefinition.java:29)
	at io.cucumber.core.runner.CoreStepDefinition.execute(CoreStepDefinition.java:66)
	at io.cucumber.core.runner.PickleStepDefinitionMatch.runStep(PickleStepDefinitionMatch.java:63)
	at io.cucumber.core.runner.ExecutionMode$1.execute(ExecutionMode.java:10)
	at io.cucumber.core.runner.TestStep.executeStep(TestStep.java:84)
	at io.cucumber.core.runner.TestStep.run(TestStep.java:56)
	at io.cucumber.core.runner.PickleStepTestStep.run(PickleStepTestStep.java:51)
	at io.cucumber.core.runner.TestCase.run(TestCase.java:84)
	at io.cucumber.core.runner.Runner.runPickle(Runner.java:75)
	at io.cucumber.testng.TestNGCucumberRunner.lambda$runScenario$1(TestNGCucumberRunner.java:132)
	at io.cucumber.core.runtime.CucumberExecutionContext.lambda$runTestCase$5(CucumberExecutionContext.java:137)
	at io.cucumber.core.runtime.RethrowingThrowableCollector.executeAndThrow(RethrowingThrowableCollector.java:23)
	at io.cucumber.core.runtime.CucumberExecutionContext.runTestCase(CucumberExecutionContext.java:137)
	at io.cucumber.testng.TestNGCucumberRunner.runScenario(TestNGCucumberRunner.java:129)
	at io.cucumber.testng.AbstractTestNGCucumberTests.runScenario(AbstractTestNGCucumberTests.java:35)
	at java.base/jdk.internal.reflect.DirectMethodHandleAccessor.invoke(DirectMethodHandleAccessor.java:104)
	at java.base/java.lang.reflect.Method.invoke(Method.java:578)
	at org.testng.internal.invokers.MethodInvocationHelper.invokeMethod(MethodInvocationHelper.java:139)
	at org.testng.internal.invokers.TestInvoker.invokeMethod(TestInvoker.java:664)
	at org.testng.internal.invokers.TestInvoker.invokeTestMethod(TestInvoker.java:228)
	at org.testng.internal.invokers.MethodRunner.runInSequence(MethodRunner.java:63)
	at org.testng.internal.invokers.TestInvoker$MethodInvocationAgent.invoke(TestInvoker.java:961)
	at org.testng.internal.invokers.TestInvoker.invokeTestMethods(TestInvoker.java:201)
	at org.testng.internal.invokers.TestMethodWorker.invokeTestMethods(TestMethodWorker.java:148)
	at org.testng.internal.invokers.TestMethodWorker.run(TestMethodWorker.java:128)
	at java.base/java.util.ArrayList.forEach(ArrayList.java:1511)
	at org.testng.TestRunner.privateRun(TestRunner.java:819)
	at org.testng.TestRunner.run(TestRunner.java:619)
	at org.testng.SuiteRunner.runTest(SuiteRunner.java:443)
	at org.testng.SuiteRunner.runSequentially(SuiteRunner.java:437)
	at org.testng.SuiteRunner.privateRun(SuiteRunner.java:397)
	at org.testng.SuiteRunner.run(SuiteRunner.java:336)
	at org.testng.SuiteRunnerWorker.runSuite(SuiteRunnerWorker.java:52)
	at org.testng.SuiteRunnerWorker.run(SuiteRunnerWorker.java:95)
	at org.testng.TestNG.runSuitesSequentially(TestNG.java:1301)
	at org.testng.TestNG.runSuitesLocally(TestNG.java:1228)
	at org.testng.TestNG.runSuites(TestNG.java:1134)
	at org.testng.TestNG.run(TestNG.java:1101)
	at com.intellij.rt.testng.IDEARemoteTestNG.run(IDEARemoteTestNG.java:66)
	at com.intellij.rt.testng.RemoteTestNGStarter.main(RemoteTestNGStarter.java:109)
Caused by: org.openqa.selenium.TimeoutException: Expected condition failed: waiting for io.appium.java_client.pagefactory.AppiumElementLocator$WaitingFunction@7f4bbb1c (tried for 1 second(s) with 500 milliseconds interval)
	at org.openqa.selenium.support.ui.FluentWait.timeoutException(FluentWait.java:265)
	at org.openqa.selenium.support.ui.FluentWait.until(FluentWait.java:228)
	at io.appium.java_client.pagefactory.AppiumElementLocator.waitFor(AppiumElementLocator.java:135)
	at io.appium.java_client.pagefactory.AppiumElementLocator.findElement(AppiumElementLocator.java:160)
	... 56 more
Caused by: org.openqa.selenium.NoSuchElementException: Cannot locate an element using By.chained({By.xpath: //android.view.View[@bounds='[1638,279][1677,317]']})
For documentation on this error, please visit: https://www.selenium.dev/documentation/webdriver/troubleshooting/errors#no-such-element-exception
Build info: version: '4.21.0', revision: '79ed462ef4'
System info: os.name: 'Windows 11', os.arch: 'amd64', os.version: '10.0', java.version: '19'
Driver info: driver.version: RemoteWebDriver
	at io.appium.java_client.pagefactory.bys.builder.ByChained.findElement(ByChained.java:74)
	at org.openqa.selenium.remote.ElementLocation$ElementFinder$1.findElement(ElementLocation.java:139)
	at org.openqa.selenium.remote.ElementLocation.findElement(ElementLocation.java:59)
	at org.openqa.selenium.remote.RemoteWebDriver.findElement(RemoteWebDriver.java:355)
	at org.openqa.selenium.remote.RemoteWebDriver.findElement(RemoteWebDriver.java:349)
	at io.appium.java_client.pagefactory.bys.ContentMappedBy.findElement(ContentMappedBy.java:53)
	at org.openqa.selenium.remote.ElementLocation$ElementFinder$1.findElement(ElementLocation.java:139)
	at org.openqa.selenium.remote.ElementLocation.findElement(ElementLocation.java:59)
	at org.openqa.selenium.remote.RemoteWebDriver.findElement(RemoteWebDriver.java:355)
	at org.openqa.selenium.remote.RemoteWebDriver.findElement(RemoteWebDriver.java:349)
	at io.appium.java_client.pagefactory.AppiumElementLocator.lambda$findElement$1(AppiumElementLocator.java:160)
	at io.appium.java_client.pagefactory.AppiumElementLocator$WaitingFunction.apply(AppiumElementLocator.java:217)
	at io.appium.java_client.pagefactory.AppiumElementLocator$WaitingFunction.apply(AppiumElementLocator.java:210)
	at org.openqa.selenium.support.ui.FluentWait.until(FluentWait.java:203)
	... 58 more
</textarea>
      
      </div>
              </div>
              <div class="step skip-bg" title="com.qa.stepdef.RestaurantStepDef.userAbleToSearchItemOnGuestbook()">
                <span>Then User Able to Search Item on GuestBook</span>
      <div>Step skipped
      </div>
              </div>
              <div class="step pass-bg" title="AFTER">
                <span>com.qa.stepdef.Hooks.quit(io.cucumber.java.Scenario)</span>
      <div>Verify Search functionality on Guestbook
          <div class="row mb-3"><div class="col-md-3">
<img data-featherlight='../embedded4.png' src="../embedded4.png">
    
    </div></div>
</div>
      <div>
      </div>
              </div>
          </div>
        </div>
  </div>
  <div class="card">
    <div class="card-header" role="tab">
      <div class="card-title">
        <div class="node" id="333"><span class="badge log fail-bg mr-2">Fail</span>Validate Schedule Info Details for Different <condition></div>
          <div class="status-avatar float-right mr-4">
            <i class="fa fa-paperclip"></i>
          </div>
      </div>
    </div>
        <div class="scenario_outline ">
            <div class="card-body l1">
              <div class="card-header">
                <div class="card-title outline-child">
                  <div class="node" id="334"><span class="badge log fail-bg mr-2">Fail</span>Validate Schedule Info Details for Different EmptyScheduleInfoName</div>
                    <div class="status-avatar float-right">
                      <i class="fa fa-paperclip"></i>
                    </div>
                </div>
              </div>
              <div class="card-body mt-3 ">
                  <div class="step pass-bg">
                    <span>Given User is on Restaurant  Screen</span>
      <div>
      </div>
                  </div>
                  <div class="step fail-bg">
                    <span>When User adds "EmptyScheduleInfoName" Schedule Info details</span>
      <div>
        <textarea disabled class="code-block">org.openqa.selenium.TimeoutException: Expected condition failed: waiting for visibility of Located by By.chained({By.xpath: //android.widget.EditText[@hint='Jhon']}) (tried for 10 second(s) with 500 milliseconds interval)
	at org.openqa.selenium.support.ui.WebDriverWait.timeoutException(WebDriverWait.java:84)
	at org.openqa.selenium.support.ui.FluentWait.until(FluentWait.java:228)
	at com.qa.pages.BasePage.waitForVisibility(BasePage.java:34)
	at com.qa.pages.BasePage.clickOnElement(BasePage.java:51)
	at com.qa.pages.RestaurantScreen.addScheduleInfoDetails(RestaurantScreen.java:156)
	at com.qa.stepdef.RestaurantStepDef.userAdds_condition_ScheduleInfoDetails(RestaurantStepDef.java:39)
	at âœ½.User adds "EmptyScheduleInfoName" Schedule Info details(file:///D:/eatOS/Appium/POS_eatOS/src/test/resources/Restaurant.feature:24)
Caused by: org.openqa.selenium.NoSuchElementException: Can't locate an element by this strategy: By.chained({By.xpath: //android.widget.EditText[@hint='Jhon']})
	at io.appium.java_client.pagefactory.AppiumElementLocator.findElement(AppiumElementLocator.java:166)
	at io.appium.java_client.pagefactory.interceptors.InterceptorOfASingleElement.call(InterceptorOfASingleElement.java:75)
	at io.appium.java_client.proxy.Interceptor.intercept(Interceptor.java:78)
	at org.openqa.selenium.remote.RemoteWebElement$ByteBuddy$4MXzxfHg.isDisplayed(Unknown Source)
	at org.openqa.selenium.support.ui.ExpectedConditions.elementIfVisible(ExpectedConditions.java:304)
	at org.openqa.selenium.support.ui.ExpectedConditions$10.apply(ExpectedConditions.java:290)
	at org.openqa.selenium.support.ui.ExpectedConditions$10.apply(ExpectedConditions.java:287)
	at org.openqa.selenium.support.ui.FluentWait.until(FluentWait.java:203)
	at com.qa.pages.BasePage.waitForVisibility(BasePage.java:34)
	at com.qa.pages.BasePage.clickOnElement(BasePage.java:51)
	at com.qa.pages.RestaurantScreen.addScheduleInfoDetails(RestaurantScreen.java:156)
	at com.qa.stepdef.RestaurantStepDef.userAdds_condition_ScheduleInfoDetails(RestaurantStepDef.java:39)
	at java.base/jdk.internal.reflect.DirectMethodHandleAccessor.invoke(DirectMethodHandleAccessor.java:104)
	at java.base/java.lang.reflect.Method.invoke(Method.java:578)
	at io.cucumber.java.Invoker.doInvoke(Invoker.java:66)
	at io.cucumber.java.Invoker.invoke(Invoker.java:24)
	at io.cucumber.java.AbstractGlueDefinition.invokeMethod(AbstractGlueDefinition.java:47)
	at io.cucumber.java.JavaStepDefinition.execute(JavaStepDefinition.java:29)
	at io.cucumber.core.runner.CoreStepDefinition.execute(CoreStepDefinition.java:66)
	at io.cucumber.core.runner.PickleStepDefinitionMatch.runStep(PickleStepDefinitionMatch.java:63)
	at io.cucumber.core.runner.ExecutionMode$1.execute(ExecutionMode.java:10)
	at io.cucumber.core.runner.TestStep.executeStep(TestStep.java:84)
	at io.cucumber.core.runner.TestStep.run(TestStep.java:56)
	at io.cucumber.core.runner.PickleStepTestStep.run(PickleStepTestStep.java:51)
	at io.cucumber.core.runner.TestCase.run(TestCase.java:84)
	at io.cucumber.core.runner.Runner.runPickle(Runner.java:75)
	at io.cucumber.testng.TestNGCucumberRunner.lambda$runScenario$1(TestNGCucumberRunner.java:132)
	at io.cucumber.core.runtime.CucumberExecutionContext.lambda$runTestCase$5(CucumberExecutionContext.java:137)
	at io.cucumber.core.runtime.RethrowingThrowableCollector.executeAndThrow(RethrowingThrowableCollector.java:23)
	at io.cucumber.core.runtime.CucumberExecutionContext.runTestCase(CucumberExecutionContext.java:137)
	at io.cucumber.testng.TestNGCucumberRunner.runScenario(TestNGCucumberRunner.java:129)
	at io.cucumber.testng.AbstractTestNGCucumberTests.runScenario(AbstractTestNGCucumberTests.java:35)
	at java.base/jdk.internal.reflect.DirectMethodHandleAccessor.invoke(DirectMethodHandleAccessor.java:104)
	at java.base/java.lang.reflect.Method.invoke(Method.java:578)
	at org.testng.internal.invokers.MethodInvocationHelper.invokeMethod(MethodInvocationHelper.java:139)
	at org.testng.internal.invokers.TestInvoker.invokeMethod(TestInvoker.java:664)
	at org.testng.internal.invokers.TestInvoker.invokeTestMethod(TestInvoker.java:228)
	at org.testng.internal.invokers.MethodRunner.runInSequence(MethodRunner.java:63)
	at org.testng.internal.invokers.TestInvoker$MethodInvocationAgent.invoke(TestInvoker.java:961)
	at org.testng.internal.invokers.TestInvoker.invokeTestMethods(TestInvoker.java:201)
	at org.testng.internal.invokers.TestMethodWorker.invokeTestMethods(TestMethodWorker.java:148)
	at org.testng.internal.invokers.TestMethodWorker.run(TestMethodWorker.java:128)
	at java.base/java.util.ArrayList.forEach(ArrayList.java:1511)
	at org.testng.TestRunner.privateRun(TestRunner.java:819)
	at org.testng.TestRunner.run(TestRunner.java:619)
	at org.testng.SuiteRunner.runTest(SuiteRunner.java:443)
	at org.testng.SuiteRunner.runSequentially(SuiteRunner.java:437)
	at org.testng.SuiteRunner.privateRun(SuiteRunner.java:397)
	at org.testng.SuiteRunner.run(SuiteRunner.java:336)
	at org.testng.SuiteRunnerWorker.runSuite(SuiteRunnerWorker.java:52)
	at org.testng.SuiteRunnerWorker.run(SuiteRunnerWorker.java:95)
	at org.testng.TestNG.runSuitesSequentially(TestNG.java:1301)
	at org.testng.TestNG.runSuitesLocally(TestNG.java:1228)
	at org.testng.TestNG.runSuites(TestNG.java:1134)
	at org.testng.TestNG.run(TestNG.java:1101)
	at com.intellij.rt.testng.IDEARemoteTestNG.run(IDEARemoteTestNG.java:66)
	at com.intellij.rt.testng.RemoteTestNGStarter.main(RemoteTestNGStarter.java:109)
Caused by: org.openqa.selenium.TimeoutException: Expected condition failed: waiting for io.appium.java_client.pagefactory.AppiumElementLocator$WaitingFunction@3046057a (tried for 1 second(s) with 500 milliseconds interval)
	at org.openqa.selenium.support.ui.FluentWait.timeoutException(FluentWait.java:265)
	at org.openqa.selenium.support.ui.FluentWait.until(FluentWait.java:228)
	at io.appium.java_client.pagefactory.AppiumElementLocator.waitFor(AppiumElementLocator.java:135)
	at io.appium.java_client.pagefactory.AppiumElementLocator.findElement(AppiumElementLocator.java:160)
	... 56 more
Caused by: org.openqa.selenium.NoSuchElementException: Cannot locate an element using By.chained({By.xpath: //android.widget.EditText[@hint='Jhon']})
For documentation on this error, please visit: https://www.selenium.dev/documentation/webdriver/troubleshooting/errors#no-such-element-exception
Build info: version: '4.21.0', revision: '79ed462ef4'
System info: os.name: 'Windows 11', os.arch: 'amd64', os.version: '10.0', java.version: '19'
Driver info: driver.version: RemoteWebDriver
	at io.appium.java_client.pagefactory.bys.builder.ByChained.findElement(ByChained.java:74)
	at org.openqa.selenium.remote.ElementLocation$ElementFinder$1.findElement(ElementLocation.java:139)
	at org.openqa.selenium.remote.ElementLocation.findElement(ElementLocation.java:59)
	at org.openqa.selenium.remote.RemoteWebDriver.findElement(RemoteWebDriver.java:355)
	at org.openqa.selenium.remote.RemoteWebDriver.findElement(RemoteWebDriver.java:349)
	at io.appium.java_client.pagefactory.bys.ContentMappedBy.findElement(ContentMappedBy.java:53)
	at org.openqa.selenium.remote.ElementLocation$ElementFinder$1.findElement(ElementLocation.java:139)
	at org.openqa.selenium.remote.ElementLocation.findElement(ElementLocation.java:59)
	at org.openqa.selenium.remote.RemoteWebDriver.findElement(RemoteWebDriver.java:355)
	at org.openqa.selenium.remote.RemoteWebDriver.findElement(RemoteWebDriver.java:349)
	at io.appium.java_client.pagefactory.AppiumElementLocator.lambda$findElement$1(AppiumElementLocator.java:160)
	at io.appium.java_client.pagefactory.AppiumElementLocator$WaitingFunction.apply(AppiumElementLocator.java:217)
	at io.appium.java_client.pagefactory.AppiumElementLocator$WaitingFunction.apply(AppiumElementLocator.java:210)
	at org.openqa.selenium.support.ui.FluentWait.until(FluentWait.java:203)
	... 58 more
</textarea>
      
      </div>
                  </div>
                  <div class="step skip-bg">
                    <span>Then User gets errorMsg for "EmptyScheduleInfoName" Schedule Info</span>
      <div>Step skipped
      </div>
                  </div>
                  <div class="step pass-bg">
                    <span>com.qa.stepdef.Hooks.quit(io.cucumber.java.Scenario)</span>
      <div>Validate Schedule Info Details for Different EmptyScheduleInfoName
          <div class="row mb-3"><div class="col-md-3">
<img data-featherlight='../embedded5.png' src="../embedded5.png">
    
    </div></div>
</div>
      <div>
      </div>
                  </div>
              </div>
            </div>
        </div>
  </div>
  <div class="card">
    <div class="card-header" role="tab">
      <div class="card-title">
        <div class="node" id="340"><span class="badge log fail-bg mr-2">Fail</span>Verify Search functionality on Schedule Info</div>
          <div class="status-avatar float-right mr-4">
            <i class="fa fa-paperclip"></i>
          </div>
      </div>
    </div>
        <div class="">
          <div class="card-body">
              <div class="step pass-bg" title="com.qa.stepdef.RestaurantStepDef.userIsOnRestaurantScreen()">
                <span>Given User is on Restaurant  Screen</span>
      <div>
      </div>
              </div>
              <div class="step fail-bg" title="com.qa.stepdef.RestaurantStepDef.userSearchScheduleInfoOnSearchBar()">
                <span>When User Search Schedule Info on Search Bar</span>
      <div>
        <textarea disabled class="code-block">org.openqa.selenium.TimeoutException: Expected condition failed: waiting for visibility of Located by By.chained({By.xpath: //android.widget.EditText}) (tried for 10 second(s) with 500 milliseconds interval)
	at org.openqa.selenium.support.ui.WebDriverWait.timeoutException(WebDriverWait.java:84)
	at org.openqa.selenium.support.ui.FluentWait.until(FluentWait.java:228)
	at com.qa.pages.BasePage.waitForVisibility(BasePage.java:34)
	at com.qa.pages.BasePage.clickOnElement(BasePage.java:51)
	at com.qa.pages.RestaurantScreen.searchScheduleInfo(RestaurantScreen.java:177)
	at com.qa.stepdef.RestaurantStepDef.userSearchScheduleInfoOnSearchBar(RestaurantStepDef.java:47)
	at âœ½.User Search Schedule Info on Search Bar(file:///D:/eatOS/Appium/POS_eatOS/src/test/resources/Restaurant.feature:34)
Caused by: org.openqa.selenium.NoSuchElementException: Can't locate an element by this strategy: By.chained({By.xpath: //android.widget.EditText})
	at io.appium.java_client.pagefactory.AppiumElementLocator.findElement(AppiumElementLocator.java:166)
	at io.appium.java_client.pagefactory.interceptors.InterceptorOfASingleElement.call(InterceptorOfASingleElement.java:75)
	at io.appium.java_client.proxy.Interceptor.intercept(Interceptor.java:78)
	at org.openqa.selenium.remote.RemoteWebElement$ByteBuddy$4MXzxfHg.isDisplayed(Unknown Source)
	at org.openqa.selenium.support.ui.ExpectedConditions.elementIfVisible(ExpectedConditions.java:304)
	at org.openqa.selenium.support.ui.ExpectedConditions$10.apply(ExpectedConditions.java:290)
	at org.openqa.selenium.support.ui.ExpectedConditions$10.apply(ExpectedConditions.java:287)
	at org.openqa.selenium.support.ui.FluentWait.until(FluentWait.java:203)
	at com.qa.pages.BasePage.waitForVisibility(BasePage.java:34)
	at com.qa.pages.BasePage.clickOnElement(BasePage.java:51)
	at com.qa.pages.RestaurantScreen.searchScheduleInfo(RestaurantScreen.java:177)
	at com.qa.stepdef.RestaurantStepDef.userSearchScheduleInfoOnSearchBar(RestaurantStepDef.java:47)
	at java.base/jdk.internal.reflect.DirectMethodHandleAccessor.invoke(DirectMethodHandleAccessor.java:104)
	at java.base/java.lang.reflect.Method.invoke(Method.java:578)
	at io.cucumber.java.Invoker.doInvoke(Invoker.java:66)
	at io.cucumber.java.Invoker.invoke(Invoker.java:24)
	at io.cucumber.java.AbstractGlueDefinition.invokeMethod(AbstractGlueDefinition.java:47)
	at io.cucumber.java.JavaStepDefinition.execute(JavaStepDefinition.java:29)
	at io.cucumber.core.runner.CoreStepDefinition.execute(CoreStepDefinition.java:66)
	at io.cucumber.core.runner.PickleStepDefinitionMatch.runStep(PickleStepDefinitionMatch.java:63)
	at io.cucumber.core.runner.ExecutionMode$1.execute(ExecutionMode.java:10)
	at io.cucumber.core.runner.TestStep.executeStep(TestStep.java:84)
	at io.cucumber.core.runner.TestStep.run(TestStep.java:56)
	at io.cucumber.core.runner.PickleStepTestStep.run(PickleStepTestStep.java:51)
	at io.cucumber.core.runner.TestCase.run(TestCase.java:84)
	at io.cucumber.core.runner.Runner.runPickle(Runner.java:75)
	at io.cucumber.testng.TestNGCucumberRunner.lambda$runScenario$1(TestNGCucumberRunner.java:132)
	at io.cucumber.core.runtime.CucumberExecutionContext.lambda$runTestCase$5(CucumberExecutionContext.java:137)
	at io.cucumber.core.runtime.RethrowingThrowableCollector.executeAndThrow(RethrowingThrowableCollector.java:23)
	at io.cucumber.core.runtime.CucumberExecutionContext.runTestCase(CucumberExecutionContext.java:137)
	at io.cucumber.testng.TestNGCucumberRunner.runScenario(TestNGCucumberRunner.java:129)
	at io.cucumber.testng.AbstractTestNGCucumberTests.runScenario(AbstractTestNGCucumberTests.java:35)
	at java.base/jdk.internal.reflect.DirectMethodHandleAccessor.invoke(DirectMethodHandleAccessor.java:104)
	at java.base/java.lang.reflect.Method.invoke(Method.java:578)
	at org.testng.internal.invokers.MethodInvocationHelper.invokeMethod(MethodInvocationHelper.java:139)
	at org.testng.internal.invokers.TestInvoker.invokeMethod(TestInvoker.java:664)
	at org.testng.internal.invokers.TestInvoker.invokeTestMethod(TestInvoker.java:228)
	at org.testng.internal.invokers.MethodRunner.runInSequence(MethodRunner.java:63)
	at org.testng.internal.invokers.TestInvoker$MethodInvocationAgent.invoke(TestInvoker.java:961)
	at org.testng.internal.invokers.TestInvoker.invokeTestMethods(TestInvoker.java:201)
	at org.testng.internal.invokers.TestMethodWorker.invokeTestMethods(TestMethodWorker.java:148)
	at org.testng.internal.invokers.TestMethodWorker.run(TestMethodWorker.java:128)
	at java.base/java.util.ArrayList.forEach(ArrayList.java:1511)
	at org.testng.TestRunner.privateRun(TestRunner.java:819)
	at org.testng.TestRunner.run(TestRunner.java:619)
	at org.testng.SuiteRunner.runTest(SuiteRunner.java:443)
	at org.testng.SuiteRunner.runSequentially(SuiteRunner.java:437)
	at org.testng.SuiteRunner.privateRun(SuiteRunner.java:397)
	at org.testng.SuiteRunner.run(SuiteRunner.java:336)
	at org.testng.SuiteRunnerWorker.runSuite(SuiteRunnerWorker.java:52)
	at org.testng.SuiteRunnerWorker.run(SuiteRunnerWorker.java:95)
	at org.testng.TestNG.runSuitesSequentially(TestNG.java:1301)
	at org.testng.TestNG.runSuitesLocally(TestNG.java:1228)
	at org.testng.TestNG.runSuites(TestNG.java:1134)
	at org.testng.TestNG.run(TestNG.java:1101)
	at com.intellij.rt.testng.IDEARemoteTestNG.run(IDEARemoteTestNG.java:66)
	at com.intellij.rt.testng.RemoteTestNGStarter.main(RemoteTestNGStarter.java:109)
Caused by: org.openqa.selenium.TimeoutException: Expected condition failed: waiting for io.appium.java_client.pagefactory.AppiumElementLocator$WaitingFunction@412b5adc (tried for 1 second(s) with 500 milliseconds interval)
	at org.openqa.selenium.support.ui.FluentWait.timeoutException(FluentWait.java:265)
	at org.openqa.selenium.support.ui.FluentWait.until(FluentWait.java:228)
	at io.appium.java_client.pagefactory.AppiumElementLocator.waitFor(AppiumElementLocator.java:135)
	at io.appium.java_client.pagefactory.AppiumElementLocator.findElement(AppiumElementLocator.java:160)
	... 56 more
Caused by: org.openqa.selenium.NoSuchElementException: Cannot locate an element using By.chained({By.xpath: //android.widget.EditText})
For documentation on this error, please visit: https://www.selenium.dev/documentation/webdriver/troubleshooting/errors#no-such-element-exception
Build info: version: '4.21.0', revision: '79ed462ef4'
System info: os.name: 'Windows 11', os.arch: 'amd64', os.version: '10.0', java.version: '19'
Driver info: driver.version: RemoteWebDriver
	at io.appium.java_client.pagefactory.bys.builder.ByChained.findElement(ByChained.java:74)
	at org.openqa.selenium.remote.ElementLocation$ElementFinder$1.findElement(ElementLocation.java:139)
	at org.openqa.selenium.remote.ElementLocation.findElement(ElementLocation.java:59)
	at org.openqa.selenium.remote.RemoteWebDriver.findElement(RemoteWebDriver.java:355)
	at org.openqa.selenium.remote.RemoteWebDriver.findElement(RemoteWebDriver.java:349)
	at io.appium.java_client.pagefactory.bys.ContentMappedBy.findElement(ContentMappedBy.java:53)
	at org.openqa.selenium.remote.ElementLocation$ElementFinder$1.findElement(ElementLocation.java:139)
	at org.openqa.selenium.remote.ElementLocation.findElement(ElementLocation.java:59)
	at org.openqa.selenium.remote.RemoteWebDriver.findElement(RemoteWebDriver.java:355)
	at org.openqa.selenium.remote.RemoteWebDriver.findElement(RemoteWebDriver.java:349)
	at io.appium.java_client.pagefactory.AppiumElementLocator.lambda$findElement$1(AppiumElementLocator.java:160)
	at io.appium.java_client.pagefactory.AppiumElementLocator$WaitingFunction.apply(AppiumElementLocator.java:217)
	at io.appium.java_client.pagefactory.AppiumElementLocator$WaitingFunction.apply(AppiumElementLocator.java:210)
	at org.openqa.selenium.support.ui.FluentWait.until(FluentWait.java:203)
	... 58 more
</textarea>
      
      </div>
              </div>
              <div class="step skip-bg" title="com.qa.stepdef.RestaurantStepDef.userAbleToSearchItemOnScheduleInfo()">
                <span>Then User Able to Search Item on Schedule Info</span>
      <div>Step skipped
      </div>
              </div>
              <div class="step pass-bg" title="AFTER">
                <span>com.qa.stepdef.Hooks.quit(io.cucumber.java.Scenario)</span>
      <div>Verify Search functionality on Schedule Info
          <div class="row mb-3"><div class="col-md-3">
<img data-featherlight='../embedded6.png' src="../embedded6.png">
    
    </div></div>
</div>
      <div>
      </div>
              </div>
          </div>
        </div>
  </div>
  <div class="card">
    <div class="card-header" role="tab">
      <div class="card-title">
        <div class="node" id="346"><span class="badge log fail-bg mr-2">Fail</span>Verify Buttons on Location Settings</div>
      </div>
    </div>
        <div class="">
          <div class="card-body">
              <div class="step pass-bg" title="com.qa.stepdef.RestaurantStepDef.userIsOnRestaurantScreen()">
                <span>Given User is on Restaurant  Screen</span>
      <div>
      </div>
              </div>
              <div class="step pass-bg" title="com.qa.stepdef.RestaurantStepDef.userTapOnButtons()">
                <span>When User Tap on Buttons</span>
      <div>
      </div>
              </div>
              <div class="step fail-bg" >
                <span>Then Button should clickable</span>
      <div>Step undefined
      </div>
              </div>
          </div>
        </div>
  </div>
  <div class="card">
    <div class="card-header" role="tab">
      <div class="card-title">
        <div class="node" id="352"><span class="badge log pass-bg mr-2">Pass</span>Validate Timed Pricing Details for Different <condition></div>
      </div>
    </div>
        <div class="scenario_outline collapse">
            <div class="card-body l1">
              <div class="card-header">
                <div class="card-title outline-child">
                  <div class="node" id="353"><span class="badge log pass-bg mr-2">Pass</span>Validate Timed Pricing Details for Different EmptyTimedPricingName</div>
                </div>
              </div>
              <div class="card-body mt-3 collapse">
                  <div class="step pass-bg">
                    <span>Given User is on Restaurant  Screen</span>
      <div>
      </div>
                  </div>
                  <div class="step pass-bg">
                    <span>When User adds "EmptyTimedPricingName" Timed Pricing details</span>
      <div>
      </div>
                  </div>
                  <div class="step pass-bg">
                    <span>Then User gets errorMsg for "EmptyTimedPricingName" Timed Pricing</span>
      <div>
      </div>
                  </div>
              </div>
            </div>
        </div>
  </div>
  <div class="card">
    <div class="card-header" role="tab">
      <div class="card-title">
        <div class="node" id="359"><span class="badge log pass-bg mr-2">Pass</span>Verify Search functionality on Timed Pricing</div>
      </div>
    </div>
        <div class="collapse">
          <div class="card-body">
              <div class="step pass-bg" title="com.qa.stepdef.RestaurantStepDef.userIsOnRestaurantScreen()">
                <span>Given User is on Restaurant  Screen</span>
      <div>
      </div>
              </div>
              <div class="step pass-bg" title="com.qa.stepdef.RestaurantStepDef.userSearchTimedPricingOnSearchBar()">
                <span>When User Search Timed Pricing on Search Bar</span>
      <div>
      </div>
              </div>
              <div class="step pass-bg" title="com.qa.stepdef.RestaurantStepDef.userAbleToSearchItemOnTimedPricing()">
                <span>Then User Able to Search Item on Timed Pricing</span>
      <div>
      </div>
              </div>
          </div>
        </div>
  </div>
</div>
          </div>
        </li>
        <li class="test-item"  status="pass" test-id="365"
          author=""
          tag=""
          device="">
          <div class="test-detail">
            <p class="name">Workforce Feature</p>
            <p class="text-sm">
              <span>11:42:47 am</span> / <span>00:04:10:197</span>
              <span class="badge pass-bg log float-right">Pass</span>
            </p>
          </div>
          <div class="test-contents d-none">
<div class="detail-head">
<div class="p-v-10">
<div class="info">
<h5 class="test-status text-pass">Workforce Feature</h5>
<span class='badge badge-success'>06.03.2024 11:42:47 am</span>
<span class='badge badge-danger'>06.03.2024 11:46:57 am</span>
<span class='badge badge-default'>00:04:10:197</span>
&middot; <span class='uri-anchor badge badge-default'>#test-id=365</span>
<span class='badge badge-default pointer float-right ml-1 et'><i class="fa fa-chevron-down"></i></span>
<span class='badge badge-default pointer float-right ct'><i class="fa fa-chevron-up"></i></span>
</div>
<div class="m-t-10 m-l-5"></div>
</div>
</div>
<div class="accordion mt-4">
  <div class="card">
    <div class="card-header" role="tab">
      <div class="card-title">
        <div class="node" id="366"><span class="badge log pass-bg mr-2">Pass</span>Create New Employee</div>
      </div>
    </div>
        <div class="scenario_outline collapse">
            <div class="card-body l1">
              <div class="card-header">
                <div class="card-title outline-child">
                  <div class="node" id="367"><span class="badge log pass-bg mr-2">Pass</span>Create New Employee</div>
                </div>
              </div>
              <div class="card-body mt-3 collapse">
                  <div class="step pass-bg">
                    <span>Given User is on Workforce Screen</span>
      <div>
      </div>
                  </div>
                  <div class="step pass-bg">
                    <span>When User adds "EmptyAllFields" Employee details</span>
      <div>
      </div>
                  </div>
                  <div class="step pass-bg">
                    <span>Then User gets errorMsg for "EmptyAllFields" Employee Details</span>
      <div>
      </div>
                  </div>
              </div>
            </div>
            <div class="card-body l1">
              <div class="card-header">
                <div class="card-title outline-child">
                  <div class="node" id="373"><span class="badge log pass-bg mr-2">Pass</span>Create New Employee</div>
                </div>
              </div>
              <div class="card-body mt-3 collapse">
                  <div class="step pass-bg">
                    <span>Given User is on Workforce Screen</span>
      <div>
      </div>
                  </div>
                  <div class="step pass-bg">
                    <span>When User adds "EmptyFirstName" Employee details</span>
      <div>
      </div>
                  </div>
                  <div class="step pass-bg">
                    <span>Then User gets errorMsg for "EmptyFirstName" Employee Details</span>
      <div>
      </div>
                  </div>
              </div>
            </div>
            <div class="card-body l1">
              <div class="card-header">
                <div class="card-title outline-child">
                  <div class="node" id="379"><span class="badge log pass-bg mr-2">Pass</span>Create New Employee</div>
                </div>
              </div>
              <div class="card-body mt-3 collapse">
                  <div class="step pass-bg">
                    <span>Given User is on Workforce Screen</span>
      <div>
      </div>
                  </div>
                  <div class="step pass-bg">
                    <span>When User adds "EmptyLastName" Employee details</span>
      <div>
      </div>
                  </div>
                  <div class="step pass-bg">
                    <span>Then User gets errorMsg for "EmptyLastName" Employee Details</span>
      <div>
      </div>
                  </div>
              </div>
            </div>
            <div class="card-body l1">
              <div class="card-header">
                <div class="card-title outline-child">
                  <div class="node" id="385"><span class="badge log pass-bg mr-2">Pass</span>Create New Employee</div>
                </div>
              </div>
              <div class="card-body mt-3 collapse">
                  <div class="step pass-bg">
                    <span>Given User is on Workforce Screen</span>
      <div>
      </div>
                  </div>
                  <div class="step pass-bg">
                    <span>When User adds "EmptyEmail" Employee details</span>
      <div>
      </div>
                  </div>
                  <div class="step pass-bg">
                    <span>Then User gets errorMsg for "EmptyEmail" Employee Details</span>
      <div>
      </div>
                  </div>
              </div>
            </div>
            <div class="card-body l1">
              <div class="card-header">
                <div class="card-title outline-child">
                  <div class="node" id="391"><span class="badge log pass-bg mr-2">Pass</span>Create New Employee</div>
                </div>
              </div>
              <div class="card-body mt-3 collapse">
                  <div class="step pass-bg">
                    <span>Given User is on Workforce Screen</span>
      <div>
      </div>
                  </div>
                  <div class="step pass-bg">
                    <span>When User adds "EmptyPhoneNum" Employee details</span>
      <div>
      </div>
                  </div>
                  <div class="step pass-bg">
                    <span>Then User gets errorMsg for "EmptyPhoneNum" Employee Details</span>
      <div>
      </div>
                  </div>
              </div>
            </div>
            <div class="card-body l1">
              <div class="card-header">
                <div class="card-title outline-child">
                  <div class="node" id="397"><span class="badge log pass-bg mr-2">Pass</span>Create New Employee</div>
                </div>
              </div>
              <div class="card-body mt-3 collapse">
                  <div class="step pass-bg">
                    <span>Given User is on Workforce Screen</span>
      <div>
      </div>
                  </div>
                  <div class="step pass-bg">
                    <span>When User adds "EmptyEmpID" Employee details</span>
      <div>
      </div>
                  </div>
                  <div class="step pass-bg">
                    <span>Then User gets errorMsg for "EmptyEmpID" Employee Details</span>
      <div>
      </div>
                  </div>
              </div>
            </div>
            <div class="card-body l1">
              <div class="card-header">
                <div class="card-title outline-child">
                  <div class="node" id="403"><span class="badge log pass-bg mr-2">Pass</span>Create New Employee</div>
                </div>
              </div>
              <div class="card-body mt-3 collapse">
                  <div class="step pass-bg">
                    <span>Given User is on Workforce Screen</span>
      <div>
      </div>
                  </div>
                  <div class="step pass-bg">
                    <span>When User adds "ExistingPIN" Employee details</span>
      <div>
      </div>
                  </div>
                  <div class="step pass-bg">
                    <span>Then User gets errorMsg for "ExistingPIN" Employee Details</span>
      <div>
      </div>
                  </div>
              </div>
            </div>
        </div>
  </div>
  <div class="card">
    <div class="card-header" role="tab">
      <div class="card-title">
        <div class="node" id="409"><span class="badge log pass-bg mr-2">Pass</span>Verify Search functionality on Workforce</div>
      </div>
    </div>
        <div class="collapse">
          <div class="card-body">
              <div class="step pass-bg" title="com.qa.stepdef.WorkforceStepDef.userIsOnWorkforceScreen()">
                <span>Given User is on Workforce Screen</span>
      <div>
      </div>
              </div>
              <div class="step pass-bg" title="com.qa.stepdef.WorkforceStepDef.userSearchEmployeeOnSearchBar()">
                <span>When User Search Employee on Search Bar</span>
      <div>
      </div>
              </div>
              <div class="step pass-bg" title="com.qa.stepdef.WorkforceStepDef.userAbleToSearchEmployee()">
                <span>Then User Able to Search Item on Employee</span>
      <div>
      </div>
              </div>
          </div>
        </div>
  </div>
</div>
          </div>
        </li>
      </ul>
    </div>
  </div>
<div class="test-content scrollable">
<div class="test-content-tools">
<ul><li><a class="back-to-test" href="#"><i class="fa fa-arrow-left"></i></a></li></ul>
</div>
<div class="test-content-detail"><div class="detail-body"></div></div>
</div></div>
<div class="test-wrapper row view category-view attributes-view">
<div class="test-list">
<div class="test-list-tools">
<ul class="tools pull-left"><li><a href=""><span class="font-size-14">Category</span></a></li></ul>
<ul class="tools text-right"><li><a href="#"><span class="badge badge-primary">23</span></a></li></ul>
</div>
<div class="test-list-wrapper scrollable">
<ul class="test-list-item">
<li class="test-item">
<div class="test-detail">
<span class="meta">
<span class='badge log pass-bg'>3</span>
</span>
<p class="name">@products</p>
<p class="duration text-sm">3 tests</p>
</div>
<div class="test-contents d-none">
<div class="info">
<h4>@products</h4>
<span status="pass" class='badge log pass-bg'>3 passed</span>
</div>
<table class='table table-sm mt-4'>
<thead>
<tr>
<th class="status-col">Status</th>
<th class="timestamp-col">Timestamp</th>
<th>TestName</th>
</tr>
</thead>
<tbody>
<tr class="tag-test-status" status="pass">
<td><span class="badge log pass-bg">Pass</span></td>
<td>11:27:51 am</td>
<td>
<a href="#" class="linked" test-id='91' id='181'>Validate Products Details for Different "EmptyProductsName"</a>
<div class="">
<span class="badge badge-default">Menu Management.Validate Products Details for Different "EmptyProductsName"</span>
</div>
</td>
</tr>
<tr class="tag-test-status" status="pass">
<td><span class="badge log pass-bg">Pass</span></td>
<td>11:28:21 am</td>
<td>
<a href="#" class="linked" test-id='91' id='187'>Validate Products Details for Different "ExistingProductName"</a>
<div class="">
<span class="badge badge-default">Menu Management.Validate Products Details for Different "ExistingProductName"</span>
</div>
</td>
</tr>
<tr class="tag-test-status" status="pass">
<td><span class="badge log pass-bg">Pass</span></td>
<td>11:28:53 am</td>
<td>
<a href="#" class="linked" test-id='91' id='193'>Verify Search functionality on Products</a>
<div class="">
<span class="badge badge-default">Menu Management.Verify Search functionality on Products</span>
</div>
</td>
</tr>
</tbody>
</table>
</div>
</li>
<li class="test-item">
<div class="test-detail">
<span class="meta">
<span class='badge log pass-bg'>3</span>
</span>
<p class="name">@serviceCharge</p>
<p class="duration text-sm">3 tests</p>
</div>
<div class="test-contents d-none">
<div class="info">
<h4>@serviceCharge</h4>
<span status="pass" class='badge log pass-bg'>3 passed</span>
</div>
<table class='table table-sm mt-4'>
<thead>
<tr>
<th class="status-col">Status</th>
<th class="timestamp-col">Timestamp</th>
<th>TestName</th>
</tr>
</thead>
<tbody>
<tr class="tag-test-status" status="pass">
<td><span class="badge log pass-bg">Pass</span></td>
<td>11:36:24 am</td>
<td>
<a href="#" class="linked" test-id='237' id='289'>Validate Service Charge Details EmptyServiceChargeName</a>
<div class="">
<span class="badge badge-default">Payments.Validate Service Charge Details EmptyServiceChargeName</span>
</div>
</td>
</tr>
<tr class="tag-test-status" status="pass">
<td><span class="badge log pass-bg">Pass</span></td>
<td>11:36:54 am</td>
<td>
<a href="#" class="linked" test-id='237' id='295'>Validate Service Charge Details EmptyServiceChargeAmount</a>
<div class="">
<span class="badge badge-default">Payments.Validate Service Charge Details EmptyServiceChargeAmount</span>
</div>
</td>
</tr>
<tr class="tag-test-status" status="pass">
<td><span class="badge log pass-bg">Pass</span></td>
<td>11:37:23 am</td>
<td>
<a href="#" class="linked" test-id='237' id='301'>Validate Service Charge Details EmptyAllFields</a>
<div class="">
<span class="badge badge-default">Payments.Validate Service Charge Details EmptyAllFields</span>
</div>
</td>
</tr>
</tbody>
</table>
</div>
</li>
<li class="test-item">
<div class="test-detail">
<span class="meta">
<span class='badge log pass-bg'>4</span>
</span>
<p class="name">@category</p>
<p class="duration text-sm">4 tests</p>
</div>
<div class="test-contents d-none">
<div class="info">
<h4>@category</h4>
<span status="pass" class='badge log pass-bg'>4 passed</span>
</div>
<table class='table table-sm mt-4'>
<thead>
<tr>
<th class="status-col">Status</th>
<th class="timestamp-col">Timestamp</th>
<th>TestName</th>
</tr>
</thead>
<tbody>
<tr class="tag-test-status" status="pass">
<td><span class="badge log pass-bg">Pass</span></td>
<td>11:22:52 am</td>
<td>
<a href="#" class="linked" test-id='91' id='118'>Validate Category Details for Different ExistingCategoryName</a>
<div class="">
<span class="badge badge-default">Menu Management.Validate Category Details for Different ExistingCategoryName</span>
</div>
</td>
</tr>
<tr class="tag-test-status" status="pass">
<td><span class="badge log pass-bg">Pass</span></td>
<td>11:23:22 am</td>
<td>
<a href="#" class="linked" test-id='91' id='124'>Validate Category Details for Different EmptyCategoryName</a>
<div class="">
<span class="badge badge-default">Menu Management.Validate Category Details for Different EmptyCategoryName</span>
</div>
</td>
</tr>
<tr class="tag-test-status" status="pass">
<td><span class="badge log pass-bg">Pass</span></td>
<td>11:23:52 am</td>
<td>
<a href="#" class="linked" test-id='91' id='130'>Validate Category Details for Different InvalidCategoryName</a>
<div class="">
<span class="badge badge-default">Menu Management.Validate Category Details for Different InvalidCategoryName</span>
</div>
</td>
</tr>
<tr class="tag-test-status" status="pass">
<td><span class="badge log pass-bg">Pass</span></td>
<td>11:24:23 am</td>
<td>
<a href="#" class="linked" test-id='91' id='136'>Verify Search functionality on Category</a>
<div class="">
<span class="badge badge-default">Menu Management.Verify Search functionality on Category</span>
</div>
</td>
</tr>
</tbody>
</table>
</div>
</li>
<li class="test-item">
<div class="test-detail">
<span class="meta">
<span class='badge log pass-bg'>4</span>
</span>
<p class="name">@login</p>
<p class="duration text-sm">4 tests</p>
</div>
<div class="test-contents d-none">
<div class="info">
<h4>@login</h4>
<span status="pass" class='badge log pass-bg'>4 passed</span>
</div>
<table class='table table-sm mt-4'>
<thead>
<tr>
<th class="status-col">Status</th>
<th class="timestamp-col">Timestamp</th>
<th>TestName</th>
</tr>
</thead>
<tbody>
<tr class="tag-test-status" status="pass">
<td><span class="badge log pass-bg">Pass</span></td>
<td>11:19:23 am</td>
<td>
<a href="#" class="linked" test-id='1' id='60'>Validate Login Functionality</a>
<div class="">
<span class="badge badge-default">Login scenarios.Validate Login Functionality</span>
</div>
</td>
</tr>
<tr class="tag-test-status" status="pass">
<td><span class="badge log pass-bg">Pass</span></td>
<td>11:19:36 am</td>
<td>
<a href="#" class="linked" test-id='1' id='65'>Validate Login Functionality</a>
<div class="">
<span class="badge badge-default">Login scenarios.Validate Login Functionality</span>
</div>
</td>
</tr>
<tr class="tag-test-status" status="pass">
<td><span class="badge log pass-bg">Pass</span></td>
<td>11:19:49 am</td>
<td>
<a href="#" class="linked" test-id='1' id='70'>Validate Login Functionality</a>
<div class="">
<span class="badge badge-default">Login scenarios.Validate Login Functionality</span>
</div>
</td>
</tr>
<tr class="tag-test-status" status="pass">
<td><span class="badge log pass-bg">Pass</span></td>
<td>11:20:00 am</td>
<td>
<a href="#" class="linked" test-id='1' id='75'>Validate Login Functionality</a>
<div class="">
<span class="badge badge-default">Login scenarios.Validate Login Functionality</span>
</div>
</td>
</tr>
</tbody>
</table>
</div>
</li>
<li class="test-item">
<div class="test-detail">
<span class="meta">
<span class='badge log pass-bg'>58</span>
<span class='badge log badge-danger'>7</span>
</span>
<p class="name">@All</p>
<p class="duration text-sm">65 tests</p>
</div>
<div class="test-contents d-none">
<div class="info">
<h4>@All</h4>
<span status="pass" class='badge log pass-bg'>58 passed</span>
<span status="fail" class='badge log badge-danger'>7 failed</span>
</div>
<table class='table table-sm mt-4'>
<thead>
<tr>
<th class="status-col">Status</th>
<th class="timestamp-col">Timestamp</th>
<th>TestName</th>
</tr>
</thead>
<tbody>
<tr class="tag-test-status" status="pass">
<td><span class="badge log pass-bg">Pass</span></td>
<td>11:17:02 am</td>
<td>
<a href="#" class="linked" test-id='1' id='3'>Create An Account With Negative Scenario</a>
<div class="">
<span class="badge badge-default">Login scenarios.Create An Account With Negative Scenario</span>
</div>
</td>
</tr>
<tr class="tag-test-status" status="pass">
<td><span class="badge log pass-bg">Pass</span></td>
<td>11:17:13 am</td>
<td>
<a href="#" class="linked" test-id='1' id='10'>Create An Account With Negative Scenario</a>
<div class="">
<span class="badge badge-default">Login scenarios.Create An Account With Negative Scenario</span>
</div>
</td>
</tr>
<tr class="tag-test-status" status="pass">
<td><span class="badge log pass-bg">Pass</span></td>
<td>11:17:42 am</td>
<td>
<a href="#" class="linked" test-id='1' id='17'>Create An Account With Negative Scenario</a>
<div class="">
<span class="badge badge-default">Login scenarios.Create An Account With Negative Scenario</span>
</div>
</td>
</tr>
<tr class="tag-test-status" status="pass">
<td><span class="badge log pass-bg">Pass</span></td>
<td>11:17:59 am</td>
<td>
<a href="#" class="linked" test-id='1' id='24'>Create An Account With Negative Scenario</a>
<div class="">
<span class="badge badge-default">Login scenarios.Create An Account With Negative Scenario</span>
</div>
</td>
</tr>
<tr class="tag-test-status" status="pass">
<td><span class="badge log pass-bg">Pass</span></td>
<td>11:18:16 am</td>
<td>
<a href="#" class="linked" test-id='1' id='31'>Create An Account With Negative Scenario</a>
<div class="">
<span class="badge badge-default">Login scenarios.Create An Account With Negative Scenario</span>
</div>
</td>
</tr>
<tr class="tag-test-status" status="pass">
<td><span class="badge log pass-bg">Pass</span></td>
<td>11:18:35 am</td>
<td>
<a href="#" class="linked" test-id='1' id='38'>Create An Account With Negative Scenario</a>
<div class="">
<span class="badge badge-default">Login scenarios.Create An Account With Negative Scenario</span>
</div>
</td>
</tr>
<tr class="tag-test-status" status="pass">
<td><span class="badge log pass-bg">Pass</span></td>
<td>11:18:55 am</td>
<td>
<a href="#" class="linked" test-id='1' id='45'>Create An Account With Negative Scenario</a>
<div class="">
<span class="badge badge-default">Login scenarios.Create An Account With Negative Scenario</span>
</div>
</td>
</tr>
<tr class="tag-test-status" status="pass">
<td><span class="badge log pass-bg">Pass</span></td>
<td>11:19:14 am</td>
<td>
<a href="#" class="linked" test-id='1' id='52'>Create An Account With Negative Scenario</a>
<div class="">
<span class="badge badge-default">Login scenarios.Create An Account With Negative Scenario</span>
</div>
</td>
</tr>
<tr class="tag-test-status" status="pass">
<td><span class="badge log pass-bg">Pass</span></td>
<td>11:19:23 am</td>
<td>
<a href="#" class="linked" test-id='1' id='60'>Validate Login Functionality</a>
<div class="">
<span class="badge badge-default">Login scenarios.Validate Login Functionality</span>
</div>
</td>
</tr>
<tr class="tag-test-status" status="pass">
<td><span class="badge log pass-bg">Pass</span></td>
<td>11:19:36 am</td>
<td>
<a href="#" class="linked" test-id='1' id='65'>Validate Login Functionality</a>
<div class="">
<span class="badge badge-default">Login scenarios.Validate Login Functionality</span>
</div>
</td>
</tr>
<tr class="tag-test-status" status="pass">
<td><span class="badge log pass-bg">Pass</span></td>
<td>11:19:49 am</td>
<td>
<a href="#" class="linked" test-id='1' id='70'>Validate Login Functionality</a>
<div class="">
<span class="badge badge-default">Login scenarios.Validate Login Functionality</span>
</div>
</td>
</tr>
<tr class="tag-test-status" status="pass">
<td><span class="badge log pass-bg">Pass</span></td>
<td>11:20:00 am</td>
<td>
<a href="#" class="linked" test-id='1' id='75'>Validate Login Functionality</a>
<div class="">
<span class="badge badge-default">Login scenarios.Validate Login Functionality</span>
</div>
</td>
</tr>
<tr class="tag-test-status" status="pass">
<td><span class="badge log pass-bg">Pass</span></td>
<td>11:20:11 am</td>
<td>
<a href="#" class="linked" test-id='1' id='81'>Validate Login Functionality</a>
<div class="">
<span class="badge badge-default">Login scenarios.Validate Login Functionality</span>
</div>
</td>
</tr>
<tr class="tag-test-status" status="pass">
<td><span class="badge log pass-bg">Pass</span></td>
<td>11:20:21 am</td>
<td>
<a href="#" class="linked" test-id='1' id='86'>Validate Login Functionality</a>
<div class="">
<span class="badge badge-default">Login scenarios.Validate Login Functionality</span>
</div>
</td>
</tr>
<tr class="tag-test-status" status="fail">
<td><span class="badge log fail-bg">Fail</span></td>
<td>11:20:45 am</td>
<td>
<a href="#" class="linked" test-id='91' id='93'>Validate Menu Details for Different "ValidMenuDetails"</a>
<div class="">
<span class="badge badge-default">Menu Management.Validate Menu Details for Different "ValidMenuDetails"</span>
</div>
</td>
</tr>
<tr class="tag-test-status" status="pass">
<td><span class="badge log pass-bg">Pass</span></td>
<td>11:21:25 am</td>
<td>
<a href="#" class="linked" test-id='91' id='99'>Validate Menu Details for Different "EmptyMenuName"</a>
<div class="">
<span class="badge badge-default">Menu Management.Validate Menu Details for Different "EmptyMenuName"</span>
</div>
</td>
</tr>
<tr class="tag-test-status" status="pass">
<td><span class="badge log pass-bg">Pass</span></td>
<td>11:21:54 am</td>
<td>
<a href="#" class="linked" test-id='91' id='105'>Validate Menu Details for Different "NumMenuName"</a>
<div class="">
<span class="badge badge-default">Menu Management.Validate Menu Details for Different "NumMenuName"</span>
</div>
</td>
</tr>
<tr class="tag-test-status" status="pass">
<td><span class="badge log pass-bg">Pass</span></td>
<td>11:22:23 am</td>
<td>
<a href="#" class="linked" test-id='91' id='111'>Verify Search functionality on Menu</a>
<div class="">
<span class="badge badge-default">Menu Management.Verify Search functionality on Menu</span>
</div>
</td>
</tr>
<tr class="tag-test-status" status="pass">
<td><span class="badge log pass-bg">Pass</span></td>
<td>11:22:52 am</td>
<td>
<a href="#" class="linked" test-id='91' id='118'>Validate Category Details for Different ExistingCategoryName</a>
<div class="">
<span class="badge badge-default">Menu Management.Validate Category Details for Different ExistingCategoryName</span>
</div>
</td>
</tr>
<tr class="tag-test-status" status="pass">
<td><span class="badge log pass-bg">Pass</span></td>
<td>11:23:22 am</td>
<td>
<a href="#" class="linked" test-id='91' id='124'>Validate Category Details for Different EmptyCategoryName</a>
<div class="">
<span class="badge badge-default">Menu Management.Validate Category Details for Different EmptyCategoryName</span>
</div>
</td>
</tr>
<tr class="tag-test-status" status="pass">
<td><span class="badge log pass-bg">Pass</span></td>
<td>11:23:52 am</td>
<td>
<a href="#" class="linked" test-id='91' id='130'>Validate Category Details for Different InvalidCategoryName</a>
<div class="">
<span class="badge badge-default">Menu Management.Validate Category Details for Different InvalidCategoryName</span>
</div>
</td>
</tr>
<tr class="tag-test-status" status="pass">
<td><span class="badge log pass-bg">Pass</span></td>
<td>11:24:23 am</td>
<td>
<a href="#" class="linked" test-id='91' id='136'>Verify Search functionality on Category</a>
<div class="">
<span class="badge badge-default">Menu Management.Verify Search functionality on Category</span>
</div>
</td>
</tr>
<tr class="tag-test-status" status="pass">
<td><span class="badge log pass-bg">Pass</span></td>
<td>11:24:52 am</td>
<td>
<a href="#" class="linked" test-id='91' id='143'>Validate Modifiers Details for Different EmptyModifierName</a>
<div class="">
<span class="badge badge-default">Menu Management.Validate Modifiers Details for Different EmptyModifierName</span>
</div>
</td>
</tr>
<tr class="tag-test-status" status="pass">
<td><span class="badge log pass-bg">Pass</span></td>
<td>11:25:22 am</td>
<td>
<a href="#" class="linked" test-id='91' id='149'>Validate Modifiers Details for Different EmptyModifierOrderType</a>
<div class="">
<span class="badge badge-default">Menu Management.Validate Modifiers Details for Different EmptyModifierOrderType</span>
</div>
</td>
</tr>
<tr class="tag-test-status" status="pass">
<td><span class="badge log pass-bg">Pass</span></td>
<td>11:25:53 am</td>
<td>
<a href="#" class="linked" test-id='91' id='155'>Verify Search functionality on Modifiers</a>
<div class="">
<span class="badge badge-default">Menu Management.Verify Search functionality on Modifiers</span>
</div>
</td>
</tr>
<tr class="tag-test-status" status="pass">
<td><span class="badge log pass-bg">Pass</span></td>
<td>11:26:22 am</td>
<td>
<a href="#" class="linked" test-id='91' id='162'>Validate Addons Details for Different EmptyAddonName</a>
<div class="">
<span class="badge badge-default">Menu Management.Validate Addons Details for Different EmptyAddonName</span>
</div>
</td>
</tr>
<tr class="tag-test-status" status="pass">
<td><span class="badge log pass-bg">Pass</span></td>
<td>11:26:52 am</td>
<td>
<a href="#" class="linked" test-id='91' id='168'>Validate Addons Details for Different EmptyAddonOrderType</a>
<div class="">
<span class="badge badge-default">Menu Management.Validate Addons Details for Different EmptyAddonOrderType</span>
</div>
</td>
</tr>
<tr class="tag-test-status" status="pass">
<td><span class="badge log pass-bg">Pass</span></td>
<td>11:27:23 am</td>
<td>
<a href="#" class="linked" test-id='91' id='174'>Verify Search functionality on Addons</a>
<div class="">
<span class="badge badge-default">Menu Management.Verify Search functionality on Addons</span>
</div>
</td>
</tr>
<tr class="tag-test-status" status="pass">
<td><span class="badge log pass-bg">Pass</span></td>
<td>11:27:51 am</td>
<td>
<a href="#" class="linked" test-id='91' id='181'>Validate Products Details for Different "EmptyProductsName"</a>
<div class="">
<span class="badge badge-default">Menu Management.Validate Products Details for Different "EmptyProductsName"</span>
</div>
</td>
</tr>
<tr class="tag-test-status" status="pass">
<td><span class="badge log pass-bg">Pass</span></td>
<td>11:28:21 am</td>
<td>
<a href="#" class="linked" test-id='91' id='187'>Validate Products Details for Different "ExistingProductName"</a>
<div class="">
<span class="badge badge-default">Menu Management.Validate Products Details for Different "ExistingProductName"</span>
</div>
</td>
</tr>
<tr class="tag-test-status" status="pass">
<td><span class="badge log pass-bg">Pass</span></td>
<td>11:28:53 am</td>
<td>
<a href="#" class="linked" test-id='91' id='193'>Verify Search functionality on Products</a>
<div class="">
<span class="badge badge-default">Menu Management.Verify Search functionality on Products</span>
</div>
</td>
</tr>
<tr class="tag-test-status" status="pass">
<td><span class="badge log pass-bg">Pass</span></td>
<td>11:29:22 am</td>
<td>
<a href="#" class="linked" test-id='91' id='200'>Validate Ingredients Details for Different "EmptyIngredientsName"</a>
<div class="">
<span class="badge badge-default">Menu Management.Validate Ingredients Details for Different "EmptyIngredientsName"</span>
</div>
</td>
</tr>
<tr class="tag-test-status" status="pass">
<td><span class="badge log pass-bg">Pass</span></td>
<td>11:29:52 am</td>
<td>
<a href="#" class="linked" test-id='91' id='206'>Validate Ingredients Details for Different "ExistingIngredientsName"</a>
<div class="">
<span class="badge badge-default">Menu Management.Validate Ingredients Details for Different "ExistingIngredientsName"</span>
</div>
</td>
</tr>
<tr class="tag-test-status" status="pass">
<td><span class="badge log pass-bg">Pass</span></td>
<td>11:30:23 am</td>
<td>
<a href="#" class="linked" test-id='91' id='212'>Verify Search functionality on Ingredients</a>
<div class="">
<span class="badge badge-default">Menu Management.Verify Search functionality on Ingredients</span>
</div>
</td>
</tr>
<tr class="tag-test-status" status="pass">
<td><span class="badge log pass-bg">Pass</span></td>
<td>11:30:53 am</td>
<td>
<a href="#" class="linked" test-id='91' id='219'>Validate Groups Details for Different "EmptyGroupsName"</a>
<div class="">
<span class="badge badge-default">Menu Management.Validate Groups Details for Different "EmptyGroupsName"</span>
</div>
</td>
</tr>
<tr class="tag-test-status" status="pass">
<td><span class="badge log pass-bg">Pass</span></td>
<td>11:31:23 am</td>
<td>
<a href="#" class="linked" test-id='91' id='225'>Validate Groups Details for Different "ExistingGroupsName"</a>
<div class="">
<span class="badge badge-default">Menu Management.Validate Groups Details for Different "ExistingGroupsName"</span>
</div>
</td>
</tr>
<tr class="tag-test-status" status="pass">
<td><span class="badge log pass-bg">Pass</span></td>
<td>11:31:53 am</td>
<td>
<a href="#" class="linked" test-id='91' id='231'>Verify Search functionality on Groups</a>
<div class="">
<span class="badge badge-default">Menu Management.Verify Search functionality on Groups</span>
</div>
</td>
</tr>
<tr class="tag-test-status" status="pass">
<td><span class="badge log pass-bg">Pass</span></td>
<td>11:32:22 am</td>
<td>
<a href="#" class="linked" test-id='237' id='239'>Validate Tax Details EmptyTaxName</a>
<div class="">
<span class="badge badge-default">Payments.Validate Tax Details EmptyTaxName</span>
</div>
</td>
</tr>
<tr class="tag-test-status" status="pass">
<td><span class="badge log pass-bg">Pass</span></td>
<td>11:32:52 am</td>
<td>
<a href="#" class="linked" test-id='237' id='245'>Validate Tax Details EmptyTaxAmount</a>
<div class="">
<span class="badge badge-default">Payments.Validate Tax Details EmptyTaxAmount</span>
</div>
</td>
</tr>
<tr class="tag-test-status" status="pass">
<td><span class="badge log pass-bg">Pass</span></td>
<td>11:33:21 am</td>
<td>
<a href="#" class="linked" test-id='237' id='251'>Validate Tax Details EmptyAllFields</a>
<div class="">
<span class="badge badge-default">Payments.Validate Tax Details EmptyAllFields</span>
</div>
</td>
</tr>
<tr class="tag-test-status" status="pass">
<td><span class="badge log pass-bg">Pass</span></td>
<td>11:33:50 am</td>
<td>
<a href="#" class="linked" test-id='237' id='257'>Verify Search functionality on Taxes</a>
<div class="">
<span class="badge badge-default">Payments.Verify Search functionality on Taxes</span>
</div>
</td>
</tr>
<tr class="tag-test-status" status="pass">
<td><span class="badge log pass-bg">Pass</span></td>
<td>11:34:18 am</td>
<td>
<a href="#" class="linked" test-id='237' id='264'>Validate Discount Details EmptyDiscountName</a>
<div class="">
<span class="badge badge-default">Payments.Validate Discount Details EmptyDiscountName</span>
</div>
</td>
</tr>
<tr class="tag-test-status" status="pass">
<td><span class="badge log pass-bg">Pass</span></td>
<td>11:34:47 am</td>
<td>
<a href="#" class="linked" test-id='237' id='270'>Validate Discount Details EmptyDiscountAmount</a>
<div class="">
<span class="badge badge-default">Payments.Validate Discount Details EmptyDiscountAmount</span>
</div>
</td>
</tr>
<tr class="tag-test-status" status="pass">
<td><span class="badge log pass-bg">Pass</span></td>
<td>11:35:16 am</td>
<td>
<a href="#" class="linked" test-id='237' id='276'>Validate Discount Details EmptyAllFields</a>
<div class="">
<span class="badge badge-default">Payments.Validate Discount Details EmptyAllFields</span>
</div>
</td>
</tr>
<tr class="tag-test-status" status="fail">
<td><span class="badge log fail-bg">Fail</span></td>
<td>11:35:45 am</td>
<td>
<a href="#" class="linked" test-id='237' id='282'>Verify Search functionality on Discounts</a>
<div class="">
<span class="badge badge-default">Payments.Verify Search functionality on Discounts</span>
</div>
</td>
</tr>
<tr class="tag-test-status" status="pass">
<td><span class="badge log pass-bg">Pass</span></td>
<td>11:36:24 am</td>
<td>
<a href="#" class="linked" test-id='237' id='289'>Validate Service Charge Details EmptyServiceChargeName</a>
<div class="">
<span class="badge badge-default">Payments.Validate Service Charge Details EmptyServiceChargeName</span>
</div>
</td>
</tr>
<tr class="tag-test-status" status="pass">
<td><span class="badge log pass-bg">Pass</span></td>
<td>11:36:54 am</td>
<td>
<a href="#" class="linked" test-id='237' id='295'>Validate Service Charge Details EmptyServiceChargeAmount</a>
<div class="">
<span class="badge badge-default">Payments.Validate Service Charge Details EmptyServiceChargeAmount</span>
</div>
</td>
</tr>
<tr class="tag-test-status" status="pass">
<td><span class="badge log pass-bg">Pass</span></td>
<td>11:37:23 am</td>
<td>
<a href="#" class="linked" test-id='237' id='301'>Validate Service Charge Details EmptyAllFields</a>
<div class="">
<span class="badge badge-default">Payments.Validate Service Charge Details EmptyAllFields</span>
</div>
</td>
</tr>
<tr class="tag-test-status" status="fail">
<td><span class="badge log fail-bg">Fail</span></td>
<td>11:37:53 am</td>
<td>
<a href="#" class="linked" test-id='237' id='307'>Verify Search functionality on Service Charge</a>
<div class="">
<span class="badge badge-default">Payments.Verify Search functionality on Service Charge</span>
</div>
</td>
</tr>
<tr class="tag-test-status" status="pass">
<td><span class="badge log pass-bg">Pass</span></td>
<td>11:38:32 am</td>
<td>
<a href="#" class="linked" test-id='313' id='315'>Validate Guestbook Details for Different EmptyGuestbookName</a>
<div class="">
<span class="badge badge-default">Restaurant.Validate Guestbook Details for Different EmptyGuestbookName</span>
</div>
</td>
</tr>
<tr class="tag-test-status" status="pass">
<td><span class="badge log pass-bg">Pass</span></td>
<td>11:39:02 am</td>
<td>
<a href="#" class="linked" test-id='313' id='321'>Validate Guestbook Details for Different EmptyGuestbookNum</a>
<div class="">
<span class="badge badge-default">Restaurant.Validate Guestbook Details for Different EmptyGuestbookNum</span>
</div>
</td>
</tr>
<tr class="tag-test-status" status="fail">
<td><span class="badge log fail-bg">Fail</span></td>
<td>11:39:32 am</td>
<td>
<a href="#" class="linked" test-id='313' id='327'>Verify Search functionality on Guestbook</a>
<div class="">
<span class="badge badge-default">Restaurant.Verify Search functionality on Guestbook</span>
</div>
</td>
</tr>
<tr class="tag-test-status" status="fail">
<td><span class="badge log fail-bg">Fail</span></td>
<td>11:40:10 am</td>
<td>
<a href="#" class="linked" test-id='313' id='334'>Validate Schedule Info Details for Different EmptyScheduleInfoName</a>
<div class="">
<span class="badge badge-default">Restaurant.Validate Schedule Info Details for Different EmptyScheduleInfoName</span>
</div>
</td>
</tr>
<tr class="tag-test-status" status="fail">
<td><span class="badge log fail-bg">Fail</span></td>
<td>11:40:48 am</td>
<td>
<a href="#" class="linked" test-id='313' id='340'>Verify Search functionality on Schedule Info</a>
<div class="">
<span class="badge badge-default">Restaurant.Verify Search functionality on Schedule Info</span>
</div>
</td>
</tr>
<tr class="tag-test-status" status="fail">
<td><span class="badge log fail-bg">Fail</span></td>
<td>11:41:26 am</td>
<td>
<a href="#" class="linked" test-id='313' id='346'>Verify Buttons on Location Settings</a>
<div class="">
<span class="badge badge-default">Restaurant.Verify Buttons on Location Settings</span>
</div>
</td>
</tr>
<tr class="tag-test-status" status="pass">
<td><span class="badge log pass-bg">Pass</span></td>
<td>11:41:49 am</td>
<td>
<a href="#" class="linked" test-id='313' id='353'>Validate Timed Pricing Details for Different EmptyTimedPricingName</a>
<div class="">
<span class="badge badge-default">Restaurant.Validate Timed Pricing Details for Different EmptyTimedPricingName</span>
</div>
</td>
</tr>
<tr class="tag-test-status" status="pass">
<td><span class="badge log pass-bg">Pass</span></td>
<td>11:42:18 am</td>
<td>
<a href="#" class="linked" test-id='313' id='359'>Verify Search functionality on Timed Pricing</a>
<div class="">
<span class="badge badge-default">Restaurant.Verify Search functionality on Timed Pricing</span>
</div>
</td>
</tr>
<tr class="tag-test-status" status="pass">
<td><span class="badge log pass-bg">Pass</span></td>
<td>11:42:47 am</td>
<td>
<a href="#" class="linked" test-id='365' id='367'>Create New Employee</a>
<div class="">
<span class="badge badge-default">Workforce Feature.Create New Employee</span>
</div>
</td>
</tr>
<tr class="tag-test-status" status="pass">
<td><span class="badge log pass-bg">Pass</span></td>
<td>11:43:16 am</td>
<td>
<a href="#" class="linked" test-id='365' id='373'>Create New Employee</a>
<div class="">
<span class="badge badge-default">Workforce Feature.Create New Employee</span>
</div>
</td>
</tr>
<tr class="tag-test-status" status="pass">
<td><span class="badge log pass-bg">Pass</span></td>
<td>11:43:48 am</td>
<td>
<a href="#" class="linked" test-id='365' id='379'>Create New Employee</a>
<div class="">
<span class="badge badge-default">Workforce Feature.Create New Employee</span>
</div>
</td>
</tr>
<tr class="tag-test-status" status="pass">
<td><span class="badge log pass-bg">Pass</span></td>
<td>11:44:21 am</td>
<td>
<a href="#" class="linked" test-id='365' id='385'>Create New Employee</a>
<div class="">
<span class="badge badge-default">Workforce Feature.Create New Employee</span>
</div>
</td>
</tr>
<tr class="tag-test-status" status="pass">
<td><span class="badge log pass-bg">Pass</span></td>
<td>11:44:54 am</td>
<td>
<a href="#" class="linked" test-id='365' id='391'>Create New Employee</a>
<div class="">
<span class="badge badge-default">Workforce Feature.Create New Employee</span>
</div>
</td>
</tr>
<tr class="tag-test-status" status="pass">
<td><span class="badge log pass-bg">Pass</span></td>
<td>11:45:27 am</td>
<td>
<a href="#" class="linked" test-id='365' id='397'>Create New Employee</a>
<div class="">
<span class="badge badge-default">Workforce Feature.Create New Employee</span>
</div>
</td>
</tr>
<tr class="tag-test-status" status="pass">
<td><span class="badge log pass-bg">Pass</span></td>
<td>11:46:00 am</td>
<td>
<a href="#" class="linked" test-id='365' id='403'>Create New Employee</a>
<div class="">
<span class="badge badge-default">Workforce Feature.Create New Employee</span>
</div>
</td>
</tr>
<tr class="tag-test-status" status="pass">
<td><span class="badge log pass-bg">Pass</span></td>
<td>11:46:34 am</td>
<td>
<a href="#" class="linked" test-id='365' id='409'>Verify Search functionality on Workforce</a>
<div class="">
<span class="badge badge-default">Workforce Feature.Verify Search functionality on Workforce</span>
</div>
</td>
</tr>
</tbody>
</table>
</div>
</li>
<li class="test-item">
<div class="test-detail">
<span class="meta">
<span class='badge log pass-bg'>3</span>
<span class='badge log badge-danger'>1</span>
</span>
<p class="name">@menu</p>
<p class="duration text-sm">4 tests</p>
</div>
<div class="test-contents d-none">
<div class="info">
<h4>@menu</h4>
<span status="pass" class='badge log pass-bg'>3 passed</span>
<span status="fail" class='badge log badge-danger'>1 failed</span>
</div>
<table class='table table-sm mt-4'>
<thead>
<tr>
<th class="status-col">Status</th>
<th class="timestamp-col">Timestamp</th>
<th>TestName</th>
</tr>
</thead>
<tbody>
<tr class="tag-test-status" status="fail">
<td><span class="badge log fail-bg">Fail</span></td>
<td>11:20:45 am</td>
<td>
<a href="#" class="linked" test-id='91' id='93'>Validate Menu Details for Different "ValidMenuDetails"</a>
<div class="">
<span class="badge badge-default">Menu Management.Validate Menu Details for Different "ValidMenuDetails"</span>
</div>
</td>
</tr>
<tr class="tag-test-status" status="pass">
<td><span class="badge log pass-bg">Pass</span></td>
<td>11:21:25 am</td>
<td>
<a href="#" class="linked" test-id='91' id='99'>Validate Menu Details for Different "EmptyMenuName"</a>
<div class="">
<span class="badge badge-default">Menu Management.Validate Menu Details for Different "EmptyMenuName"</span>
</div>
</td>
</tr>
<tr class="tag-test-status" status="pass">
<td><span class="badge log pass-bg">Pass</span></td>
<td>11:21:54 am</td>
<td>
<a href="#" class="linked" test-id='91' id='105'>Validate Menu Details for Different "NumMenuName"</a>
<div class="">
<span class="badge badge-default">Menu Management.Validate Menu Details for Different "NumMenuName"</span>
</div>
</td>
</tr>
<tr class="tag-test-status" status="pass">
<td><span class="badge log pass-bg">Pass</span></td>
<td>11:22:23 am</td>
<td>
<a href="#" class="linked" test-id='91' id='111'>Verify Search functionality on Menu</a>
<div class="">
<span class="badge badge-default">Menu Management.Verify Search functionality on Menu</span>
</div>
</td>
</tr>
</tbody>
</table>
</div>
</li>
<li class="test-item">
<div class="test-detail">
<span class="meta">
<span class='badge log badge-danger'>1</span>
</span>
<p class="name">@locationSettings</p>
<p class="duration text-sm">1 tests</p>
</div>
<div class="test-contents d-none">
<div class="info">
<h4>@locationSettings</h4>
<span status="fail" class='badge log badge-danger'>1 failed</span>
</div>
<table class='table table-sm mt-4'>
<thead>
<tr>
<th class="status-col">Status</th>
<th class="timestamp-col">Timestamp</th>
<th>TestName</th>
</tr>
</thead>
<tbody>
<tr class="tag-test-status" status="fail">
<td><span class="badge log fail-bg">Fail</span></td>
<td>11:41:26 am</td>
<td>
<a href="#" class="linked" test-id='313' id='346'>Verify Buttons on Location Settings</a>
<div class="">
<span class="badge badge-default">Restaurant.Verify Buttons on Location Settings</span>
</div>
</td>
</tr>
</tbody>
</table>
</div>
</li>
<li class="test-item">
<div class="test-detail">
<span class="meta">
<span class='badge log pass-bg'>22</span>
<span class='badge log badge-danger'>1</span>
</span>
<p class="name">@menuManagement</p>
<p class="duration text-sm">23 tests</p>
</div>
<div class="test-contents d-none">
<div class="info">
<h4>@menuManagement</h4>
<span status="pass" class='badge log pass-bg'>22 passed</span>
<span status="fail" class='badge log badge-danger'>1 failed</span>
</div>
<table class='table table-sm mt-4'>
<thead>
<tr>
<th class="status-col">Status</th>
<th class="timestamp-col">Timestamp</th>
<th>TestName</th>
</tr>
</thead>
<tbody>
<tr class="tag-test-status" status="fail">
<td><span class="badge log fail-bg">Fail</span></td>
<td>11:20:45 am</td>
<td>
<a href="#" class="linked" test-id='91' id='93'>Validate Menu Details for Different "ValidMenuDetails"</a>
<div class="">
<span class="badge badge-default">Menu Management.Validate Menu Details for Different "ValidMenuDetails"</span>
</div>
</td>
</tr>
<tr class="tag-test-status" status="pass">
<td><span class="badge log pass-bg">Pass</span></td>
<td>11:21:25 am</td>
<td>
<a href="#" class="linked" test-id='91' id='99'>Validate Menu Details for Different "EmptyMenuName"</a>
<div class="">
<span class="badge badge-default">Menu Management.Validate Menu Details for Different "EmptyMenuName"</span>
</div>
</td>
</tr>
<tr class="tag-test-status" status="pass">
<td><span class="badge log pass-bg">Pass</span></td>
<td>11:21:54 am</td>
<td>
<a href="#" class="linked" test-id='91' id='105'>Validate Menu Details for Different "NumMenuName"</a>
<div class="">
<span class="badge badge-default">Menu Management.Validate Menu Details for Different "NumMenuName"</span>
</div>
</td>
</tr>
<tr class="tag-test-status" status="pass">
<td><span class="badge log pass-bg">Pass</span></td>
<td>11:22:23 am</td>
<td>
<a href="#" class="linked" test-id='91' id='111'>Verify Search functionality on Menu</a>
<div class="">
<span class="badge badge-default">Menu Management.Verify Search functionality on Menu</span>
</div>
</td>
</tr>
<tr class="tag-test-status" status="pass">
<td><span class="badge log pass-bg">Pass</span></td>
<td>11:22:52 am</td>
<td>
<a href="#" class="linked" test-id='91' id='118'>Validate Category Details for Different ExistingCategoryName</a>
<div class="">
<span class="badge badge-default">Menu Management.Validate Category Details for Different ExistingCategoryName</span>
</div>
</td>
</tr>
<tr class="tag-test-status" status="pass">
<td><span class="badge log pass-bg">Pass</span></td>
<td>11:23:22 am</td>
<td>
<a href="#" class="linked" test-id='91' id='124'>Validate Category Details for Different EmptyCategoryName</a>
<div class="">
<span class="badge badge-default">Menu Management.Validate Category Details for Different EmptyCategoryName</span>
</div>
</td>
</tr>
<tr class="tag-test-status" status="pass">
<td><span class="badge log pass-bg">Pass</span></td>
<td>11:23:52 am</td>
<td>
<a href="#" class="linked" test-id='91' id='130'>Validate Category Details for Different InvalidCategoryName</a>
<div class="">
<span class="badge badge-default">Menu Management.Validate Category Details for Different InvalidCategoryName</span>
</div>
</td>
</tr>
<tr class="tag-test-status" status="pass">
<td><span class="badge log pass-bg">Pass</span></td>
<td>11:24:23 am</td>
<td>
<a href="#" class="linked" test-id='91' id='136'>Verify Search functionality on Category</a>
<div class="">
<span class="badge badge-default">Menu Management.Verify Search functionality on Category</span>
</div>
</td>
</tr>
<tr class="tag-test-status" status="pass">
<td><span class="badge log pass-bg">Pass</span></td>
<td>11:24:52 am</td>
<td>
<a href="#" class="linked" test-id='91' id='143'>Validate Modifiers Details for Different EmptyModifierName</a>
<div class="">
<span class="badge badge-default">Menu Management.Validate Modifiers Details for Different EmptyModifierName</span>
</div>
</td>
</tr>
<tr class="tag-test-status" status="pass">
<td><span class="badge log pass-bg">Pass</span></td>
<td>11:25:22 am</td>
<td>
<a href="#" class="linked" test-id='91' id='149'>Validate Modifiers Details for Different EmptyModifierOrderType</a>
<div class="">
<span class="badge badge-default">Menu Management.Validate Modifiers Details for Different EmptyModifierOrderType</span>
</div>
</td>
</tr>
<tr class="tag-test-status" status="pass">
<td><span class="badge log pass-bg">Pass</span></td>
<td>11:25:53 am</td>
<td>
<a href="#" class="linked" test-id='91' id='155'>Verify Search functionality on Modifiers</a>
<div class="">
<span class="badge badge-default">Menu Management.Verify Search functionality on Modifiers</span>
</div>
</td>
</tr>
<tr class="tag-test-status" status="pass">
<td><span class="badge log pass-bg">Pass</span></td>
<td>11:26:22 am</td>
<td>
<a href="#" class="linked" test-id='91' id='162'>Validate Addons Details for Different EmptyAddonName</a>
<div class="">
<span class="badge badge-default">Menu Management.Validate Addons Details for Different EmptyAddonName</span>
</div>
</td>
</tr>
<tr class="tag-test-status" status="pass">
<td><span class="badge log pass-bg">Pass</span></td>
<td>11:26:52 am</td>
<td>
<a href="#" class="linked" test-id='91' id='168'>Validate Addons Details for Different EmptyAddonOrderType</a>
<div class="">
<span class="badge badge-default">Menu Management.Validate Addons Details for Different EmptyAddonOrderType</span>
</div>
</td>
</tr>
<tr class="tag-test-status" status="pass">
<td><span class="badge log pass-bg">Pass</span></td>
<td>11:27:23 am</td>
<td>
<a href="#" class="linked" test-id='91' id='174'>Verify Search functionality on Addons</a>
<div class="">
<span class="badge badge-default">Menu Management.Verify Search functionality on Addons</span>
</div>
</td>
</tr>
<tr class="tag-test-status" status="pass">
<td><span class="badge log pass-bg">Pass</span></td>
<td>11:27:51 am</td>
<td>
<a href="#" class="linked" test-id='91' id='181'>Validate Products Details for Different "EmptyProductsName"</a>
<div class="">
<span class="badge badge-default">Menu Management.Validate Products Details for Different "EmptyProductsName"</span>
</div>
</td>
</tr>
<tr class="tag-test-status" status="pass">
<td><span class="badge log pass-bg">Pass</span></td>
<td>11:28:21 am</td>
<td>
<a href="#" class="linked" test-id='91' id='187'>Validate Products Details for Different "ExistingProductName"</a>
<div class="">
<span class="badge badge-default">Menu Management.Validate Products Details for Different "ExistingProductName"</span>
</div>
</td>
</tr>
<tr class="tag-test-status" status="pass">
<td><span class="badge log pass-bg">Pass</span></td>
<td>11:28:53 am</td>
<td>
<a href="#" class="linked" test-id='91' id='193'>Verify Search functionality on Products</a>
<div class="">
<span class="badge badge-default">Menu Management.Verify Search functionality on Products</span>
</div>
</td>
</tr>
<tr class="tag-test-status" status="pass">
<td><span class="badge log pass-bg">Pass</span></td>
<td>11:29:22 am</td>
<td>
<a href="#" class="linked" test-id='91' id='200'>Validate Ingredients Details for Different "EmptyIngredientsName"</a>
<div class="">
<span class="badge badge-default">Menu Management.Validate Ingredients Details for Different "EmptyIngredientsName"</span>
</div>
</td>
</tr>
<tr class="tag-test-status" status="pass">
<td><span class="badge log pass-bg">Pass</span></td>
<td>11:29:52 am</td>
<td>
<a href="#" class="linked" test-id='91' id='206'>Validate Ingredients Details for Different "ExistingIngredientsName"</a>
<div class="">
<span class="badge badge-default">Menu Management.Validate Ingredients Details for Different "ExistingIngredientsName"</span>
</div>
</td>
</tr>
<tr class="tag-test-status" status="pass">
<td><span class="badge log pass-bg">Pass</span></td>
<td>11:30:23 am</td>
<td>
<a href="#" class="linked" test-id='91' id='212'>Verify Search functionality on Ingredients</a>
<div class="">
<span class="badge badge-default">Menu Management.Verify Search functionality on Ingredients</span>
</div>
</td>
</tr>
<tr class="tag-test-status" status="pass">
<td><span class="badge log pass-bg">Pass</span></td>
<td>11:30:53 am</td>
<td>
<a href="#" class="linked" test-id='91' id='219'>Validate Groups Details for Different "EmptyGroupsName"</a>
<div class="">
<span class="badge badge-default">Menu Management.Validate Groups Details for Different "EmptyGroupsName"</span>
</div>
</td>
</tr>
<tr class="tag-test-status" status="pass">
<td><span class="badge log pass-bg">Pass</span></td>
<td>11:31:23 am</td>
<td>
<a href="#" class="linked" test-id='91' id='225'>Validate Groups Details for Different "ExistingGroupsName"</a>
<div class="">
<span class="badge badge-default">Menu Management.Validate Groups Details for Different "ExistingGroupsName"</span>
</div>
</td>
</tr>
<tr class="tag-test-status" status="pass">
<td><span class="badge log pass-bg">Pass</span></td>
<td>11:31:53 am</td>
<td>
<a href="#" class="linked" test-id='91' id='231'>Verify Search functionality on Groups</a>
<div class="">
<span class="badge badge-default">Menu Management.Verify Search functionality on Groups</span>
</div>
</td>
</tr>
</tbody>
</table>
</div>
</li>
<li class="test-item">
<div class="test-detail">
<span class="meta">
<span class='badge log pass-bg'>10</span>
<span class='badge log badge-danger'>4</span>
</span>
<p class="name">@search</p>
<p class="duration text-sm">14 tests</p>
</div>
<div class="test-contents d-none">
<div class="info">
<h4>@search</h4>
<span status="pass" class='badge log pass-bg'>10 passed</span>
<span status="fail" class='badge log badge-danger'>4 failed</span>
</div>
<table class='table table-sm mt-4'>
<thead>
<tr>
<th class="status-col">Status</th>
<th class="timestamp-col">Timestamp</th>
<th>TestName</th>
</tr>
</thead>
<tbody>
<tr class="tag-test-status" status="pass">
<td><span class="badge log pass-bg">Pass</span></td>
<td>11:22:23 am</td>
<td>
<a href="#" class="linked" test-id='91' id='111'>Verify Search functionality on Menu</a>
<div class="">
<span class="badge badge-default">Menu Management.Verify Search functionality on Menu</span>
</div>
</td>
</tr>
<tr class="tag-test-status" status="pass">
<td><span class="badge log pass-bg">Pass</span></td>
<td>11:24:23 am</td>
<td>
<a href="#" class="linked" test-id='91' id='136'>Verify Search functionality on Category</a>
<div class="">
<span class="badge badge-default">Menu Management.Verify Search functionality on Category</span>
</div>
</td>
</tr>
<tr class="tag-test-status" status="pass">
<td><span class="badge log pass-bg">Pass</span></td>
<td>11:25:53 am</td>
<td>
<a href="#" class="linked" test-id='91' id='155'>Verify Search functionality on Modifiers</a>
<div class="">
<span class="badge badge-default">Menu Management.Verify Search functionality on Modifiers</span>
</div>
</td>
</tr>
<tr class="tag-test-status" status="pass">
<td><span class="badge log pass-bg">Pass</span></td>
<td>11:27:23 am</td>
<td>
<a href="#" class="linked" test-id='91' id='174'>Verify Search functionality on Addons</a>
<div class="">
<span class="badge badge-default">Menu Management.Verify Search functionality on Addons</span>
</div>
</td>
</tr>
<tr class="tag-test-status" status="pass">
<td><span class="badge log pass-bg">Pass</span></td>
<td>11:28:53 am</td>
<td>
<a href="#" class="linked" test-id='91' id='193'>Verify Search functionality on Products</a>
<div class="">
<span class="badge badge-default">Menu Management.Verify Search functionality on Products</span>
</div>
</td>
</tr>
<tr class="tag-test-status" status="pass">
<td><span class="badge log pass-bg">Pass</span></td>
<td>11:30:23 am</td>
<td>
<a href="#" class="linked" test-id='91' id='212'>Verify Search functionality on Ingredients</a>
<div class="">
<span class="badge badge-default">Menu Management.Verify Search functionality on Ingredients</span>
</div>
</td>
</tr>
<tr class="tag-test-status" status="pass">
<td><span class="badge log pass-bg">Pass</span></td>
<td>11:31:53 am</td>
<td>
<a href="#" class="linked" test-id='91' id='231'>Verify Search functionality on Groups</a>
<div class="">
<span class="badge badge-default">Menu Management.Verify Search functionality on Groups</span>
</div>
</td>
</tr>
<tr class="tag-test-status" status="pass">
<td><span class="badge log pass-bg">Pass</span></td>
<td>11:33:50 am</td>
<td>
<a href="#" class="linked" test-id='237' id='257'>Verify Search functionality on Taxes</a>
<div class="">
<span class="badge badge-default">Payments.Verify Search functionality on Taxes</span>
</div>
</td>
</tr>
<tr class="tag-test-status" status="fail">
<td><span class="badge log fail-bg">Fail</span></td>
<td>11:35:45 am</td>
<td>
<a href="#" class="linked" test-id='237' id='282'>Verify Search functionality on Discounts</a>
<div class="">
<span class="badge badge-default">Payments.Verify Search functionality on Discounts</span>
</div>
</td>
</tr>
<tr class="tag-test-status" status="fail">
<td><span class="badge log fail-bg">Fail</span></td>
<td>11:37:53 am</td>
<td>
<a href="#" class="linked" test-id='237' id='307'>Verify Search functionality on Service Charge</a>
<div class="">
<span class="badge badge-default">Payments.Verify Search functionality on Service Charge</span>
</div>
</td>
</tr>
<tr class="tag-test-status" status="fail">
<td><span class="badge log fail-bg">Fail</span></td>
<td>11:39:32 am</td>
<td>
<a href="#" class="linked" test-id='313' id='327'>Verify Search functionality on Guestbook</a>
<div class="">
<span class="badge badge-default">Restaurant.Verify Search functionality on Guestbook</span>
</div>
</td>
</tr>
<tr class="tag-test-status" status="fail">
<td><span class="badge log fail-bg">Fail</span></td>
<td>11:40:48 am</td>
<td>
<a href="#" class="linked" test-id='313' id='340'>Verify Search functionality on Schedule Info</a>
<div class="">
<span class="badge badge-default">Restaurant.Verify Search functionality on Schedule Info</span>
</div>
</td>
</tr>
<tr class="tag-test-status" status="pass">
<td><span class="badge log pass-bg">Pass</span></td>
<td>11:42:18 am</td>
<td>
<a href="#" class="linked" test-id='313' id='359'>Verify Search functionality on Timed Pricing</a>
<div class="">
<span class="badge badge-default">Restaurant.Verify Search functionality on Timed Pricing</span>
</div>
</td>
</tr>
<tr class="tag-test-status" status="pass">
<td><span class="badge log pass-bg">Pass</span></td>
<td>11:46:34 am</td>
<td>
<a href="#" class="linked" test-id='365' id='409'>Verify Search functionality on Workforce</a>
<div class="">
<span class="badge badge-default">Workforce Feature.Verify Search functionality on Workforce</span>
</div>
</td>
</tr>
</tbody>
</table>
</div>
</li>
<li class="test-item">
<div class="test-detail">
<span class="meta">
<span class='badge log pass-bg'>3</span>
</span>
<p class="name">@ingredients</p>
<p class="duration text-sm">3 tests</p>
</div>
<div class="test-contents d-none">
<div class="info">
<h4>@ingredients</h4>
<span status="pass" class='badge log pass-bg'>3 passed</span>
</div>
<table class='table table-sm mt-4'>
<thead>
<tr>
<th class="status-col">Status</th>
<th class="timestamp-col">Timestamp</th>
<th>TestName</th>
</tr>
</thead>
<tbody>
<tr class="tag-test-status" status="pass">
<td><span class="badge log pass-bg">Pass</span></td>
<td>11:29:22 am</td>
<td>
<a href="#" class="linked" test-id='91' id='200'>Validate Ingredients Details for Different "EmptyIngredientsName"</a>
<div class="">
<span class="badge badge-default">Menu Management.Validate Ingredients Details for Different "EmptyIngredientsName"</span>
</div>
</td>
</tr>
<tr class="tag-test-status" status="pass">
<td><span class="badge log pass-bg">Pass</span></td>
<td>11:29:52 am</td>
<td>
<a href="#" class="linked" test-id='91' id='206'>Validate Ingredients Details for Different "ExistingIngredientsName"</a>
<div class="">
<span class="badge badge-default">Menu Management.Validate Ingredients Details for Different "ExistingIngredientsName"</span>
</div>
</td>
</tr>
<tr class="tag-test-status" status="pass">
<td><span class="badge log pass-bg">Pass</span></td>
<td>11:30:23 am</td>
<td>
<a href="#" class="linked" test-id='91' id='212'>Verify Search functionality on Ingredients</a>
<div class="">
<span class="badge badge-default">Menu Management.Verify Search functionality on Ingredients</span>
</div>
</td>
</tr>
</tbody>
</table>
</div>
</li>
<li class="test-item">
<div class="test-detail">
<span class="meta">
<span class='badge log pass-bg'>8</span>
</span>
<p class="name">@createAnAccount</p>
<p class="duration text-sm">8 tests</p>
</div>
<div class="test-contents d-none">
<div class="info">
<h4>@createAnAccount</h4>
<span status="pass" class='badge log pass-bg'>8 passed</span>
</div>
<table class='table table-sm mt-4'>
<thead>
<tr>
<th class="status-col">Status</th>
<th class="timestamp-col">Timestamp</th>
<th>TestName</th>
</tr>
</thead>
<tbody>
<tr class="tag-test-status" status="pass">
<td><span class="badge log pass-bg">Pass</span></td>
<td>11:17:02 am</td>
<td>
<a href="#" class="linked" test-id='1' id='3'>Create An Account With Negative Scenario</a>
<div class="">
<span class="badge badge-default">Login scenarios.Create An Account With Negative Scenario</span>
</div>
</td>
</tr>
<tr class="tag-test-status" status="pass">
<td><span class="badge log pass-bg">Pass</span></td>
<td>11:17:13 am</td>
<td>
<a href="#" class="linked" test-id='1' id='10'>Create An Account With Negative Scenario</a>
<div class="">
<span class="badge badge-default">Login scenarios.Create An Account With Negative Scenario</span>
</div>
</td>
</tr>
<tr class="tag-test-status" status="pass">
<td><span class="badge log pass-bg">Pass</span></td>
<td>11:17:42 am</td>
<td>
<a href="#" class="linked" test-id='1' id='17'>Create An Account With Negative Scenario</a>
<div class="">
<span class="badge badge-default">Login scenarios.Create An Account With Negative Scenario</span>
</div>
</td>
</tr>
<tr class="tag-test-status" status="pass">
<td><span class="badge log pass-bg">Pass</span></td>
<td>11:17:59 am</td>
<td>
<a href="#" class="linked" test-id='1' id='24'>Create An Account With Negative Scenario</a>
<div class="">
<span class="badge badge-default">Login scenarios.Create An Account With Negative Scenario</span>
</div>
</td>
</tr>
<tr class="tag-test-status" status="pass">
<td><span class="badge log pass-bg">Pass</span></td>
<td>11:18:16 am</td>
<td>
<a href="#" class="linked" test-id='1' id='31'>Create An Account With Negative Scenario</a>
<div class="">
<span class="badge badge-default">Login scenarios.Create An Account With Negative Scenario</span>
</div>
</td>
</tr>
<tr class="tag-test-status" status="pass">
<td><span class="badge log pass-bg">Pass</span></td>
<td>11:18:35 am</td>
<td>
<a href="#" class="linked" test-id='1' id='38'>Create An Account With Negative Scenario</a>
<div class="">
<span class="badge badge-default">Login scenarios.Create An Account With Negative Scenario</span>
</div>
</td>
</tr>
<tr class="tag-test-status" status="pass">
<td><span class="badge log pass-bg">Pass</span></td>
<td>11:18:55 am</td>
<td>
<a href="#" class="linked" test-id='1' id='45'>Create An Account With Negative Scenario</a>
<div class="">
<span class="badge badge-default">Login scenarios.Create An Account With Negative Scenario</span>
</div>
</td>
</tr>
<tr class="tag-test-status" status="pass">
<td><span class="badge log pass-bg">Pass</span></td>
<td>11:19:14 am</td>
<td>
<a href="#" class="linked" test-id='1' id='52'>Create An Account With Negative Scenario</a>
<div class="">
<span class="badge badge-default">Login scenarios.Create An Account With Negative Scenario</span>
</div>
</td>
</tr>
</tbody>
</table>
</div>
</li>
<li class="test-item">
<div class="test-detail">
<span class="meta">
<span class='badge log pass-bg'>2</span>
</span>
<p class="name">@guestbook</p>
<p class="duration text-sm">2 tests</p>
</div>
<div class="test-contents d-none">
<div class="info">
<h4>@guestbook</h4>
<span status="pass" class='badge log pass-bg'>2 passed</span>
</div>
<table class='table table-sm mt-4'>
<thead>
<tr>
<th class="status-col">Status</th>
<th class="timestamp-col">Timestamp</th>
<th>TestName</th>
</tr>
</thead>
<tbody>
<tr class="tag-test-status" status="pass">
<td><span class="badge log pass-bg">Pass</span></td>
<td>11:38:32 am</td>
<td>
<a href="#" class="linked" test-id='313' id='315'>Validate Guestbook Details for Different EmptyGuestbookName</a>
<div class="">
<span class="badge badge-default">Restaurant.Validate Guestbook Details for Different EmptyGuestbookName</span>
</div>
</td>
</tr>
<tr class="tag-test-status" status="pass">
<td><span class="badge log pass-bg">Pass</span></td>
<td>11:39:02 am</td>
<td>
<a href="#" class="linked" test-id='313' id='321'>Validate Guestbook Details for Different EmptyGuestbookNum</a>
<div class="">
<span class="badge badge-default">Restaurant.Validate Guestbook Details for Different EmptyGuestbookNum</span>
</div>
</td>
</tr>
</tbody>
</table>
</div>
</li>
<li class="test-item">
<div class="test-detail">
<span class="meta">
<span class='badge log pass-bg'>3</span>
</span>
<p class="name">@groups</p>
<p class="duration text-sm">3 tests</p>
</div>
<div class="test-contents d-none">
<div class="info">
<h4>@groups</h4>
<span status="pass" class='badge log pass-bg'>3 passed</span>
</div>
<table class='table table-sm mt-4'>
<thead>
<tr>
<th class="status-col">Status</th>
<th class="timestamp-col">Timestamp</th>
<th>TestName</th>
</tr>
</thead>
<tbody>
<tr class="tag-test-status" status="pass">
<td><span class="badge log pass-bg">Pass</span></td>
<td>11:30:53 am</td>
<td>
<a href="#" class="linked" test-id='91' id='219'>Validate Groups Details for Different "EmptyGroupsName"</a>
<div class="">
<span class="badge badge-default">Menu Management.Validate Groups Details for Different "EmptyGroupsName"</span>
</div>
</td>
</tr>
<tr class="tag-test-status" status="pass">
<td><span class="badge log pass-bg">Pass</span></td>
<td>11:31:23 am</td>
<td>
<a href="#" class="linked" test-id='91' id='225'>Validate Groups Details for Different "ExistingGroupsName"</a>
<div class="">
<span class="badge badge-default">Menu Management.Validate Groups Details for Different "ExistingGroupsName"</span>
</div>
</td>
</tr>
<tr class="tag-test-status" status="pass">
<td><span class="badge log pass-bg">Pass</span></td>
<td>11:31:53 am</td>
<td>
<a href="#" class="linked" test-id='91' id='231'>Verify Search functionality on Groups</a>
<div class="">
<span class="badge badge-default">Menu Management.Verify Search functionality on Groups</span>
</div>
</td>
</tr>
</tbody>
</table>
</div>
</li>
<li class="test-item">
<div class="test-detail">
<span class="meta">
<span class='badge log pass-bg'>14</span>
</span>
<p class="name">@loginModule</p>
<p class="duration text-sm">14 tests</p>
</div>
<div class="test-contents d-none">
<div class="info">
<h4>@loginModule</h4>
<span status="pass" class='badge log pass-bg'>14 passed</span>
</div>
<table class='table table-sm mt-4'>
<thead>
<tr>
<th class="status-col">Status</th>
<th class="timestamp-col">Timestamp</th>
<th>TestName</th>
</tr>
</thead>
<tbody>
<tr class="tag-test-status" status="pass">
<td><span class="badge log pass-bg">Pass</span></td>
<td>11:17:02 am</td>
<td>
<a href="#" class="linked" test-id='1' id='3'>Create An Account With Negative Scenario</a>
<div class="">
<span class="badge badge-default">Login scenarios.Create An Account With Negative Scenario</span>
</div>
</td>
</tr>
<tr class="tag-test-status" status="pass">
<td><span class="badge log pass-bg">Pass</span></td>
<td>11:17:13 am</td>
<td>
<a href="#" class="linked" test-id='1' id='10'>Create An Account With Negative Scenario</a>
<div class="">
<span class="badge badge-default">Login scenarios.Create An Account With Negative Scenario</span>
</div>
</td>
</tr>
<tr class="tag-test-status" status="pass">
<td><span class="badge log pass-bg">Pass</span></td>
<td>11:17:42 am</td>
<td>
<a href="#" class="linked" test-id='1' id='17'>Create An Account With Negative Scenario</a>
<div class="">
<span class="badge badge-default">Login scenarios.Create An Account With Negative Scenario</span>
</div>
</td>
</tr>
<tr class="tag-test-status" status="pass">
<td><span class="badge log pass-bg">Pass</span></td>
<td>11:17:59 am</td>
<td>
<a href="#" class="linked" test-id='1' id='24'>Create An Account With Negative Scenario</a>
<div class="">
<span class="badge badge-default">Login scenarios.Create An Account With Negative Scenario</span>
</div>
</td>
</tr>
<tr class="tag-test-status" status="pass">
<td><span class="badge log pass-bg">Pass</span></td>
<td>11:18:16 am</td>
<td>
<a href="#" class="linked" test-id='1' id='31'>Create An Account With Negative Scenario</a>
<div class="">
<span class="badge badge-default">Login scenarios.Create An Account With Negative Scenario</span>
</div>
</td>
</tr>
<tr class="tag-test-status" status="pass">
<td><span class="badge log pass-bg">Pass</span></td>
<td>11:18:35 am</td>
<td>
<a href="#" class="linked" test-id='1' id='38'>Create An Account With Negative Scenario</a>
<div class="">
<span class="badge badge-default">Login scenarios.Create An Account With Negative Scenario</span>
</div>
</td>
</tr>
<tr class="tag-test-status" status="pass">
<td><span class="badge log pass-bg">Pass</span></td>
<td>11:18:55 am</td>
<td>
<a href="#" class="linked" test-id='1' id='45'>Create An Account With Negative Scenario</a>
<div class="">
<span class="badge badge-default">Login scenarios.Create An Account With Negative Scenario</span>
</div>
</td>
</tr>
<tr class="tag-test-status" status="pass">
<td><span class="badge log pass-bg">Pass</span></td>
<td>11:19:14 am</td>
<td>
<a href="#" class="linked" test-id='1' id='52'>Create An Account With Negative Scenario</a>
<div class="">
<span class="badge badge-default">Login scenarios.Create An Account With Negative Scenario</span>
</div>
</td>
</tr>
<tr class="tag-test-status" status="pass">
<td><span class="badge log pass-bg">Pass</span></td>
<td>11:19:23 am</td>
<td>
<a href="#" class="linked" test-id='1' id='60'>Validate Login Functionality</a>
<div class="">
<span class="badge badge-default">Login scenarios.Validate Login Functionality</span>
</div>
</td>
</tr>
<tr class="tag-test-status" status="pass">
<td><span class="badge log pass-bg">Pass</span></td>
<td>11:19:36 am</td>
<td>
<a href="#" class="linked" test-id='1' id='65'>Validate Login Functionality</a>
<div class="">
<span class="badge badge-default">Login scenarios.Validate Login Functionality</span>
</div>
</td>
</tr>
<tr class="tag-test-status" status="pass">
<td><span class="badge log pass-bg">Pass</span></td>
<td>11:19:49 am</td>
<td>
<a href="#" class="linked" test-id='1' id='70'>Validate Login Functionality</a>
<div class="">
<span class="badge badge-default">Login scenarios.Validate Login Functionality</span>
</div>
</td>
</tr>
<tr class="tag-test-status" status="pass">
<td><span class="badge log pass-bg">Pass</span></td>
<td>11:20:00 am</td>
<td>
<a href="#" class="linked" test-id='1' id='75'>Validate Login Functionality</a>
<div class="">
<span class="badge badge-default">Login scenarios.Validate Login Functionality</span>
</div>
</td>
</tr>
<tr class="tag-test-status" status="pass">
<td><span class="badge log pass-bg">Pass</span></td>
<td>11:20:11 am</td>
<td>
<a href="#" class="linked" test-id='1' id='81'>Validate Login Functionality</a>
<div class="">
<span class="badge badge-default">Login scenarios.Validate Login Functionality</span>
</div>
</td>
</tr>
<tr class="tag-test-status" status="pass">
<td><span class="badge log pass-bg">Pass</span></td>
<td>11:20:21 am</td>
<td>
<a href="#" class="linked" test-id='1' id='86'>Validate Login Functionality</a>
<div class="">
<span class="badge badge-default">Login scenarios.Validate Login Functionality</span>
</div>
</td>
</tr>
</tbody>
</table>
</div>
</li>
<li class="test-item">
<div class="test-detail">
<span class="meta">
<span class='badge log pass-bg'>10</span>
<span class='badge log badge-danger'>2</span>
</span>
<p class="name">@payments</p>
<p class="duration text-sm">12 tests</p>
</div>
<div class="test-contents d-none">
<div class="info">
<h4>@payments</h4>
<span status="pass" class='badge log pass-bg'>10 passed</span>
<span status="fail" class='badge log badge-danger'>2 failed</span>
</div>
<table class='table table-sm mt-4'>
<thead>
<tr>
<th class="status-col">Status</th>
<th class="timestamp-col">Timestamp</th>
<th>TestName</th>
</tr>
</thead>
<tbody>
<tr class="tag-test-status" status="pass">
<td><span class="badge log pass-bg">Pass</span></td>
<td>11:32:22 am</td>
<td>
<a href="#" class="linked" test-id='237' id='239'>Validate Tax Details EmptyTaxName</a>
<div class="">
<span class="badge badge-default">Payments.Validate Tax Details EmptyTaxName</span>
</div>
</td>
</tr>
<tr class="tag-test-status" status="pass">
<td><span class="badge log pass-bg">Pass</span></td>
<td>11:32:52 am</td>
<td>
<a href="#" class="linked" test-id='237' id='245'>Validate Tax Details EmptyTaxAmount</a>
<div class="">
<span class="badge badge-default">Payments.Validate Tax Details EmptyTaxAmount</span>
</div>
</td>
</tr>
<tr class="tag-test-status" status="pass">
<td><span class="badge log pass-bg">Pass</span></td>
<td>11:33:21 am</td>
<td>
<a href="#" class="linked" test-id='237' id='251'>Validate Tax Details EmptyAllFields</a>
<div class="">
<span class="badge badge-default">Payments.Validate Tax Details EmptyAllFields</span>
</div>
</td>
</tr>
<tr class="tag-test-status" status="pass">
<td><span class="badge log pass-bg">Pass</span></td>
<td>11:33:50 am</td>
<td>
<a href="#" class="linked" test-id='237' id='257'>Verify Search functionality on Taxes</a>
<div class="">
<span class="badge badge-default">Payments.Verify Search functionality on Taxes</span>
</div>
</td>
</tr>
<tr class="tag-test-status" status="pass">
<td><span class="badge log pass-bg">Pass</span></td>
<td>11:34:18 am</td>
<td>
<a href="#" class="linked" test-id='237' id='264'>Validate Discount Details EmptyDiscountName</a>
<div class="">
<span class="badge badge-default">Payments.Validate Discount Details EmptyDiscountName</span>
</div>
</td>
</tr>
<tr class="tag-test-status" status="pass">
<td><span class="badge log pass-bg">Pass</span></td>
<td>11:34:47 am</td>
<td>
<a href="#" class="linked" test-id='237' id='270'>Validate Discount Details EmptyDiscountAmount</a>
<div class="">
<span class="badge badge-default">Payments.Validate Discount Details EmptyDiscountAmount</span>
</div>
</td>
</tr>
<tr class="tag-test-status" status="pass">
<td><span class="badge log pass-bg">Pass</span></td>
<td>11:35:16 am</td>
<td>
<a href="#" class="linked" test-id='237' id='276'>Validate Discount Details EmptyAllFields</a>
<div class="">
<span class="badge badge-default">Payments.Validate Discount Details EmptyAllFields</span>
</div>
</td>
</tr>
<tr class="tag-test-status" status="fail">
<td><span class="badge log fail-bg">Fail</span></td>
<td>11:35:45 am</td>
<td>
<a href="#" class="linked" test-id='237' id='282'>Verify Search functionality on Discounts</a>
<div class="">
<span class="badge badge-default">Payments.Verify Search functionality on Discounts</span>
</div>
</td>
</tr>
<tr class="tag-test-status" status="pass">
<td><span class="badge log pass-bg">Pass</span></td>
<td>11:36:24 am</td>
<td>
<a href="#" class="linked" test-id='237' id='289'>Validate Service Charge Details EmptyServiceChargeName</a>
<div class="">
<span class="badge badge-default">Payments.Validate Service Charge Details EmptyServiceChargeName</span>
</div>
</td>
</tr>
<tr class="tag-test-status" status="pass">
<td><span class="badge log pass-bg">Pass</span></td>
<td>11:36:54 am</td>
<td>
<a href="#" class="linked" test-id='237' id='295'>Validate Service Charge Details EmptyServiceChargeAmount</a>
<div class="">
<span class="badge badge-default">Payments.Validate Service Charge Details EmptyServiceChargeAmount</span>
</div>
</td>
</tr>
<tr class="tag-test-status" status="pass">
<td><span class="badge log pass-bg">Pass</span></td>
<td>11:37:23 am</td>
<td>
<a href="#" class="linked" test-id='237' id='301'>Validate Service Charge Details EmptyAllFields</a>
<div class="">
<span class="badge badge-default">Payments.Validate Service Charge Details EmptyAllFields</span>
</div>
</td>
</tr>
<tr class="tag-test-status" status="fail">
<td><span class="badge log fail-bg">Fail</span></td>
<td>11:37:53 am</td>
<td>
<a href="#" class="linked" test-id='237' id='307'>Verify Search functionality on Service Charge</a>
<div class="">
<span class="badge badge-default">Payments.Verify Search functionality on Service Charge</span>
</div>
</td>
</tr>
</tbody>
</table>
</div>
</li>
<li class="test-item">
<div class="test-detail">
<span class="meta">
<span class='badge log pass-bg'>1</span>
</span>
<p class="name">@timedPricing</p>
<p class="duration text-sm">1 tests</p>
</div>
<div class="test-contents d-none">
<div class="info">
<h4>@timedPricing</h4>
<span status="pass" class='badge log pass-bg'>1 passed</span>
</div>
<table class='table table-sm mt-4'>
<thead>
<tr>
<th class="status-col">Status</th>
<th class="timestamp-col">Timestamp</th>
<th>TestName</th>
</tr>
</thead>
<tbody>
<tr class="tag-test-status" status="pass">
<td><span class="badge log pass-bg">Pass</span></td>
<td>11:41:49 am</td>
<td>
<a href="#" class="linked" test-id='313' id='353'>Validate Timed Pricing Details for Different EmptyTimedPricingName</a>
<div class="">
<span class="badge badge-default">Restaurant.Validate Timed Pricing Details for Different EmptyTimedPricingName</span>
</div>
</td>
</tr>
</tbody>
</table>
</div>
</li>
<li class="test-item">
<div class="test-detail">
<span class="meta">
<span class='badge log pass-bg'>3</span>
</span>
<p class="name">@modifiers</p>
<p class="duration text-sm">3 tests</p>
</div>
<div class="test-contents d-none">
<div class="info">
<h4>@modifiers</h4>
<span status="pass" class='badge log pass-bg'>3 passed</span>
</div>
<table class='table table-sm mt-4'>
<thead>
<tr>
<th class="status-col">Status</th>
<th class="timestamp-col">Timestamp</th>
<th>TestName</th>
</tr>
</thead>
<tbody>
<tr class="tag-test-status" status="pass">
<td><span class="badge log pass-bg">Pass</span></td>
<td>11:24:52 am</td>
<td>
<a href="#" class="linked" test-id='91' id='143'>Validate Modifiers Details for Different EmptyModifierName</a>
<div class="">
<span class="badge badge-default">Menu Management.Validate Modifiers Details for Different EmptyModifierName</span>
</div>
</td>
</tr>
<tr class="tag-test-status" status="pass">
<td><span class="badge log pass-bg">Pass</span></td>
<td>11:25:22 am</td>
<td>
<a href="#" class="linked" test-id='91' id='149'>Validate Modifiers Details for Different EmptyModifierOrderType</a>
<div class="">
<span class="badge badge-default">Menu Management.Validate Modifiers Details for Different EmptyModifierOrderType</span>
</div>
</td>
</tr>
<tr class="tag-test-status" status="pass">
<td><span class="badge log pass-bg">Pass</span></td>
<td>11:25:53 am</td>
<td>
<a href="#" class="linked" test-id='91' id='155'>Verify Search functionality on Modifiers</a>
<div class="">
<span class="badge badge-default">Menu Management.Verify Search functionality on Modifiers</span>
</div>
</td>
</tr>
</tbody>
</table>
</div>
</li>
<li class="test-item">
<div class="test-detail">
<span class="meta">
<span class='badge log pass-bg'>3</span>
</span>
<p class="name">@discount</p>
<p class="duration text-sm">3 tests</p>
</div>
<div class="test-contents d-none">
<div class="info">
<h4>@discount</h4>
<span status="pass" class='badge log pass-bg'>3 passed</span>
</div>
<table class='table table-sm mt-4'>
<thead>
<tr>
<th class="status-col">Status</th>
<th class="timestamp-col">Timestamp</th>
<th>TestName</th>
</tr>
</thead>
<tbody>
<tr class="tag-test-status" status="pass">
<td><span class="badge log pass-bg">Pass</span></td>
<td>11:34:18 am</td>
<td>
<a href="#" class="linked" test-id='237' id='264'>Validate Discount Details EmptyDiscountName</a>
<div class="">
<span class="badge badge-default">Payments.Validate Discount Details EmptyDiscountName</span>
</div>
</td>
</tr>
<tr class="tag-test-status" status="pass">
<td><span class="badge log pass-bg">Pass</span></td>
<td>11:34:47 am</td>
<td>
<a href="#" class="linked" test-id='237' id='270'>Validate Discount Details EmptyDiscountAmount</a>
<div class="">
<span class="badge badge-default">Payments.Validate Discount Details EmptyDiscountAmount</span>
</div>
</td>
</tr>
<tr class="tag-test-status" status="pass">
<td><span class="badge log pass-bg">Pass</span></td>
<td>11:35:16 am</td>
<td>
<a href="#" class="linked" test-id='237' id='276'>Validate Discount Details EmptyAllFields</a>
<div class="">
<span class="badge badge-default">Payments.Validate Discount Details EmptyAllFields</span>
</div>
</td>
</tr>
</tbody>
</table>
</div>
</li>
<li class="test-item">
<div class="test-detail">
<span class="meta">
<span class='badge log pass-bg'>3</span>
</span>
<p class="name">@Addons</p>
<p class="duration text-sm">3 tests</p>
</div>
<div class="test-contents d-none">
<div class="info">
<h4>@Addons</h4>
<span status="pass" class='badge log pass-bg'>3 passed</span>
</div>
<table class='table table-sm mt-4'>
<thead>
<tr>
<th class="status-col">Status</th>
<th class="timestamp-col">Timestamp</th>
<th>TestName</th>
</tr>
</thead>
<tbody>
<tr class="tag-test-status" status="pass">
<td><span class="badge log pass-bg">Pass</span></td>
<td>11:26:22 am</td>
<td>
<a href="#" class="linked" test-id='91' id='162'>Validate Addons Details for Different EmptyAddonName</a>
<div class="">
<span class="badge badge-default">Menu Management.Validate Addons Details for Different EmptyAddonName</span>
</div>
</td>
</tr>
<tr class="tag-test-status" status="pass">
<td><span class="badge log pass-bg">Pass</span></td>
<td>11:26:52 am</td>
<td>
<a href="#" class="linked" test-id='91' id='168'>Validate Addons Details for Different EmptyAddonOrderType</a>
<div class="">
<span class="badge badge-default">Menu Management.Validate Addons Details for Different EmptyAddonOrderType</span>
</div>
</td>
</tr>
<tr class="tag-test-status" status="pass">
<td><span class="badge log pass-bg">Pass</span></td>
<td>11:27:23 am</td>
<td>
<a href="#" class="linked" test-id='91' id='174'>Verify Search functionality on Addons</a>
<div class="">
<span class="badge badge-default">Menu Management.Verify Search functionality on Addons</span>
</div>
</td>
</tr>
</tbody>
</table>
</div>
</li>
<li class="test-item">
<div class="test-detail">
<span class="meta">
<span class='badge log pass-bg'>10</span>
</span>
<p class="name">@taxes</p>
<p class="duration text-sm">10 tests</p>
</div>
<div class="test-contents d-none">
<div class="info">
<h4>@taxes</h4>
<span status="pass" class='badge log pass-bg'>10 passed</span>
</div>
<table class='table table-sm mt-4'>
<thead>
<tr>
<th class="status-col">Status</th>
<th class="timestamp-col">Timestamp</th>
<th>TestName</th>
</tr>
</thead>
<tbody>
<tr class="tag-test-status" status="pass">
<td><span class="badge log pass-bg">Pass</span></td>
<td>11:32:22 am</td>
<td>
<a href="#" class="linked" test-id='237' id='239'>Validate Tax Details EmptyTaxName</a>
<div class="">
<span class="badge badge-default">Payments.Validate Tax Details EmptyTaxName</span>
</div>
</td>
</tr>
<tr class="tag-test-status" status="pass">
<td><span class="badge log pass-bg">Pass</span></td>
<td>11:32:52 am</td>
<td>
<a href="#" class="linked" test-id='237' id='245'>Validate Tax Details EmptyTaxAmount</a>
<div class="">
<span class="badge badge-default">Payments.Validate Tax Details EmptyTaxAmount</span>
</div>
</td>
</tr>
<tr class="tag-test-status" status="pass">
<td><span class="badge log pass-bg">Pass</span></td>
<td>11:33:21 am</td>
<td>
<a href="#" class="linked" test-id='237' id='251'>Validate Tax Details EmptyAllFields</a>
<div class="">
<span class="badge badge-default">Payments.Validate Tax Details EmptyAllFields</span>
</div>
</td>
</tr>
<tr class="tag-test-status" status="pass">
<td><span class="badge log pass-bg">Pass</span></td>
<td>11:42:47 am</td>
<td>
<a href="#" class="linked" test-id='365' id='367'>Create New Employee</a>
<div class="">
<span class="badge badge-default">Workforce Feature.Create New Employee</span>
</div>
</td>
</tr>
<tr class="tag-test-status" status="pass">
<td><span class="badge log pass-bg">Pass</span></td>
<td>11:43:16 am</td>
<td>
<a href="#" class="linked" test-id='365' id='373'>Create New Employee</a>
<div class="">
<span class="badge badge-default">Workforce Feature.Create New Employee</span>
</div>
</td>
</tr>
<tr class="tag-test-status" status="pass">
<td><span class="badge log pass-bg">Pass</span></td>
<td>11:43:48 am</td>
<td>
<a href="#" class="linked" test-id='365' id='379'>Create New Employee</a>
<div class="">
<span class="badge badge-default">Workforce Feature.Create New Employee</span>
</div>
</td>
</tr>
<tr class="tag-test-status" status="pass">
<td><span class="badge log pass-bg">Pass</span></td>
<td>11:44:21 am</td>
<td>
<a href="#" class="linked" test-id='365' id='385'>Create New Employee</a>
<div class="">
<span class="badge badge-default">Workforce Feature.Create New Employee</span>
</div>
</td>
</tr>
<tr class="tag-test-status" status="pass">
<td><span class="badge log pass-bg">Pass</span></td>
<td>11:44:54 am</td>
<td>
<a href="#" class="linked" test-id='365' id='391'>Create New Employee</a>
<div class="">
<span class="badge badge-default">Workforce Feature.Create New Employee</span>
</div>
</td>
</tr>
<tr class="tag-test-status" status="pass">
<td><span class="badge log pass-bg">Pass</span></td>
<td>11:45:27 am</td>
<td>
<a href="#" class="linked" test-id='365' id='397'>Create New Employee</a>
<div class="">
<span class="badge badge-default">Workforce Feature.Create New Employee</span>
</div>
</td>
</tr>
<tr class="tag-test-status" status="pass">
<td><span class="badge log pass-bg">Pass</span></td>
<td>11:46:00 am</td>
<td>
<a href="#" class="linked" test-id='365' id='403'>Create New Employee</a>
<div class="">
<span class="badge badge-default">Workforce Feature.Create New Employee</span>
</div>
</td>
</tr>
</tbody>
</table>
</div>
</li>
<li class="test-item">
<div class="test-detail">
<span class="meta">
<span class='badge log pass-bg'>2</span>
</span>
<p class="name">@sample</p>
<p class="duration text-sm">2 tests</p>
</div>
<div class="test-contents d-none">
<div class="info">
<h4>@sample</h4>
<span status="pass" class='badge log pass-bg'>2 passed</span>
</div>
<table class='table table-sm mt-4'>
<thead>
<tr>
<th class="status-col">Status</th>
<th class="timestamp-col">Timestamp</th>
<th>TestName</th>
</tr>
</thead>
<tbody>
<tr class="tag-test-status" status="pass">
<td><span class="badge log pass-bg">Pass</span></td>
<td>11:20:11 am</td>
<td>
<a href="#" class="linked" test-id='1' id='81'>Validate Login Functionality</a>
<div class="">
<span class="badge badge-default">Login scenarios.Validate Login Functionality</span>
</div>
</td>
</tr>
<tr class="tag-test-status" status="pass">
<td><span class="badge log pass-bg">Pass</span></td>
<td>11:20:21 am</td>
<td>
<a href="#" class="linked" test-id='1' id='86'>Validate Login Functionality</a>
<div class="">
<span class="badge badge-default">Login scenarios.Validate Login Functionality</span>
</div>
</td>
</tr>
</tbody>
</table>
</div>
</li>
<li class="test-item">
<div class="test-detail">
<span class="meta">
<span class='badge log pass-bg'>8</span>
</span>
<p class="name">@workforce</p>
<p class="duration text-sm">8 tests</p>
</div>
<div class="test-contents d-none">
<div class="info">
<h4>@workforce</h4>
<span status="pass" class='badge log pass-bg'>8 passed</span>
</div>
<table class='table table-sm mt-4'>
<thead>
<tr>
<th class="status-col">Status</th>
<th class="timestamp-col">Timestamp</th>
<th>TestName</th>
</tr>
</thead>
<tbody>
<tr class="tag-test-status" status="pass">
<td><span class="badge log pass-bg">Pass</span></td>
<td>11:42:47 am</td>
<td>
<a href="#" class="linked" test-id='365' id='367'>Create New Employee</a>
<div class="">
<span class="badge badge-default">Workforce Feature.Create New Employee</span>
</div>
</td>
</tr>
<tr class="tag-test-status" status="pass">
<td><span class="badge log pass-bg">Pass</span></td>
<td>11:43:16 am</td>
<td>
<a href="#" class="linked" test-id='365' id='373'>Create New Employee</a>
<div class="">
<span class="badge badge-default">Workforce Feature.Create New Employee</span>
</div>
</td>
</tr>
<tr class="tag-test-status" status="pass">
<td><span class="badge log pass-bg">Pass</span></td>
<td>11:43:48 am</td>
<td>
<a href="#" class="linked" test-id='365' id='379'>Create New Employee</a>
<div class="">
<span class="badge badge-default">Workforce Feature.Create New Employee</span>
</div>
</td>
</tr>
<tr class="tag-test-status" status="pass">
<td><span class="badge log pass-bg">Pass</span></td>
<td>11:44:21 am</td>
<td>
<a href="#" class="linked" test-id='365' id='385'>Create New Employee</a>
<div class="">
<span class="badge badge-default">Workforce Feature.Create New Employee</span>
</div>
</td>
</tr>
<tr class="tag-test-status" status="pass">
<td><span class="badge log pass-bg">Pass</span></td>
<td>11:44:54 am</td>
<td>
<a href="#" class="linked" test-id='365' id='391'>Create New Employee</a>
<div class="">
<span class="badge badge-default">Workforce Feature.Create New Employee</span>
</div>
</td>
</tr>
<tr class="tag-test-status" status="pass">
<td><span class="badge log pass-bg">Pass</span></td>
<td>11:45:27 am</td>
<td>
<a href="#" class="linked" test-id='365' id='397'>Create New Employee</a>
<div class="">
<span class="badge badge-default">Workforce Feature.Create New Employee</span>
</div>
</td>
</tr>
<tr class="tag-test-status" status="pass">
<td><span class="badge log pass-bg">Pass</span></td>
<td>11:46:00 am</td>
<td>
<a href="#" class="linked" test-id='365' id='403'>Create New Employee</a>
<div class="">
<span class="badge badge-default">Workforce Feature.Create New Employee</span>
</div>
</td>
</tr>
<tr class="tag-test-status" status="pass">
<td><span class="badge log pass-bg">Pass</span></td>
<td>11:46:34 am</td>
<td>
<a href="#" class="linked" test-id='365' id='409'>Verify Search functionality on Workforce</a>
<div class="">
<span class="badge badge-default">Workforce Feature.Verify Search functionality on Workforce</span>
</div>
</td>
</tr>
</tbody>
</table>
</div>
</li>
<li class="test-item">
<div class="test-detail">
<span class="meta">
<span class='badge log badge-danger'>1</span>
</span>
<p class="name">@scheduleInfo</p>
<p class="duration text-sm">1 tests</p>
</div>
<div class="test-contents d-none">
<div class="info">
<h4>@scheduleInfo</h4>
<span status="fail" class='badge log badge-danger'>1 failed</span>
</div>
<table class='table table-sm mt-4'>
<thead>
<tr>
<th class="status-col">Status</th>
<th class="timestamp-col">Timestamp</th>
<th>TestName</th>
</tr>
</thead>
<tbody>
<tr class="tag-test-status" status="fail">
<td><span class="badge log fail-bg">Fail</span></td>
<td>11:40:10 am</td>
<td>
<a href="#" class="linked" test-id='313' id='334'>Validate Schedule Info Details for Different EmptyScheduleInfoName</a>
<div class="">
<span class="badge badge-default">Restaurant.Validate Schedule Info Details for Different EmptyScheduleInfoName</span>
</div>
</td>
</tr>
</tbody>
</table>
</div>
</li>
</ul>
</div>
</div>
<div class="test-content scrollable">
<div class="test-content-detail">
<div class="detail-body"></div>
</div>
</div>
</div><div class="test-wrapper row view exception-view attributes-view">
<div class="test-list">
<div class="test-list-tools">
<ul class="tools pull-left"><li><a href=""><span class="font-size-14">Exception</span></a></li></ul>
<ul class="tools text-right"><li><a href="#"><span class="badge badge-primary">2</span></a></li></ul>
</div>
<div class="test-list-wrapper scrollable">
<ul class="test-list-item">
<li class="test-item">
<div class="test-detail">
<span class="meta">
<span class='badge log badge-danger'>2</span>
</span>
<p class="name">org.openqa.selenium.NoSuchElementException</p>
<p class="duration text-sm">2 tests</p>
</div>
<div class="test-contents d-none">
<div class="info">
<h4>org.openqa.selenium.NoSuchElementException</h4>
<span status="fail" class='badge log badge-danger'>2 failed</span>
</div>
<table class='table table-sm mt-4'>
<thead>
<tr>
<th class="status-col">Status</th>
<th class="timestamp-col">Timestamp</th>
<th>TestName</th>
</tr>
</thead>
<tbody>
<tr class="tag-test-status" status="fail">
<td><span class="badge log fail-bg">Fail</span></td>
<td>11:36:10 am</td>
<td>
<a href="#" class="linked" test-id='237' id='286'>Then User Able to Search Item on Discount</a>
<div class="">
<span class="badge badge-default">Payments.Verify Search functionality on Discounts.Then User Able to Search Item on Discount</span>
</div>
</td>
</tr>
<tr class="tag-test-status" status="fail">
<td><span class="badge log fail-bg">Fail</span></td>
<td>11:38:18 am</td>
<td>
<a href="#" class="linked" test-id='237' id='311'>Then User Able to Search Item on Service Charge</a>
<div class="">
<span class="badge badge-default">Payments.Verify Search functionality on Service Charge.Then User Able to Search Item on Service Charge</span>
</div>
</td>
</tr>
</tbody>
</table>
</div>
</li>
<li class="test-item">
<div class="test-detail">
<span class="meta">
<span class='badge log badge-danger'>4</span>
</span>
<p class="name">org.openqa.selenium.TimeoutException</p>
<p class="duration text-sm">4 tests</p>
</div>
<div class="test-contents d-none">
<div class="info">
<h4>org.openqa.selenium.TimeoutException</h4>
<span status="fail" class='badge log badge-danger'>4 failed</span>
</div>
<table class='table table-sm mt-4'>
<thead>
<tr>
<th class="status-col">Status</th>
<th class="timestamp-col">Timestamp</th>
<th>TestName</th>
</tr>
</thead>
<tbody>
<tr class="tag-test-status" status="fail">
<td><span class="badge log fail-bg">Fail</span></td>
<td>11:21:11 am</td>
<td>
<a href="#" class="linked" test-id='91' id='97'>Then User gets errorMsg for "ValidMenuDetails" Menu Details</a>
<div class="">
<span class="badge badge-default">Menu Management.Validate Menu Details for Different "ValidMenuDetails".Then User gets errorMsg for "ValidMenuDetails" Menu Details</span>
</div>
</td>
</tr>
<tr class="tag-test-status" status="fail">
<td><span class="badge log fail-bg">Fail</span></td>
<td>11:39:52 am</td>
<td>
<a href="#" class="linked" test-id='313' id='330'>When User Search GuestBook on Search Bar</a>
<div class="">
<span class="badge badge-default">Restaurant.Verify Search functionality on Guestbook.When User Search GuestBook on Search Bar</span>
</div>
</td>
</tr>
<tr class="tag-test-status" status="fail">
<td><span class="badge log fail-bg">Fail</span></td>
<td>11:40:30 am</td>
<td>
<a href="#" class="linked" test-id='313' id='337'>When User adds "EmptyScheduleInfoName" Schedule Info details</a>
<div class="">
<span class="badge badge-default">Restaurant.Validate Schedule Info Details for Different EmptyScheduleInfoName.When User adds "EmptyScheduleInfoName" Schedule Info details</span>
</div>
</td>
</tr>
<tr class="tag-test-status" status="fail">
<td><span class="badge log fail-bg">Fail</span></td>
<td>11:41:08 am</td>
<td>
<a href="#" class="linked" test-id='313' id='343'>When User Search Schedule Info on Search Bar</a>
<div class="">
<span class="badge badge-default">Restaurant.Verify Search functionality on Schedule Info.When User Search Schedule Info on Search Bar</span>
</div>
</td>
</tr>
</tbody>
</table>
</div>
</li>
</ul>
</div>
</div>
<div class="test-content scrollable">
<div class="test-content-detail">
<div class="detail-body"></div>
</div>
</div>
</div>        </div>
      </div>
    </div>
  </div>
<script src="https://cdn.jsdelivr.net/gh/extent-framework/extent-github-cdn@d6562a79075e061305ccfdb82f01e5e195e2d307/spark/js/spark-script.js"></script>
<script type="text/javascript"></script></body>
</html>